   -0.0287987393
   16.7135233750
   34.3349430804
   43.9619181930
   22.8957698861
   50.3250089564
   24.7499288759
   18.0964994214
   29.7187818547
   27.9800803123
    8.9380550246
   32.7103762593
   33.8701100987
   38.5057583485
   10.7492565327
   44.6377414084
   28.5426727360
   58.3586422878
   -2.9686590216
   68.6216688829
   47.1482953007
   33.0755925859
   35.4502488874
   50.5241640328
   31.8740667846
   56.0220043695
   51.8071769108
   57.9258708107
   45.1319049804
   60.7575452087
   54.9690056179
   43.9619879883
   46.2235614123
   68.6309295318
   44.6358910542
   39.3114696393
   54.5635551311
   53.6565060034
   48.6816946893
   16.7142814539
   36.9243253147
   14.7147579845
   24.7512873996
   45.6967127720
   70.0017607521
   41.7125321909
   16.0899778748
   10.6685833878
   24.6997399724
   16.3360200147
   38.2565480231
   11.1431483679
   22.7263373881
   25.1923614075
   47.3986830958
   48.3201022610
   19.2599001428
   34.9370169514
   12.9100782161
   21.0106441994
   23.4344081821
   26.3082844009
   30.6970581899
   14.4258183993
   16.0850183361
   18.6114601175
    4.6656409756
   34.7185370137
   44.0615960419
   42.5432262539
   -0.1227923681
  -20.8388773489
  -33.5178147077
    1.7921776272
  -11.4951859821
  -49.1374576987
  -26.1876054137
   32.5746728600
   44.0378165855
   41.2571804009
   46.6581056584
   44.6446235855
   38.0328330084
   10.5390688753
   12.4270452841
   70.7745749872
   45.4700950793
   74.3177676861
   86.0264534083
   32.7045508567
   12.4089888290
   13.3716444397
   94.8852407689
  115.2548592914
   89.0872852850
  135.7782804170
   98.5516206863
   26.3072363839
  109.5410496364
   40.5546503286
   33.8410765231
  123.5137636069
   94.0864885081
  256.1704702644
  178.8514071059
  119.6522075157
   14.6953689864
   14.4305034941
   22.3432378297
  109.5410125140
  -16.2319738712
  178.8513196760
   38.6131165414
   26.2581620947
   33.8423293436
   90.3340899416
   -8.9575130764
   37.9748430006
   39.3105161836
   14.7142658498
   27.3536860550
   51.8069331022
   34.9769047179
   53.6548582817
   55.7256100615
   54.5372135506
   70.8548792932
   37.2099862682
   35.4509012314
   13.6278368423
   45.1327946170
   16.5517384256
   41.0085782525
   33.0759350069
   11.0653089457
   31.8746883831
   14.2543560463
    5.1973752220
   37.8380762645
    3.1619111540
   16.3902031456
   11.1482577661
   45.0937195086
   39.4543365891
  108.3227915612
   57.6065064891
   48.6081421656
   71.3474402791
   99.1138008164
   72.0546734149
   26.6309889674
   13.1835143351
   -3.2869788796
  -21.6497752009
   36.9230042141
   54.9691128207
   46.2251827092
   68.6300673546
   48.6800691505
   54.5623946281
   29.7183215952
   38.5037470334
   10.7490274755
   34.3338657518
   22.8971550710
   50.3257475959
   18.0959051222
   32.7060893629
   27.9755253992
    8.9363412727
   58.3597023555
   60.7573627723
   57.9262768853
   28.5434333131
   47.1507435788
   -2.9673428249
   68.6218963470
   56.0225338551
   50.5248817863
   41.7148764795
   45.6998479472
   70.0020866024
   38.0322142977
   27.3535775999
   10.5391393094
   34.9760594887
   55.7260706209
   54.5379562442
   70.7735546699
   70.8534345808
   37.2068002665
   74.3161369769
   13.6280503508
   16.5508090668
   41.0074795203
   11.0657108307
   14.2542626137
    5.1968373121
   37.8385293466
    3.1623676305
   16.3915445289
   11.1499200302
   45.0924421750
   94.8853533658
   39.4504382923
  108.3203885001
   89.0877971022
   57.6064759046
   48.6082647605
   71.3466318881
   99.1125843312
   26.3081135927
   72.0549600887
   26.6319253096
   40.5563103035
   13.1834219553
   -3.2856960985
  -21.6513267357
   12.4835194709
   21.9393177204
   24.6876529128
   -3.5017106121
  -18.5694871330
  -12.4736782902
    1.6488984098
    4.8558684667
   -0.6021018036
    3.9024900413
   30.7913053848
   41.2876192200
   20.5911543717
   57.6067240207
   26.6320628251
   29.4181184104
   37.8389185800
   47.0746686152
   71.3466433526
   48.5156486771
   14.0450968453
   12.4836706983
    1.6462576392
    7.9072927668
    3.9026211817
   11.0660296092
   31.0195109393
   16.3920835469
   15.7809397292
   33.0757038301
   11.6089641321
   14.2542728452
   24.6878249253
    2.5706482574
   24.7080931675
    3.2084868298
   94.8864000634
  123.5135557712
   40.5561931002
  115.2518898915
  119.6400322897
  256.1675916569
   70.7743017458
  135.7810361326
   98.5556189808
   89.0902341200
   14.6914336048
   38.6116021215
  -16.2440616673
   19.2597948319
   14.4251732504
   26.2579781963
   16.3360408282
   22.3432053035
   12.9100390952
   14.4302396561
   45.4701245630
   38.0321662093
   86.0262369124
   32.7041518856
   74.3159096455
   16.0901116796
   13.3716205512
   11.1430828852
   12.4089795986
   16.7141757067
   12.4269663433
   10.6688377924
   10.5391091900
   -8.9675409632
   37.9751571782
   90.3346012523
   30.6965755707
   29.4174057732
   16.0842928500
   30.7907310882
   48.5158834823
   47.0747296835
    4.6648845522
   41.2865970568
   20.5898106955
   44.0609537347
   14.0444772589
   15.7796596369
   31.0185307484
   12.4833574496
   24.6875270744
   11.6083484695
    1.6487692902
    7.9067358542
    3.9023497897
    1.6461192542
   -3.5018080551
    1.7923819590
  -18.5695881698
  -12.4729963581
  -49.1372975821
   12.4833085239
   -0.6021405325
    3.9023384318
    4.8559988304
   33.0757982141
   21.9395897660
   24.6873763884
   44.0380240282
   24.7076528857
    3.2081651742
    2.5697127255
    1.7924094326
   32.5751089089
   44.0382217446
   -0.1229141010
  -20.8385536114
  -33.5164781942
    4.6648919076
  -26.1875904859
  -11.4962251712
  -49.1372547006
   38.2562750542
   47.3983528216
   48.3187169189
   16.0901117163
   10.6690675051
   24.7003242604
   16.3362082301
   25.1924225720
   11.1430825724
   22.7265112787
   34.9369620883
   30.6962358849
   42.5421470710
   34.7185947405
   44.0605671532
   19.2598750605
   23.4348897300
   12.9105197111
   21.0110535220
   26.3064227707
   18.6110594396
   14.4246466108
   16.0836312653
   44.6439610623
   41.2576856718
   46.6574017943
   12.4269283162
   45.4697493407
   86.0260666411
   32.7040690029
   12.4088450720
   13.3715937005
  115.2500736449
  135.7793612938
   98.5540887406
  109.5427570510
   33.8421019594
  123.5133029066
   94.0858298819
  256.1694763543
  178.8570040759
  119.6372743222
   14.6886083830
   14.4306523879
   22.3439250486
  109.5323731492
  -16.2524362087
  178.8262136194
   38.6085169212
   26.2580460307
   33.8400500785
   90.3335853187
   -8.9733441602
   37.9743363090
   11.6087506510
   14.0448027516
    1.6461758515
    7.9070370332
   15.7805022478
   31.0190361215
   -3.5017972869
    4.8558944030
   -0.6020524510
    1.7920146385
   44.0380751523
   21.9394267813
    4.6654703749
  -12.4737624265
  -49.1376387695
  -18.5696213640
   30.7911489819
   48.5157787505
   47.0749180730
   30.6970445726
   20.5907987170
   44.0615358744
   41.2872451784
   29.4178357369
   16.0847666971
    3.2083351002
    2.5704230168
   24.7077301557
   72.0554102990
   45.0931969184
   39.4513766110
  108.3219709575
   99.1134406217
   48.6090235162
   34.9761268028
   70.8532375523
   37.2064342050
   39.3116088217
   14.7147746128
   27.3536226391
   51.8070418827
   54.5380173001
   53.6565700877
   55.7265465747
   13.6285689365
   11.1506014482
    3.1628762532
   35.4503749383
   41.0080570338
   45.1316920438
   16.5511764579
    5.1970411486
   31.8740480502
  -21.6514037185
   13.1839289034
   -3.2852264775
   18.6113672043
   34.9368609719
   42.5421405433
   34.7188368054
   21.0110059419
   23.4347999435
   -0.1232908871
  -26.1878817931
  -11.4967119082
   28.5438843696
   50.5247869738
   32.5748536931
   18.0960293172
  -33.5163842217
   -2.9665667065
  -20.8389370348
   38.2559815730
   22.7264628383
   25.1925176478
   34.3339448988
   48.3179906409
   27.9755317247
   47.3982584122
   24.7002858104
   22.8969221257
   46.6569461666
   44.6432234686
   41.2574364304
   21.9393740895
   -3.5018356031
  -18.5696662593
  -12.4734029609
    4.8558094201
   -0.6021498155
   30.7908718589
   41.2864816489
   20.5897833523
   57.6062941352
   26.6302472421
   29.4170810619
   37.8379666885
   47.0749749776
   71.3475378432
   48.5160879607
   14.0444790756
    1.6460986133
    7.9065503530
   11.0652537168
   31.0185368441
   16.3901794971
   15.7794813669
   11.6079973741
   14.2540626384
    2.5700459670
   24.7078572466
    3.2083500298
   94.8845351718
  123.5128597975
   40.5535386570
  115.2553199485
  119.6529217785
  256.1485524480
   70.7739821970
  135.7791726247
   98.5524551821
   89.0864822174
   14.7037942680
   38.6166928394
  -16.2059982958
   19.2598371141
   14.4254636941
   26.2579641706
   16.3353261506
   22.3431224397
   12.9097850652
   14.4297377494
   45.4698306924
   38.0331261147
   86.0265371264
   32.7048932483
   74.3179885614
   16.0897432862
   13.3707333866
   11.1423224429
   12.4086962905
   16.7143794297
   12.4273921881
   10.6691070185
   10.5397368649
   -8.9350477846
   37.9742586602
   90.3338654422
   18.6117621065
   34.9370073279
   42.5432511770
   34.7191218423
   21.0109252085
   23.4339182594
   -0.1231901948
  -26.1882688102
  -11.4955033859
   28.5427112274
   50.5242981774
   32.5742559038
   18.0968993865
  -33.5189477579
   -2.9685138441
  -20.8392836560
   38.2563803441
   22.7254599998
   25.1914265496
   34.3354094836
   48.3208688848
   27.9818173315
   47.3988004731
   24.6995152277
   22.8966913589
   46.6579818818
   44.6448805594
   41.2568455980
   56.0223916226
   58.3581167615
   60.7564985267
   57.9259003068
   68.6227832627
   47.1481644840
   54.9684413145
   48.6820345522
   54.5628870297
   43.9614033773
   24.7512348127
   36.9246337383
   33.8697040457
   68.6313811281
   44.6335592324
   46.2230038976
   29.7178832662
    8.9383431189
   32.7107366187
   43.9617761571
   10.7478446850
   44.6370907220
   38.5042508941
   50.3248958914
   24.7511614759
   70.0002854936
   41.7110557856
   45.6950684950
   50.3260171613
   29.7185362139
    8.9366640171
   32.7066541584
   38.5015941912
   10.7490175174
   58.3598318299
   68.6232503567
   47.1514932616
   35.4511082181
   31.8747410419
   56.0233661222
   51.8064584788
   57.9265794241
   45.1323742528
   60.7563081671
   54.9695231372
   46.2277082197
   68.6299161013
   39.3106037754
   54.5613028771
   53.6544718735
   48.6794383880
   36.9233418579
   14.7152004301
   45.6999369659
   70.0014228041
   41.7173504334
    5.1975842792
   13.6277754025
   11.1478253781
    3.1622171451
   16.5520041883
   41.0085953958
   45.0925589000
   99.1136601859
   48.6076326075
   72.0542635005
  108.3208942337
   39.4515028475
   34.9765321321
   55.7256983066
   54.5371725080
   37.2089272472
   70.8547482310
   27.3539975947
   -3.2874863335
  -21.6508501413
   13.1834966411
  -4.2172236969594767E-002 -0.46106362436658355       0.88636439273863565     
 -0.32477435173373059      -0.56295815415211259       0.75999982705891533     
 -0.29898814804589557      -0.48470126007301884       0.82199195605049169     
 -0.44906100164453205      -0.58883315103705380       0.67202658953480698     
 -0.37901763914651504      -0.52878447379507243       0.75942913394804035     
 -0.18867296326146316      -0.70486797149710223       0.68378626462638081     
  0.27714726812953255       -2.1268619079424511E-002  0.96059202454048687     
  0.11142802399366245       0.34114860711134559       0.93338171362784728     
 -0.19204720158689961      -0.53321100655215548       0.82389556064726921     
  0.23341676711525086       0.16758209963422771       0.95782715179287370     
 -0.26554631253326816      -0.43702839531861565       0.85935518709391612     
  -2.5428970674623373E-007  0.52571892002633946       0.85065834335899781     
 -0.33215593517273945      -0.38457677275016905       0.86126252710226958     
   6.3553180064196912E-002  0.45499854345133145       0.88822143565717593     
 -0.34944124760734258      -0.34184973837958449       0.87237008823115525     
  0.66782170480740344       0.50710554624604043       0.54484689184635937     
  0.41390242506849473       0.79836084066282409       0.43738398532475775     
  0.60716240133670163       0.47767507862294001       0.63496483183371522     
  0.48401229271525947       0.71041490287517894       0.51092344463076655     
  0.51152021239843304       0.69505476449268777       0.50521871171194388     
  0.75319111882992174       0.50795916399411323       0.41794811427990941     
  0.51977903950331916       0.65909888911189629       0.54352406061228875     
  0.73677593386018170       0.54790591167825575       0.39618219954015660     
  0.65698327947855795       0.60194668992088329       0.45390874961702476     
  0.58616589838237543       0.67845338537656552       0.44284370092015563     
  0.10586847536405258       0.82406892974208179       0.55650899809242160     
  0.41010393371216636       0.78487521115049086       0.46452735815587815     
  0.26514079258903311       0.75714389043854780       0.59702050992980105     
  0.30519550425579395       0.85026659757316236       0.42883845120675651     
  0.27548460247063683       0.94475741814502823       0.17759970343875958     
  0.29898394159737862       0.95197896314232489       -6.5914007626296262E-002
  0.38835293907005980       0.91124763029250289       0.13714864564385734     
  0.35531761265358358       0.93122643216570278        8.1035339044726734E-002
  0.34943960996481865       0.93315033925874846        8.4394332326987759E-002
 -0.17366329692901686       0.95069651777589992       0.25693810614333207     
   7.7614670991809548E-002  0.96680974785141760       0.24342324109729427     
 -0.21166846516690149       0.88266634653100540       0.41963863210564312     
  0.11449172530221916       0.99184519956539652        5.5988792953587954E-002
   4.2185935304938763E-002  0.99898157696114942       -1.6004866593089150E-002
  0.15252324156618388       0.97662103113160237      -0.15148604666301529     
 -0.15898936839423530       0.98558746828425614        5.7790337415804888E-002
  0.18867921411367211       0.92682673740002341      -0.32464188423842522     
  0.44495592865810824       0.81908448871133011       0.36209780709705996     
  0.30753736534137005       0.89271903993135449       0.32935313064085103     
  0.37501348794755340       0.90404195075669558       0.20511712539288043     
   4.2124555333357953E-002 -0.40818082182665499       0.91192869158223289     
  -2.4248981793904275E-002 -0.40163073602572413       0.91548060534420606     
 -0.39690124416639289      -0.61515334776068376       0.68121638347737412     
  0.18696528977007351      -0.42233069146176200       0.88695026211768069     
 -0.21940280320640307      -0.66417109412144293       0.71466017636265255     
  0.10919777198056133      -0.42697467744226592       0.89764607246818284     
 -0.27437549684384072      -0.66646306565173463       0.69321358097904240     
 -0.34408352165675810      -0.63056554071690984       0.69569650637664870     
 -0.24853158562440336      -0.64440207430746821       0.72317219081989881     
 -0.15527262233321681      -0.62285410198788582       0.76677453034815302     
  0.37362048739562892      -0.38007012500481313       0.84614090521442020     
  -6.9379800846893047E-002 -0.77509388148829650       0.62802541199688100     
  0.26144575258746333      -0.40976686758253955       0.87392061005881327     
  -5.9392427762920190E-002 -0.75399145961814240       0.65419371622427669     
 -0.20100134830812541      -0.67536807868204352       0.70956072064034148     
  0.46909776087191529      -0.21164228248600478       0.85741170682996248     
  0.11890554428939841      -0.77674817460392220       0.61848504006703087     
  0.46159214289655565      -0.28881285022419201       0.83876089033856627     
  0.14898430790299605      -0.63019241893909506       0.76201128017264774     
   8.1569441188474812E-002 -0.72296746816418089       0.68604990069270755     
  0.43908803635855653      -0.74020488478213320       0.50921353563260274     
   5.4802357069269392E-002 -0.85973674505831144       0.50778876598069056     
   4.4866739564330717E-002 -0.88627230519174394       0.46098630861553680     
   7.6451804755539327E-003 -0.83300121429005758       0.55321833683165800     
  0.39343949653862281      -0.43370771071798658       0.81061888963137196     
  0.33793775442126411      -0.25952665420416809       0.90467894299265283     
  0.71275888915220365       0.20959117883121992       0.66936261001840858     
  0.87615679713874939        7.8385721014120849E-002  0.47561007723624266     
  0.41661080674467338      -0.64746080407610695       0.63814570662872405     
  0.78186586807587211      -0.38050360678953737       0.49386513296457346     
  0.77654859498510587       -8.8334377475526443E-002  0.62383436694580185     
  0.77594473398767416       0.33783330805227929       0.53270857489555334     
  0.80173886575666842       0.45492778775513243       0.38762804215308272     
 -0.15504702922821392      -0.72720240514211743       0.66868309436011997     
  -5.9686502106933360E-002 -0.76227080815966641       0.64450037741947686     
 -0.13432445152357661      -0.67753475717265366       0.72312073303555846     
  0.50877460464102287        8.2951400705132031E-002  0.85689408143213797     
  0.32708166824426482       -4.9190124424114870E-002  0.94371495376394710     
  0.41113463293745622       -7.5353263511580837E-002  0.90845484162810053     
  0.16053766874502903       -5.4172832114815939E-002  0.98554196317283793     
  0.61491427247337682        9.5054800209830828E-002  0.78284418785963206     
  0.66108292409498814       0.27054480988953200       0.69983917674838492     
  0.71004146369897669       0.23568940329678906       0.66354474227577009     
  0.57091235736148005       0.10450333908556639       0.81433293703001153     
  0.47641856058257553       -7.8251364149932098E-002  0.87572945544905678     
  0.53038811514513673       -7.2719245204738964E-002  0.84463030888646329     
 -0.64622757691587551      -0.76127440633078447        5.3396601943829898E-002
  0.14266061737710628      -0.48137568945219811       0.86482679991660982     
 -0.48704335497758888      -0.53713367964083014       0.68867712359833499     
 -0.57472235333803967      -0.74245737244766985       0.34416749798853380     
  0.16155533374455955      -0.20579782259996754       0.96516689248637011     
 -0.46909566819198251      -0.86154351138312379      -0.19414435885998513     
 -0.66065046567345620      -0.67253184238551500      -0.33352943375808719     
 -0.52562778181665137      -0.69322626346462846      -0.49310524497857078     
 -0.71978679243142019      -0.56385379694050308      -0.40493934004621684     
 -0.64548386106887090      -0.71324615977361994      -0.27318583540843844     
   4.6185897358925574E-006 -0.85065319071566259       0.52572725733400150     
 -0.64198513967885118      -0.76414444868442888       -6.2756210659154210E-002
 -0.67481126183200102      -0.66986037141472476      -0.30970444574275902     
   5.1322311641735917E-002 -0.68080394098344155       0.73066545988513987     
  0.64042135712887183       0.11052040915545891       0.76003008130818350     
  0.59056845419202242       -4.5551975987779193E-002  0.80570088643171667     
  0.61017380707522906        1.7240087192125539E-002  0.79207998620905007     
  0.66064437288524669       -2.4517233429026857E-003  0.75069501239032410     
  0.67751632386582639       0.19060885086329926       0.71038010731432311     
  0.67481309212608553       -2.2563772385183440E-002  0.73764365846320457     
  0.57343055023035716       0.16804661358356326       0.80183398514007032     
  0.65688546079843602        8.7990647781680656E-002  0.74883852551440400     
  0.71978221276743048       0.11002172025527372       0.68542598962666401     
  0.71376529249411480       0.24881497708946401       0.65469856759180423     
  0.73484826070537279       0.20449910334189317       0.64666695483119452     
  0.62642932572831334       0.12235970141847882       0.76981452528277972     
  0.17366359337646498      -0.19534445146887458       0.96523650035413511     
  0.15900604073594124      -0.38907071544551541       0.90738142883364925     
  0.41905204871589541        4.7787961697026315E-002  0.90670375050721752     
 -0.10585927825870368       0.12921706541921699       0.98594967580043980     
  0.11494646352139709       0.22148214028607302       0.96836613533220195     
  0.21167023993473336       -1.9401696346943845E-002  0.97714854740967272     
   3.8814582435226355E-002  0.38374963091877073       0.92262107550179362     
  0.43869646749416602       0.22374471656179024       0.87033540156587008     
  0.60599638086340735       0.19010172213597784       0.77241810026784563     
  0.15421792687821073       0.20940828792984809       0.96559049289834908     
 -0.51977228448061963       0.19138975122446308       0.83259037672317349     
 -0.55025559148418468       0.12439899571815917       0.82567770583000699     
 -0.26512154175904484       0.19537793181869159       0.94421291658902751     
 -0.46418024535018398       0.37012293576223015       0.80470225067995871     
 -0.18441375343507213       0.37550519436245211       0.90828817924203187     
 -0.75319213849865496       0.14666185058631209       0.64124246902901028     
 -0.79534723863486201        4.6597337386664675E-002  0.60436037109027352     
 -0.65698484067299712       0.13679630443155091       0.74138902758251501     
 -0.73514752613541035       0.19422678317372158       0.64948754531166664     
 -0.66772258086855507       0.27250830843115881       0.69273788465351338     
 -0.73432561391344053      -0.50836844688143212       0.44980819797554755     
 -0.78306653886986433        5.8166481120296314E-002  0.61921196385119492     
 -0.80154869918091298      -0.21282315892778744       0.55877185493310610     
 -0.80646468047668818      -0.21377313613735086       0.55128555704791948     
 -0.65726200794122736      -0.44639528291791836       0.60723793055580588     
 -0.43902442951870102      -0.25956097048659688       0.86016606122645589     
 -0.67841827861976134      -0.65418211496723344       0.33435669529949186     
 -0.44552133051627035      -0.89130598889201895        8.4168748477283922E-002
 -0.75150880515348617      -0.60113852199509510       0.27178482877146060     
 -0.47953789801614699      -0.85010605545560380       0.21763064775892529     
 -0.63938984492472817      -0.76531425961889499       -7.3991284832166632E-002
 -0.57382849421034043      -0.76211639756202398      -0.29983237950457647     
 -0.32580229850194320      -0.93986130446798799      -0.10253580181859766     
 -0.25381060627606339       0.20204042826083826       0.94591746018876000     
 -0.59893348694074944       -9.7829580429457191E-002  0.79480063626924180     
 -0.32826547388395588        3.3942591653026058E-002  0.94397546532079846     
 -0.15252341505233066      -0.57225789773677482       0.80576516823368671     
 -0.27548812257112704      -0.26367162646144054       0.92443689223300385     
 -0.38835538579688672      -0.28487541738638283       0.87637097789205998     
 -0.35532266765710663      -0.34398772070104155       0.86914800227345612     
 -0.11449094879447530      -0.39349325005652452       0.91217042530663883     
  -7.7615033090211699E-002 -0.21465348960373742       0.97360145133383169     
 -0.11142768705037981       0.68227520982035816       0.72255408698808765     
  0.33215964893639671       0.94232279663200291        4.1203331978016913E-002
  -6.3558526464336990E-002  0.59095697526052771       0.80419535381933804     
  0.32477187053984546       0.93152821160451060      -0.16364114119301434     
  0.44906086910386883       0.86441267975560365      -0.22613061472833357     
  0.37902278746442247       0.91573415705513628      -0.13331421599071247     
 -0.27715602420171193       0.86868631176907396       0.41057110223899490     
  0.26554729517511949       0.96407553208431884       -6.5576262104224767E-003
  0.19203314539186012       0.97537737686720660      -0.10845387852242103     
 -0.23342336048496701       0.78175698097565816       0.57824696927500607     
 -0.41389644221656730        3.4162007661392796E-002  0.90968274269275362     
 -0.30518336751144398        3.3041996245451294E-003  0.95228787373315638     
 -0.41009451089036586        6.4477045041285569E-002  0.90976106907271848     
 -0.66782002239854787       0.26053768500826280       0.69723491907257362     
 -0.51151790855975832       0.14103733205307728       0.84761895931485687     
 -0.60715810004562287       0.35430871618097770       0.71121331201488114     
 -0.48400208477442891       0.13927221425319525       0.86391274575099231     
 -0.58616140663122485        9.2672644693222450E-002  0.80487675224326594     
 -0.73677888113595313       0.10931422740776792       0.66723854804582128     
 -0.37501838777898938      -0.22084442260524156       0.90032713489698013     
 -0.44495872221938215       -4.2437873728486133E-002  0.89454500300113449     
 -0.30753679987621918      -0.10466727109533043       0.94576206261583096     
 -0.50877014877159754       0.72933659677127316       0.45740689143149560     
 -0.41905504869209220       0.78961559455467256       0.44821878474885368     
 -0.32707155461237153       0.86609574243779852       0.37802428902725971     
 -0.11494054988196728       0.76709484132760186       0.63115305148704814     
  -3.8809971686111042E-002  0.65360973578320769       0.75583602678565720     
 -0.43870013973237720       0.67839913327090506       0.58933590029462624     
 -0.16052888683351407       0.90572163606257239       0.39229936841668489     
 -0.60599728246066786       0.60586351243513292       0.51545775573760555     
 -0.15420913749650658       0.77000825498890924       0.61911778294725006     
 -0.66107774260581187       0.50496695107873935       0.55496359930129302     
  0.55026107679902136       0.68287648553457203       0.48051269792163964     
  0.46419324296889758       0.55422115101987324       0.69091500848094545     
  0.18443100734136403       0.64446749074430587       0.74205583139329079     
  0.79534954199179286       0.51971669156197831       0.31195138493893054     
  0.73514744646287644       0.49406675398832983       0.46417267752696018     
  0.66772890665458728       0.49773142207684806       0.55353549000513780     
  0.73432517732730096       0.62966713206503577      -0.25354651790198346     
  0.78306730963459825       0.52782930539493489       0.32894043981841559     
  0.80154716600382403       0.59496198417556390        5.9517880146342197E-002
  0.80646819129997283       0.58868330802129787        5.5326478999227664E-002
  0.65725592418191836       0.74276897596099412      -0.12770629772109310     
  0.64622927708022815       0.38821429923465067      -0.65702159729655363     
  0.43902575534144389       0.88543393398433556       0.15252257110309261     
  0.67842454353477999       0.59161500419810475      -0.43558216852541370     
  0.48704367626239131       0.85618710433283784      -0.17242998517359229     
  0.44552377911951901       0.47388852602682136      -0.75956449834045603     
  0.75151013442946912       0.51191713838777686      -0.41614103531695956     
  0.47954273084460664       0.57483326672566604      -0.66302751433073770     
  0.63938550467833954       0.27607238145821217      -0.71761425334452245     
  0.46909658248945679       0.21163593214865695      -0.85741391901477859     
  0.57383977719315227        7.2644540558995579E-002 -0.81573934613814336     
  0.32582054207919597       0.32860620648142386      -0.88648685011178063     
  0.52563577444907439      -0.13102451448262850      -0.84055910513414411     
  0.25382088761972588       0.75570558919766406       0.60372511912570448     
  0.59893328109393018       0.75464337552971350       0.26794085274026241     
  0.32827018254466650       0.82914380189584957       0.45250330720314913     
  0.92334267692510041       0.29228080474887980       0.24901853775198549     
  0.91094339930903601       0.27070994325374848       0.31128483721320310     
  0.81888053123072368       0.43061287769052614       0.37948283905648739     
  0.91251035528068081      -0.32790222166857852       0.24455057663055330     
  0.77442451965212422      -0.53332700253948917       0.34033655654927869     
  0.92325118232263359      -0.15799980598866431       0.35020467679259171     
  0.99999999999291600       -3.7635524998052708E-006   6.1755703094786105E-008
  0.97412163477960545        7.4694437766665400E-002  0.21332552969823032     
  0.98903794205131301      -0.10499469362324659       0.10382708458713537     
  0.97656410931863991       0.17152932026564838       0.13000089491959718     
  0.49761473966892505      -0.75890737887422699       0.42004661783482833     
  0.14940357101988949      -0.81216891897637200       0.56396827926334303     
  0.42227835797519436      -0.83631252205299644       0.34966034067810703     
  0.44552713309650555      -0.47388359869048785       0.75956560517638050     
  0.32581940859894842      -0.32860745754474452       0.88648680296223836     
  0.22488332716329254      -0.69116826771455464       0.68681432342986948     
  0.73432445370413002      -0.62966635895691292       0.25355053360242630     
  0.30652024881464407      -0.74677355814399460       0.59023265745260700     
  0.47954229836125961      -0.57482787459129869       0.66303250197501695     
  0.57825435062600361      -0.71001263730146036       0.40187555393967878     
  0.86880947315847268      -0.49332602210529569        4.2420929549723284E-002
  0.92334281194086998      -0.29228013208455722      -0.24901882664923336     
  0.96140928391382163      -0.27376389743211010       -2.7304162083716083E-002
  0.92434110799358882      -0.35520726549510712      -0.13936037676711793     
  0.97656389518820341      -0.17153140120161112      -0.12999975775614200     
  0.79534898045548053      -0.51971690705663054      -0.31195245760839480     
  0.77972744612674127      -0.61372874304706315       0.12394409915176142     
  0.80154630339497490      -0.59496357121453614       -5.9513632400455450E-002
  0.84268633225216572      -0.52141074601120851      -0.13420349987771449     
  0.75318987641223634      -0.50796394665885558      -0.41794454053723401     
  0.85426646531994632      -0.42516020930841264      -0.29911135493423141     
  0.73514654655428824      -0.49406486395847898      -0.46417611452011764     
  0.81888007738043911      -0.43061498109585400      -0.37948143159477943     
  0.70342780491311252      -0.66627201586670515       0.24752964296834662     
  0.71713214755113164      -0.63662335509847934       0.28360568875087377     
  0.86015073827794386      -0.48911208919017563       0.14460315227521767     
  0.64622728920743056      -0.38822021426179909       0.65702005747323933     
  0.64547771483627681       -7.4636674627895916E-002  0.76012359945618557     
  0.52563442427755980       0.13102224584177447       0.84056030307704621     
 -0.14265758230177900      -0.98880295868223700        4.3789532003270210E-002
  -5.1321644282802649E-002 -0.95799212394761135       0.28216516312694195     
  0.64198355444108091      -0.28560548912048611       0.71153820727452399     
 -0.16052256429899969      -0.90572807055550453      -0.39228709965875325     
  0.57471702107647460      -0.63988153564011463       0.51014896455038672     
 -0.16154731435849470      -0.95530792288507460      -0.24756663284166963     
  0.48704415573078530      -0.85618564177027701       0.17243589300057435     
 -0.64042128166086409      -0.63036596909331644      -0.43874745241984053     
 -0.57343411427505220      -0.64202822346033717      -0.50889397409082138     
 -0.67751507889108087      -0.55014554967006724      -0.48817332173463984     
 -0.37362036131163906      -0.92678441555012780       -3.8450912951039161E-002
 -0.46159479158460881      -0.87937163727994239      -0.11677230805955303     
 -0.65689232532266439      -0.63042691650562432      -0.41358720468287391     
 -0.18696246555876639      -0.98218521808942116       -1.8900630646181180E-002
 -0.61017580607992272      -0.70074508720105388      -0.36965092782015846     
 -0.26143217147240266      -0.96491529389317998       -2.4324788390903372E-002
 -0.59057218916639243      -0.74100726327568323      -0.31958211019376070     
 -0.61490989209903735      -0.65768913275973806      -0.43512162581109892     
 -0.50876705108166009      -0.72933991669684584      -0.45740504331096887     
 -0.71003243886012291      -0.48809384846396997      -0.50756115972164062     
 -0.57090044798095274      -0.68162925894411952      -0.45766170021800812     
 -0.66107607983143213      -0.50496724422671513      -0.55496531326992227     
  -4.2117225466372130E-002 -0.99819854387744011       -4.2729454945890963E-002
 -0.53039839016239720      -0.78797805514352737      -0.31267896047761484     
 -0.10920422941209387      -0.99382760612313104       -1.9522438015715435E-002
 -0.47641371177908987      -0.81827317093250207      -0.32165042042711312     
   4.2181542349511054E-002 -0.99898172835218013        1.6006995455345157E-002
 -0.41112478041849826      -0.84625274358414870      -0.33886975212040227     
   2.4246805344488562E-002 -0.99844707483959327       -5.0155071277449885E-002
 -0.32707232102862327      -0.86609656561888371      -0.37802173990410104     
 -0.73484829699717991      -0.48694724997373540      -0.47210206115135828     
 -0.62643161231123745      -0.63381978760012847      -0.45371346899080661     
 -0.71376016588297453      -0.47431238603866266      -0.51533890407092220     
 -0.11890252253958604      -0.90055829269605403       0.41815900276102103     
 -0.22487253277981142      -0.92340918109188419       0.31104312928661265     
 -0.14897794962397329      -0.96339429584538372       0.22288338039973773     
 -0.49761992180926018      -0.71509307500968777       0.49093411726191410     
 -0.57825832292445090      -0.67697433426697962       0.45532742363312695     
 -0.30651501730157826      -0.86189005957347642       0.40397285722810927     
 -0.43909796319975175      -0.78647866761352991       0.43433199755794688     
 -0.14939418267982385      -0.86764399304399109       0.47421016386841203     
 -0.42228457591265695      -0.68675438002686795       0.59164529784337816     
  -4.4872600163491073E-002 -0.80866204860986934       0.58655958000245534     
 -0.86880824672616530      -0.25856079936198328       0.42227780364814216     
 -0.84268814975800632      -0.11313466657348317       0.52638125866783547     
 -0.77973488793618129      -0.38531671328669959       0.49350231508786896     
 -0.92334101651191791        9.2019232104976922E-002  0.37279193680865519     
 -0.81887677421636584       0.14685326729250428       0.55486480023021389     
 -0.85426770327287649        7.7391050664713495E-002  0.51404018950068120     
 -0.99999999999990641       -1.6523039942355512E-007  -3.9991884438437867E-007
 -0.92433868158911126       -3.4203199631761820E-002  0.38003702826573810     
 -0.97656489231928356        3.9567393050742986E-002  0.21155479785765732     
 -0.96141000115513486       -9.8008492180250442E-002  0.25707031166479988     
 -0.91251040187819144      -0.36537618572520991       0.18391576704839188     
 -0.87615697393136927      -0.39033719232391378      -0.28281766797728525     
 -0.77443310132894438      -0.54290878196950076       0.32481290926689782     
 -0.92325271572510204      -0.38388853467089118       -1.5297576751232554E-002
 -0.78187201916898674      -0.61188667280743358       0.11946064323140215     
 -0.92334033745860411       -9.2018534953862835E-002 -0.37279379078355879     
 -0.98903707779111960      -0.13982668902397899        4.7477950577023711E-002
 -0.97656479969611565       -3.9566550509776796E-002 -0.21155538299755616     
 -0.97412115411629052      -0.15740797836582385      -0.16220575036024551     
 -0.75318862912307949      -0.14666165082136698      -0.64124663674599325     
 -0.91094210295044387      -0.15735840065080567      -0.38134343945693283     
 -0.81887631133259953      -0.14685102397575270      -0.55486607708129754     
 -0.80173486576091568      -0.14325250033911921      -0.58025849943789465     
 -0.71713971548842392      -0.53836460801138475       0.44257674736697405     
 -0.86015197427242307      -0.34807839332894674       0.37280023236686949     
 -0.70343906405740220      -0.51935668679127456       0.48522377831598063     
 -0.87615813158771005       0.39033773730693078       0.28281332940092874     
 -0.77594802685383013       0.32538208663208679       0.54039907227954864     
 -0.80173727708649611       0.14324910394023940       0.58025600621643669     
 -0.39344806149542477       0.91899595144096602       -2.5398112933955302E-002
 -0.33794021326234941       0.92523215329986930       0.17245832760491753     
 -0.71275982019946227       0.50496576007296057       0.48680901785316955     
 -0.43910036430301952       0.78647602313880538      -0.43433435864173203     
 -0.77655239110700747       0.59747337353252772       0.19997987845193338     
 -0.41662651205159484       0.86032230917272567      -0.29371393190557282     
 -0.78187266130807109       0.61188489999510076      -0.11946552078746361     
  0.21940286188005881       0.93623806199980597      -0.27444612488007064     
  0.24852852015793772       0.93500974601156872      -0.25296313868128567     
  0.15526174745253163       0.96437510108550240      -0.21418322573047890     
  -4.2119204727753691E-002  0.99819830391784337        4.2733109512911122E-002
   2.4244958452384249E-002  0.99844709356118211        5.0155591401859087E-002
  0.39689449863600468       0.88440198014751659      -0.24557665700067252     
 -0.18696065447140997       0.98218545164517479        1.8906407807569560E-002
  0.34409017624993726       0.90424428397245460      -0.25287195477440788     
 -0.10919860385772702       0.99382803364009542        1.9532139324320432E-002
  0.27438099540332411       0.91807630164718290      -0.28609609175120143     
   6.9375836678541164E-002  0.90835093419346424      -0.41241432278112422     
 -0.11889950731530885       0.90055834519113542      -0.41815974706657327     
  -7.6702482403674058E-003  0.86733767698453956      -0.49766105069112415     
  -5.4813539424628792E-002  0.83864437681851767      -0.54191427839320194     
  -4.4871082255199889E-002  0.80866162839331845      -0.58656027545471712     
 -0.37362978367305055       0.92678091463184775        3.8443738457452976E-002
  0.20102169354881425       0.93667797944104281      -0.28674839415943043     
 -0.26143936819795216       0.96491349814012883        2.4318673138867927E-002
   5.9399662503398357E-002  0.92231188559759192      -0.38185398489461486     
 -0.46909074725833461       0.86154573458285755       0.19414638306881096     
  -8.1569311323291122E-002  0.93693382231715339      -0.33985505741185112     
 -0.46160299239095037       0.87936849635026337       0.11676354329326025     
 -0.14896901257783030       0.96339527815926451      -0.22288510787403376     
  0.13431881665093467       0.94978546812890408      -0.28260576785453467     
  0.15505654469840222       0.92330635184805909      -0.35137280569677060     
   5.9668014742335386E-002  0.91736128049999000      -0.39355813935951967     
 -0.41112972152207355       0.84625108779824176       0.33886789237322973     
 -0.61491113972241951       0.65768907241041641       0.43511995389455677     
 -0.71003408906773635       0.48809379113241336       0.50755890635446232     
 -0.57090354541351429       0.68162816808534188       0.45765946107001887     
 -0.47641407722102358       0.81827203558840156       0.32165276743664822     
 -0.53039364695868585       0.78797928059372002       0.31268391807201779     
 -0.14265781387540130       0.98880294699569016       -4.3789041470779125E-002
  0.57471420567874087       0.63987993363430573      -0.51015414564934214     
 -0.16155574074734422       0.95530537204332899       0.24757097725043212     
  0.66064671743344727        2.4461761827334642E-003 -0.75069296717532530     
  0.71977664667110930      -0.11002377180669026      -0.68543150536309783     
  0.64547243856941505        7.4635250866059613E-002 -0.76012821969415989     
   1.4346048218118418E-005  0.85064877996614907      -0.52573439390655508     
  0.64198594831229783       0.28560124442453128      -0.71153775117889473     
  0.67481660105783325        2.2559122310173121E-002 -0.73764059062482989     
  -5.1320688766962365E-002  0.95799269961115929      -0.28216338245103245     
 -0.64041726517817288       0.63036951560417276       0.43874821966438821     
 -0.59056225774692650       0.74101259679989484       0.31958809600598248     
 -0.61017763655048973       0.70074590740548870       0.36964635140647162     
 -0.66065397090857525       0.67252643836879722       0.33353338726087356     
 -0.67751180401938105       0.55014909386531252       0.48817387264537160     
 -0.67480745528331909       0.66986413556365687       0.30970459825389435     
 -0.57343155051711003       0.64202809788666104       0.50889702140568571     
 -0.65690026290062398       0.63042147329607667       0.41358289448222485     
 -0.71979242323874459       0.56384790088722780       0.40493754100251433     
 -0.71376275076986517       0.47431171537397776       0.51533594118053716     
 -0.73484620429387570       0.48694576159582559       0.47210685368753658     
 -0.62642902769843578       0.63382283347221346       0.45371278252441499     
  0.85426681260187598       0.42516274726121972       0.29910675557118988     
  0.86880969221452697       0.49332641092014418       -4.2411920526523109E-002
  0.96141027079233243       0.27375999926818378        2.7308497133638025E-002
  0.92433946769920539       0.35520909253891003       0.13936659941045365     
  0.84268697504176726       0.52140768776331492       0.13421134540816362     
  0.77972873499746309       0.61372863030346292      -0.12393654894780405     
  0.91251152270023972       0.32789765207233235      -0.24455234757560904     
  0.97412176626691449       -7.4694049192006839E-002 -0.21332506533534423     
  0.98903828697620200       0.10498942157489087      -0.10382913007701555     
  0.87615630594817229       -7.8383753786526414E-002 -0.47561130630966492     
  0.80173870031044492      -0.45492916667402561      -0.38762676601828633     
  0.91094388024428030      -0.27070970614694845      -0.31128363600312692     
  0.43908904904030366       0.74020249636273217      -0.50921613426055279     
  0.92325204028027763       0.15799806274471559      -0.35020320142343281     
  0.78186406926726293       0.38050563104612495      -0.49386642114141249     
  0.77442512632965110       0.53332304197705815      -0.34034138244656770     
  0.49761584005711107       0.75890566670582171      -0.42004840764612839     
  0.57825476598259706       0.71001760627346000      -0.40186617722833784     
  0.30651086771907349       0.74677748696535129      -0.59023255834612787     
  0.11890456464571150       0.77675360341097044      -0.61847841037055329     
  0.42227950869179398       0.83630792431031709      -0.34966994762888332     
   4.4869476780842278E-002  0.88627350619606982      -0.46098373319276503     
  0.14939167471388717       0.81216789206756523      -0.56397290947412360     
  0.22487533255915840       0.69116899806445431      -0.68681620607043503     
  0.14898538292820229       0.63019099026603176      -0.76201225151650642     
  0.86015294916701512       0.48910843464339837      -0.14460236235957799     
  0.70343394100845091       0.66626517926975759      -0.24753060725889411     
  0.71713899839637285       0.63661863614222380      -0.28359895820588249     
  0.57383688876544003       -7.2643129018777397E-002  0.81574150372428711     
  0.65725877737028360      -0.74276622462851161       0.12770761575108791     
  0.43903013063207486      -0.88543398653626249      -0.15250967144310831     
  0.67842068066876349      -0.59162219560049722       0.43557841741043440     
  0.63938752948764965      -0.27606887527135199       0.71761379811294790     
  0.75151030994494561      -0.51191730384775003       0.41614051481164632     
 -0.11494481041106168      -0.76709551448957758      -0.63115145742486833     
 -0.60599917231412870      -0.60586525843304151      -0.51545348168234817     
 -0.15420977744119774      -0.77000947989439839      -0.61911610010909457     
 -0.17366012924492513      -0.95069809662838822      -0.25693440520451077     
 -0.15899091230240930      -0.98558728494815362       -5.7789216587306021E-002
 -0.41905305927849251      -0.78961940017964738      -0.44821394040041868     
  0.10586999783812676      -0.82406947955755117      -0.55650789430115166     
 -0.43869988780144947      -0.67840127869773958      -0.58933361816908736     
 -0.21166373448677581      -0.88266835421521095      -0.41963679530055814     
  -3.8809850892800646E-002 -0.65360820509369177      -0.75583735665014662     
  0.55025536077416515      -0.68288050632199415      -0.48051352949184500     
  0.80646567451380535      -0.58868701057415640       -5.5323768962860460E-002
  0.78306570669797804      -0.52783489671584549      -0.32893528360844615     
  0.51977975196324011      -0.65909882047257484      -0.54352346251168704     
  0.18442502913169082      -0.64446687714180839      -0.74205785010123049     
  0.26513284567795159      -0.75714885175817137      -0.59701774715999378     
  0.46418585455754269      -0.55422569367940155      -0.69091632843222783     
  0.66773005124476315      -0.49772587384362066      -0.55353909814146829     
  0.65698565412974042      -0.60194658718567162      -0.45390544879219041     
  0.32827032570755038      -0.82914462682973844      -0.45250169177499505     
  0.25381802698939376      -0.75570418500957781      -0.60372807946477125     
  0.59893774205521300      -0.75464147443185259      -0.26793623534177413     
  -8.1567369796788108E-002 -0.93693576975884829       0.33985015452523837     
   6.9374214511356169E-002 -0.90835257165129635       0.41241098910602353     
  -7.6674193423014493E-003 -0.86734047001306758       0.49765622648384511     
  -5.4810923503772618E-002 -0.83864748759154617       0.54190972884886557     
   5.9400061825550347E-002 -0.92231345663983932       0.38185012813431385     
  0.20102507382649529      -0.93667740268530852       0.28674790843484205     
 -0.39345120142882223      -0.91899458010527302        2.5399091152034699E-002
 -0.77655284495772914      -0.59747049257709473      -0.19998672327867423     
 -0.41662197347423985      -0.86032458918481847       0.29371369130907610     
 -0.66782564396548227      -0.26054013724575464      -0.69722861827814575     
 -0.73677860810350948      -0.10931758631611914      -0.66723829923279532     
 -0.77594625580598520      -0.32538349359136665      -0.54040076813319726     
 -0.27715945823446470      -0.86868525895263349      -0.41057101162840776     
 -0.71276209692676007      -0.50495968689014037      -0.48681198403529374     
 -0.60716361493108029      -0.35431175234361395      -0.71120709139815275     
 -0.33794319640398263      -0.92522994517359292      -0.17246432836482309     
  0.21940175865581280      -0.93623779841034294       0.27444790603407893     
  0.27438561981292509      -0.91807285284532703       0.28610272369958212     
  0.34409317656811872      -0.90424154272639234       0.25287767447336179     
  0.32477273230731302      -0.93152802354079145       0.16364050142867750     
  0.15525667583512986      -0.96437776069152059       0.21417492685240638     
  0.19202541989984945      -0.97537952240074943       0.10844826136721819     
  0.24852759853141640      -0.93501073088043696       0.25296040383158419     
  0.39690184280457003      -0.88439877336622630       0.24557633608849760     
  0.44906080081773697      -0.86441128747831175       0.22613607241884298     
   5.9666229775250795E-002 -0.91736006440565454       0.39356124460884134     
  0.13431251327874422      -0.94978492602738107       0.28261058555529983     
  0.15504913493414516      -0.92330508479708107       0.35137940483760322     
 -0.91094226662409750       0.15735846181035198       0.38134302324079805     
 -0.91250871261833078       0.36538031804945920      -0.18391593888978888     
 -0.77443021615386909       0.54291212497387598      -0.32481420052735083     
 -0.92325138337410950       0.38389185716038160        1.5294610284220890E-002
 -0.97412136817315809       0.15740771691501906       0.16220471856285779     
 -0.98903708205490359       0.13982652516777400       -4.7478344324835137E-002
 -0.49762083935044704       0.71509554487351445      -0.49092958960140920     
 -0.14939212419438347       0.86764736241934115      -0.47420464750511498     
 -0.42228415481693704       0.68675678090304193      -0.59164281156305498     
 -0.44551783716206350       0.89130792806381909       -8.4166704468091574E-002
 -0.32578799243096529       0.93986552402755397       0.10254258009340676     
 -0.22486278779289187       0.92341453647354366      -0.31103427543497397     
 -0.73432715716207231       0.50836715588287640      -0.44980713764215063     
 -0.30652036299192592       0.86189040763175029      -0.40396805851907802     
 -0.47954233380941386       0.85010299785875809      -0.21763281718567440     
 -0.57826409991335426       0.67697182923058952      -0.45532381134703237     
 -0.86880958580584189       0.25855781483896922      -0.42227687599201880     
 -0.96140999207168021        9.8007172191721309E-002 -0.25707084887966969     
 -0.92433833365366547        3.4203034675613392E-002 -0.38003788937070976     
 -0.79535329224708473       -4.6604694376522524E-002 -0.60435183707323514     
 -0.77973826910832977       0.38531504681287371      -0.49349827394585571     
 -0.80155241417630330       0.21282280465597680      -0.55876666073281767     
 -0.84269225675379489       0.11313220157534069      -0.52637521348740657     
 -0.85426901973807134       -7.7396425463511401E-002 -0.51403719246881907     
 -0.73514859452789239      -0.19423279387330902      -0.64948453849790244     
 -0.70343594927852071       0.51936403633965333      -0.48522042724890491     
 -0.71714094004711371       0.53836321983097257      -0.44257645174768384     
 -0.86015229664082116       0.34807697766518064      -0.37280081035721235     
 -0.64623064343155245       0.76127138960439378       -5.3402498629155012E-002
 -0.64548643000143902       0.71324240559513008       0.27318956704982189     
 -0.52562524532943944       0.69322595642854645       0.49310838038517818     
  0.14266732820509140       0.48137276297257403      -0.86482732179954336     
   5.1329398427516215E-002  0.68079741708668351      -0.73067104071885147     
 -0.64198592876266558       0.76414413563216632        6.2751950166563916E-002
  0.16053192304349720        5.4176975498239036E-002 -0.98554267132875573     
 -0.57471764374067047       0.74245467346104321      -0.34418118459472391     
  0.16155825121533807       0.20579585551721091      -0.96516682356791605     
 -0.48704466760325332       0.53712573837094479      -0.68868238901448897     
  0.64041667519284795      -0.11052861269996872      -0.76003283344179196     
  0.57343997138021874      -0.16804316127167068      -0.80182797105942683     
  0.67751413137770145      -0.19060420689374308      -0.71038344441430068     
  0.37362300866765619       0.38006938399615436      -0.84614012476829870     
  0.46159060268959340       0.28880953971587464      -0.83876287786105719     
  0.65689105406880433       -8.7987032129782553E-002 -0.74883404387178321     
  0.18696034527067013       0.42232627865510969      -0.88695340557077651     
  0.61017389602409111       -1.7250141626180091E-002 -0.79207969878330953     
  0.26142825338785797       0.40974539984318403      -0.87393591048653163     
  0.59056271858034559        4.5528612612971489E-002 -0.80570641108069230     
  0.61491913740987925       -9.5052644917590814E-002 -0.78284062818766653     
  0.50876707581090008       -8.2953467728235392E-002 -0.85689835147623339     
  0.71004077103901186      -0.23568609021040701      -0.66354666026109832     
  0.57091438984014486      -0.10450033100326846      -0.81433189811873541     
  0.66107841139656387      -0.27054449780744633      -0.69984356015577665     
   4.2138691409028831E-002  0.40819192750300098      -0.91192306748306307     
  0.53040276948418241        7.2717875513403349E-002 -0.84462122439844378     
  0.10921559205834180       0.42699264973402884      -0.89763535554503349     
  0.47643334127732373        7.8258598599730222E-002 -0.87572076774764884     
  -4.2178665043885025E-002  0.46106608624320228      -0.88636280626586061     
  0.41114341361914220        7.5362225136675898E-002 -0.90845012436569572     
  -2.4231835445233881E-002  0.40165223707465958      -0.91547162632376355     
  0.32707406145869006        4.9198836109939262E-002 -0.94371713603512808     
  0.73484437280704618      -0.20449707457665267      -0.64667201442725963     
  0.62642982478658105      -0.12236766827863324      -0.76981285282716838     
  0.71376444061991517      -0.24881337451939414      -0.65470010536642742     
   8.1570579868545906E-002  0.72297559606412221      -0.68604119992580348     
  -6.9383385607814013E-002  0.77509104129498008      -0.62802852125191022     
   7.6551128536427558E-003  0.83299986014071581      -0.55322023846994761     
   5.4806688707325184E-002  0.85974229317788509      -0.50777890483375698     
  -5.9402636997849451E-002  0.75399074494394180      -0.65419361297446299     
 -0.20102441096102258       0.67535869315080677      -0.70956312036591096     
  0.39344125847362327       0.43370883339212751      -0.81061743379249573     
  0.77654703098080935        8.8337529125241551E-002 -0.62383586753483222     
  0.41661400939476645       0.64745896560666982      -0.63814548108684321     
  0.66782077510581184      -0.50710612804516975      -0.54484748988694853     
  0.73677483450106629      -0.54790876216880924      -0.39618030186339342     
  0.77594432036047389      -0.33783117924778766      -0.53271052742401415     
  0.27714774721112406        2.1270318984770158E-002 -0.96059184867772274     
  0.71275943543436393      -0.20958802511288530      -0.66936301580574908     
  0.60716443800794229      -0.47767489900734711      -0.63496301945611000     
  0.33794010905797944       0.25953210480323208      -0.90467649978668352     
 -0.21940734677693868       0.66417123398190236      -0.71465865147723584     
 -0.27438332809558558       0.66646827531229602      -0.69320547261648469     
 -0.34408433940417371       0.63056708417981999      -0.69569470295938962     
 -0.32477294372461368       0.56296151515861570      -0.75999793912534042     
 -0.15527499052614899       0.62285766121147135      -0.76677115959540387     
 -0.19205316266644717       0.53321166722781099      -0.82389374353854228     
 -0.24853760986568216       0.64440421881903687      -0.72316820951316774     
 -0.39688948508488769       0.61516386627735531      -0.68121373610325042     
 -0.44905112916972995       0.58883883956546745      -0.67202820209466230     
  -5.9681913266520066E-002  0.76226675091284779      -0.64450560096993570     
 -0.13432460406229416       0.67753328465044504      -0.72312208439120906     
 -0.15505510254926930       0.72719702786668627      -0.66868707018701479     
  0.58616792214375402      -0.67845248558745541      -0.44284240069112329     
  0.41389828675256407      -0.79836667882529488      -0.43737724490965535     
  0.30519095449671924      -0.85027074368323641      -0.42883346852797943     
  0.41009691170812346      -0.78488091366624457      -0.46452392227946748     
  0.48401264433117824      -0.71041551936871106      -0.51092225432801908     
  0.51152135628024409      -0.69505578885132602      -0.50521614429220352     
  0.27549376358082822      -0.94475526462856918      -0.17759694869189854     
  0.11449802520377191      -0.99184470137730496       -5.5984735189165739E-002
   7.7623230748541966E-002 -0.96680931293773298      -0.24342223905187327     
  0.29898712286686302      -0.95197801711956842        6.5913240558252137E-002
  0.18867968267240770      -0.92682334144500811       0.32465130694230948     
  0.15252810729926636      -0.97661858093539111       0.15149694338648020     
  -1.1877584832230119E-005 -0.52570949861060223      -0.85066416577255233     
  0.35532859721979998      -0.93122226867409530       -8.1035019116923832E-002
  0.34943701229484897      -0.93314944126758970       -8.4415014662290330E-002
  0.38835233107387507      -0.91124726870356720      -0.13715276967592110     
  0.11142573764170892      -0.34114648929837305      -0.93338276062416980     
  0.23340945677339175      -0.16758278891980216      -0.95782881265214159     
 -0.26555193571632713       0.43702734300305379      -0.85935398463322588     
 -0.29898895575949663       0.48469958670212465      -0.82199264898454849     
   6.3554417503253732E-002 -0.45499506181504773      -0.88822313060387192     
 -0.34944457577399662       0.34185570484812328      -0.87236641700888751     
 -0.33215689609573196       0.38457792419630538      -0.86126164235783187     
 -0.37901592994276667       0.52877771397051443      -0.75943469374116479     
 -0.18867724333265568       0.70485786834678421      -0.68379549814108698     
  0.30754088645630206      -0.89272040529154595      -0.32934614182311284     
  0.37502196352941319      -0.90403816921354685      -0.20511829629645892     
  0.44495471096124373      -0.81908490621877095      -0.36209835901034287     
  0.37901790114604694      -0.91573506206280442       0.13332189137451231     
 -0.11143055746024172      -0.68226661240726416      -0.72256176238326908     
 -0.23343030516727831      -0.78175618830578930      -0.57824523748589107     
  0.26554139456111397      -0.96407716325869497        6.5567566377373963E-003
  0.33215312394858226      -0.94232455250145386       -4.1215773729635953E-002
  -6.3567434607792891E-002 -0.59094012308005339      -0.80420703316466668     
 -0.41389441640306096       -3.4153618372741917E-002 -0.90968397942495316     
 -0.48400627991321743      -0.13927040967662416      -0.86391068635193613     
 -0.51151893542674121      -0.14103749756461767      -0.84761831208427996     
 -0.51976660380503925      -0.19139169827145638      -0.83259347547392126     
 -0.65698199870383989      -0.13679729515340180      -0.74139136319343579     
 -0.58616572889283414       -9.2670230838054632E-002 -0.80487388241137137     
 -0.10586213187027708      -0.12922486830287333      -0.98594834674438447     
 -0.41009056000400917       -6.4466999761349911E-002 -0.90976356188702578     
 -0.26512486856630263      -0.19538210125174982      -0.94421111970689664     
 -0.30518226274377869       -3.3019716874056288E-003 -0.95228823550937702     
 -0.27548691222582150       0.26367319758127589      -0.92443680480038648     
 -0.38836183288254472       0.28488077935549350      -0.87636637790020044     
 -0.35532772981108146       0.34398459821543509      -0.86914716856115259     
  0.17365914612686362       0.19534415230669505      -0.96523736102891666     
  -7.7610284586730915E-002  0.21464955537968219      -0.97360269725472270     
  0.21166841542503276        1.9393046127933522E-002 -0.97714911434915386     
 -0.11449678451434001       0.39348720664398656      -0.91217229981149361     
 -0.15253030464019127       0.57225103313034276      -0.80576873930900661     
  0.15898756685756285       0.38906606187046983      -0.90738666128906453     
 -0.44495495005522145        4.2446812274625594E-002 -0.89454645522134735     
 -0.30753029130806053       0.10467810708865008      -0.94576297972817513     
 -0.37501504931609958       0.22085478689431323      -0.90032598312628465     
 -0.66772080085668850      -0.27252117598266712      -0.69273453843757982     
 -0.55024672043619993      -0.12439587820470985      -0.82568408736930710     
 -0.80645818178461526       0.21377074404912980      -0.55129599129808116     
 -0.78306086885384663       -5.8164422896670689E-002 -0.61921932752374287     
 -0.46416802787077110      -0.37012548029205206      -0.80470812767185151     
 -0.18441595478709066      -0.37550647246857566      -0.90828720389212392     
 -0.65725999796624934       0.44639569004234014      -0.60723980681854894     
 -0.63938945016077164       0.76531515910538439        7.3985392251486704E-002
 -0.75150673734979800       0.60113752282832000      -0.27179275627892052     
 -0.57382806628914951       0.76211746849472584       0.29983047635963539     
 -0.67841857494319169       0.65417631277278998      -0.33436744605156427     
 -0.43902876423783999       0.25956425979066444      -0.86016285621451916     
  0.11494930049561893      -0.22148028382590063      -0.96836622317797016     
   3.8813095070658069E-002 -0.38374959129605152      -0.92262115455432170     
  0.43869815975218451      -0.22373825009971357      -0.87033621093940750     
  0.15421520361760785      -0.20940746661219128      -0.96559110595543696     
  0.60599188092409462      -0.19010099046187953      -0.77242181072228289     
  0.41904094522026231       -4.7787793800503048E-002 -0.90670889098573948     
 -0.59893316284668985        9.7830205260153902E-002 -0.79480080358616689     
 -0.32826824436712554       -3.3939229912940801E-002 -0.94397462275902400     
 -0.25381193094595761      -0.20203984106471304      -0.94591723016975959     
