512
1026
0.797472 0.592287 0.065847
0.705712 0.680061 0.165198
0.830963 0.507682 0.198950
0.783255 0.596744 0.141379
0.564722 0.764688 0.283536
0.369160 0.824002 0.407491
0.552695 0.664879 0.479018
0.499887 0.760790 0.389736
0.842043 0.383023 0.358268
0.710006 0.448375 0.521411
0.810822 0.216143 0.526510
0.798005 0.350499 0.470074
0.670492 0.684830 0.258269
0.671116 0.574730 0.445106
0.807006 0.496952 0.295056
0.724078 0.590783 0.330557
0.138320 0.835984 0.513107
-0.087480 0.798546 0.581946
0.059382 0.690466 0.704716
0.034519 0.784936 0.602651
-0.275732 0.731024 0.614267
-0.417920 0.655412 0.621983
-0.346441 0.568815 0.737695
-0.351262 0.655653 0.660495
-0.029429 0.486759 0.859766
-0.244044 0.439421 0.855256
-0.111029 0.264032 0.948406
-0.133788 0.398887 0.896474
-0.182154 0.729085 0.648388
-0.259223 0.552302 0.782924
-0.050928 0.612193 0.775468
-0.170466 0.637202 0.739845
0.727510 0.025061 0.671884
0.531979 0.040025 0.832098
0.606669 -0.156853 0.769011
0.630054 -0.034722 0.763151
0.285870 0.052811 0.944762
0.036519 0.060959 0.988171
0.172817 -0.134316 0.967603
0.163659 -0.010493 0.976649
0.476791 -0.304727 0.817057
0.280845 -0.294548 0.906740
0.358894 -0.413776 0.831303
0.373856 -0.342372 0.855900
0.410556 -0.022953 0.899865
0.285742 -0.197750 0.929804
0.499306 -0.208843 0.832046
0.401269 -0.149691 0.893952
0.276372 0.799077 0.513265
0.204789 0.645982 0.716940
0.463573 0.632559 0.598541
0.317978 0.703545 0.615033
0.111247 0.431416 0.880247
0.015616 0.200944 0.968480
0.276647 0.203776 0.924834
0.133533 0.280457 0.937030
0.629263 0.404520 0.643194
0.535874 0.190309 0.806177
0.738240 0.163403 0.637735
0.644679 0.253904 0.703081
0.235155 0.512367 0.808172
0.405228 0.278295 0.854016
0.501251 0.498556 0.686412
0.386021 0.435926 0.794137
0.526768 -0.644828 -0.545708
0.647434 -0.539574 -0.526794
0.576711 -0.701765 -0.403373
0.584976 -0.632944 -0.496739
0.774539 -0.387860 -0.483513
0.883047 -0.188966 -0.407369
0.856343 -0.406388 -0.280326
0.844478 -0.329802 -0.398452
0.617956 -0.746991 -0.210244
0.767524 -0.610119 -0.125311
0.633683 -0.760966 0.027848
0.676157 -0.715883 -0.104688
0.716583 -0.507868 -0.462462
0.786737 -0.540700 -0.259900
0.639503 -0.684649 -0.327942
0.716917 -0.584122 -0.356976
0.942962 0.034283 -0.301737
0.943827 0.242893 -0.185070
0.984385 0.070701 -0.054592
0.965267 0.120264 -0.185501
0.902204 0.409583 -0.077703
0.842300 0.530577 0.010430
0.882382 0.436894 0.135380
0.879502 0.464246 0.022393
0.959464 0.104996 0.213036
0.899914 0.303354 0.286721
0.872991 0.130569 0.449659
0.918045 0.185256 0.321676
0.937908 0.316731 -0.072303
0.916296 0.346495 0.159940
0.974157 0.157595 0.070495
0.949120 0.280996 0.052353
0.610316 -0.728815 0.278863
0.717559 -0.541375 0.411098
0.551931 -0.656143 0.498952
0.629038 -0.651051 0.401346
0.781440 -0.303340 0.523707
0.789681 -0.060511 0.595033
0.664542 -0.236513 0.697458
0.750097 -0.199954 0.614747
0.477353 -0.565036 0.663827
0.528212 -0.375509 0.753479
0.403729 -0.475490 0.775888
0.470111 -0.474868 0.736907
0.713600 -0.440076 0.525220
0.608601 -0.359286 0.696915
0.553169 -0.565854 0.599201
0.626316 -0.459463 0.615716
0.935768 -0.108437 -0.301747
0.982280 -0.081367 -0.042613
0.915111 -0.331639 -0.161028
0.955967 -0.174524 -0.173532
0.956025 -0.045244 0.239274
0.862579 -0.007742 0.484032
0.862638 -0.259451 0.402248
0.904194 -0.103296 0.382287
0.821562 -0.546228 0.002243
0.795350 -0.510165 0.283634
0.675000 -0.706621 0.153383
0.771513 -0.597648 0.148401
0.968613 -0.144714 0.108712
0.872589 -0.364977 0.276296
0.899544 -0.402060 -0.013048
0.926733 -0.308292 0.125773
0.494196 -0.600003 -0.621985
0.433929 -0.505266 -0.737686
0.610060 -0.488142 -0.614278
0.515031 -0.536686 -0.660500
0.342497 -0.367880 -0.855192
0.216783 -0.187166 -0.948273
0.453845 -0.178400 -0.859711
0.338012 -0.250489 -0.896384
0.732477 -0.329973 -0.581974
0.675067 -0.156898 -0.704735
0.837873 -0.126791 -0.513142
0.757242 -0.209741 -0.602686
0.445176 -0.417209 -0.782902
0.566519 -0.237618 -0.775461
0.637148 -0.398549 -0.648407
0.553365 -0.359036 -0.739845
0.069250 0.015905 -0.988031
-0.074342 0.205873 -0.967526
0.138563 0.255575 -0.944702
0.040588 0.158900 -0.976547
-0.193349 0.358131 -0.906725
-0.282621 0.469199 -0.831305
-0.142471 0.547643 -0.817075
-0.210088 0.461370 -0.855905
0.202471 0.493620 -0.832131
0.038309 0.625498 -0.769059
0.248672 0.684228 -0.671945
0.161694 0.610008 -0.763207
-0.099773 0.332879 -0.929773
-0.044321 0.539440 -0.832075
0.105045 0.397584 -0.899860
-0.018362 0.427914 -0.893953
0.897790 0.096456 -0.407510
0.803128 0.320177 -0.479020
0.901773 0.300771 -0.283539
0.878040 0.240315 -0.389743
0.645827 0.536709 -0.521420
0.456141 0.704395 -0.526549
0.624475 0.682479 -0.358278
0.579943 0.650660 -0.470092
0.864837 0.461008 -0.165196
0.739596 0.633399 -0.198949
0.809721 0.575407 -0.065846
0.809556 0.560501 -0.141377
0.753969 0.460659 -0.445103
0.721986 0.613931 -0.295055
0.858487 0.426035 -0.258265
0.785595 0.506061 -0.330551
0.195920 -0.047229 -0.968344
0.279289 0.200151 -0.924775
0.444680 -0.027505 -0.880189
0.307984 0.040342 -0.936934
0.346603 0.450876 -0.806199
0.383557 0.651672 -0.637784
0.579180 0.473479 -0.643208
0.440710 0.534707 -0.703115
0.677684 -0.004856 -0.716951
0.744864 0.245410 -0.598547
0.845421 0.015911 -0.513293
0.767407 0.085003 -0.615052
0.389902 0.299416 -0.854002
0.629057 0.322662 -0.686417
0.559970 0.065319 -0.808155
0.533887 0.232430 -0.794127
0.764893 0.637116 -0.010430
0.688171 0.704181 -0.135383
0.668339 0.731480 0.077701
0.713303 0.692993 -0.022394
0.566598 0.762144 -0.286738
0.393969 0.789970 -0.449700
0.396356 0.880080 -0.213059
0.459893 0.815900 -0.321702
0.522662 0.822557 0.185062
0.371425 0.914333 0.054577
0.323985 0.886169 0.301716
0.412652 0.880825 0.185487
0.612684 0.764378 -0.159949
0.450912 0.877775 -0.070509
0.591058 0.794119 0.072297
0.560535 0.815829 -0.052363
0.186498 0.769796 -0.595088
-0.019568 0.705146 -0.697498
-0.047000 0.836955 -0.523730
0.041643 0.775223 -0.614789
-0.193894 0.618410 -0.753492
-0.327453 0.530901 -0.775886
-0.389852 0.628572 -0.663811
-0.306343 0.593839 -0.736903
-0.293120 0.849709 -0.411088
-0.453443 0.727637 -0.498928
-0.504523 0.805628 -0.278846
-0.424776 0.799398 -0.401326
-0.153620 0.689854 -0.696931
-0.367197 0.700924 -0.599182
-0.198004 0.814658 -0.525221
-0.243414 0.737635 -0.615714
0.093149 0.898166 0.407341
-0.121882 0.939996 0.280316
-0.129538 0.856452 0.483492
-0.052712 0.905024 0.398431
-0.343088 0.918508 0.125316
-0.527903 0.837820 -0.027840
-0.519491 0.818571 0.210255
-0.471912 0.864300 0.104696
-0.313104 0.782476 0.526788
-0.489223 0.765367 0.403383
-0.450494 0.700253 0.545710
-0.421209 0.751946 0.496743
-0.271132 0.915326 0.259901
-0.453542 0.819798 0.327953
-0.261584 0.838444 0.462455
-0.334007 0.862345 0.356979
0.259211 0.822815 -0.484078
0.019832 0.900616 -0.402269
0.252408 0.923238 -0.239297
0.181187 0.891903 -0.382319
-0.239406 0.914058 -0.283631
-0.463439 0.860304 -0.153372
-0.265618 0.950147 -0.002242
-0.329978 0.918424 -0.148395
0.226151 0.959325 0.042598
-0.032630 0.972786 0.161017
0.186026 0.923426 0.301724
0.129419 0.963074 0.173515
-0.077459 0.942669 -0.276303
-0.104410 0.979754 0.013044
0.161689 0.965925 -0.108727
-0.006823 0.976642 -0.125782
-0.494190 0.599993 0.621984
-0.610046 0.488133 0.614287
-0.433937 0.505258 0.737710
-0.515029 0.536678 0.660511
-0.732448 0.329963 0.581973
-0.837841 0.126783 0.513130
-0.675061 0.156902 0.704758
-0.757218 0.209736 0.602686
-0.342520 0.367889 0.855272
-0.453870 0.178417 0.859801
-0.216807 0.187185 0.948411
-0.338042 0.250509 0.896496
-0.637138 0.398545 0.648424
-0.566532 0.237630 0.775516
-0.445195 0.417214 0.782956
-0.553378 0.359046 0.739895
-0.897783 -0.096461 0.407506
-0.901793 -0.300780 0.283542
-0.803139 -0.320178 0.479020
-0.878051 -0.240321 0.389745
-0.864860 -0.461017 0.165198
-0.809732 -0.575412 0.065845
-0.739609 -0.633401 0.198942
-0.809575 -0.560510 0.141376
-0.645821 -0.536680 0.521397
-0.624466 -0.682448 0.358252
-0.456105 -0.704317 0.526488
-0.579923 -0.650611 0.470054
-0.858513 -0.426045 0.258268
-0.721996 -0.613925 0.295045
-0.753982 -0.460654 0.445099
-0.785614 -0.506063 0.330549
-0.069258 -0.015890 0.988166
-0.138562 -0.255542 0.944729
0.074346 -0.205853 0.967588
-0.040590 -0.158879 0.976629
-0.202448 -0.493549 0.832058
-0.248634 -0.684138 0.671860
-0.038286 -0.625437 0.768988
-0.161665 -0.609926 0.763118
0.193352 -0.358109 0.906726
0.142483 -0.547620 0.817043
0.282624 -0.469194 0.831304
0.210093 -0.461352 0.855887
-0.105033 -0.397531 0.899821
0.044335 -0.539392 0.832014
0.099778 -0.332849 0.929775
0.018371 -0.427864 0.893907
-0.845404 -0.015915 0.513286
-0.744864 -0.245405 0.598547
-0.677678 0.004861 0.716967
-0.767398 -0.085002 0.615052
-0.579167 -0.473443 0.643180
-0.383519 -0.651587 0.637708
-0.346581 -0.450817 0.806149
-0.440683 -0.534643 0.703057
-0.444697 0.027521 0.880266
-0.279291 -0.200125 0.924817
-0.195939 0.047248 0.968480
-0.308001 -0.040324 0.937030
-0.629053 -0.322644 0.686408
-0.389896 -0.299382 0.853999
-0.559975 -0.065307 0.808190
-0.533883 -0.232410 0.794136
-0.764893 -0.637118 0.010428
-0.668338 -0.731492 -0.077706
-0.688179 -0.704185 0.135373
-0.713307 -0.693001 0.022390
-0.522676 -0.822605 -0.185079
-0.324011 -0.886253 -0.301751
-0.371444 -0.914386 -0.054601
-0.412677 -0.880896 -0.185512
-0.566584 -0.762111 0.286707
-0.396344 -0.880053 0.213024
-0.393932 -0.789888 0.449638
-0.459868 -0.815846 0.321660
-0.591069 -0.794150 -0.072309
-0.450918 -0.877792 0.070485
-0.612685 -0.764374 0.159931
-0.560544 -0.815848 0.052345
-0.093170 -0.898236 -0.407382
0.129516 -0.856464 -0.483515
0.121854 -0.939970 -0.280315
0.052686 -0.905042 -0.398451
0.313083 -0.782454 -0.526790
0.450488 -0.700243 -0.545709
0.489203 -0.765314 -0.403365
0.421189 -0.751907 -0.496731
0.343060 -0.918441 -0.125296
0.519471 -0.818512 -0.210236
0.527903 -0.837807 0.027851
0.471892 -0.864245 -0.104677
0.261553 -0.838403 -0.462450
0.453509 -0.819719 -0.327926
0.271096 -0.915250 -0.259880
0.333966 -0.862260 -0.356952
-0.186462 -0.769716 0.595018
0.047030 -0.836958 0.523725
0.019596 -0.705118 0.697462
-0.041611 -0.775186 0.614751
0.293153 -0.849773 0.411125
0.504546 -0.805671 0.278868
0.453472 -0.727701 0.498965
0.424808 -0.799465 0.401364
0.193915 -0.618420 0.753492
0.389871 -0.628616 0.663840
0.327459 -0.530908 0.775889
0.306359 -0.593866 0.736920
0.198039 -0.814712 0.525253
0.367228 -0.700992 0.599227
0.153648 -0.689874 0.696937
0.243450 -0.737695 0.615753
-0.186052 -0.923500 -0.301758
0.032610 -0.972787 -0.161025
-0.226165 -0.959365 -0.042620
-0.129439 -0.963122 -0.173537
0.265607 -0.950117 0.002253
0.463450 -0.860318 0.153391
0.239426 -0.914092 0.283650
0.329985 -0.918432 0.148412
-0.252393 -0.923211 0.239265
-0.019808 -0.900604 0.402254
-0.259174 -0.822736 0.484017
-0.181161 -0.891851 0.382279
0.104398 -0.979743 -0.013041
0.077474 -0.942677 0.276306
-0.161689 -0.965929 0.108708
0.006825 -0.976643 0.125774
-0.797461 -0.592281 -0.065845
-0.830934 -0.507662 -0.198942
-0.705693 -0.680058 -0.165196
-0.783230 -0.596729 -0.141373
-0.842024 -0.383005 -0.358262
-0.810842 -0.216138 -0.526526
-0.709989 -0.448361 -0.521406
-0.797996 -0.350484 -0.470073
-0.564719 -0.764715 -0.283545
-0.552682 -0.664891 -0.479022
-0.369178 -0.824075 -0.407525
-0.499887 -0.760828 -0.389751
-0.806970 -0.496927 -0.295044
-0.671087 -0.574716 -0.445095
-0.670467 -0.684826 -0.258264
-0.724040 -0.590762 -0.330544
-0.727559 -0.025057 -0.671921
-0.606711 0.156862 -0.769035
-0.532002 -0.040024 -0.832091
-0.630095 0.034726 -0.763174
-0.476811 0.304736 -0.817061
-0.358900 0.413783 -0.831306
-0.280843 0.294558 -0.906712
-0.373862 0.342381 -0.855892
-0.285867 -0.052806 -0.944669
-0.172811 0.134325 -0.967511
-0.036521 -0.060945 -0.988026
-0.163652 0.010501 -0.976527
-0.499329 0.208851 -0.832044
-0.285737 0.197756 -0.929745
-0.410562 0.022955 -0.899816
-0.401273 0.149694 -0.893908
-0.138340 -0.836074 -0.513164
-0.059389 -0.690552 -0.704777
0.087470 -0.798612 -0.582002
-0.034530 -0.785027 -0.602720
0.029424 -0.486793 -0.859746
0.111013 -0.264018 -0.948279
0.244032 -0.439435 -0.855209
0.133777 -0.398895 -0.896407
0.275727 -0.731052 -0.614298
0.346439 -0.568844 -0.737701
0.417917 -0.655418 -0.621986
0.351261 -0.655679 -0.660516
0.050927 -0.612262 -0.775509
0.259221 -0.552342 -0.782934
0.182152 -0.729147 -0.648444
0.170468 -0.637272 -0.739895
-0.738271 -0.163400 -0.637758
-0.535893 -0.190309 -0.806171
-0.629262 -0.404517 -0.643193
-0.644699 -0.253903 -0.703092
-0.276648 -0.203773 -0.924757
-0.015622 -0.200931 -0.968345
-0.111252 -0.431436 -0.880208
-0.133534 -0.280452 -0.936934
-0.463571 -0.632586 -0.598553
-0.204799 -0.646046 -0.716978
-0.276390 -0.799159 -0.513314
-0.317988 -0.703607 -0.615071
-0.405234 -0.278297 -0.853985
-0.235159 -0.512400 -0.808172
-0.501250 -0.498566 -0.686414
-0.386027 -0.435940 -0.794126
-0.526765 0.644834 0.545711
-0.576702 0.701780 0.403375
-0.647401 0.539555 0.526784
-0.584958 0.632941 0.496735
-0.617946 0.747006 0.210246
-0.633671 0.760962 -0.027842
-0.767487 0.610096 0.125301
-0.676136 0.715877 0.104685
-0.774490 0.387835 0.483494
-0.856293 0.406360 0.280306
-0.883009 0.188953 0.407353
-0.844427 0.329778 0.398431
-0.639476 0.684647 0.327936
-0.786686 0.540669 0.259881
-0.716534 0.507839 0.462443
-0.716865 0.584091 0.356955
-0.610301 0.728785 -0.278851
-0.551925 0.656109 -0.498941
-0.717576 0.541373 -0.411114
-0.629036 0.651028 -0.401345
-0.477357 0.565017 -0.663823
-0.403732 0.475485 -0.775887
-0.528244 0.375521 -0.753504
-0.470127 0.474867 -0.736916
-0.781490 0.303355 -0.523747
-0.664597 0.236530 -0.697502
-0.789734 0.060518 -0.595073
-0.750156 0.199969 -0.614794
-0.553183 0.565842 -0.599209
-0.608648 0.359304 -0.696954
-0.713640 0.440087 -0.525254
-0.626357 0.459475 -0.615751
-0.942952 -0.034289 0.301730
-0.984389 -0.070705 0.054586
-0.943842 -0.242900 0.185070
-0.965270 -0.120269 0.185497
-0.959480 -0.104996 -0.213046
-0.873018 -0.130566 -0.449679
-0.899911 -0.303345 -0.286723
-0.918060 -0.185252 -0.321686
-0.902221 -0.409588 0.077704
-0.882370 -0.436884 -0.135376
-0.842299 -0.530575 -0.010428
-0.879504 -0.464244 -0.022391
-0.974167 -0.157596 -0.070499
-0.916294 -0.346489 -0.159939
-0.937923 -0.316736 0.072303
-0.949129 -0.280997 -0.052355
-0.674985 0.706604 -0.153380
-0.795358 0.510160 -0.283646
-0.821538 0.546210 -0.002252
-0.771501 0.597634 -0.148405
-0.862673 0.259458 -0.402275
-0.862622 0.007747 -0.484063
-0.956045 0.045245 -0.239288
-0.904228 0.103300 -0.382311
-0.915079 0.331622 0.161014
-0.982275 0.081362 0.042605
-0.935742 0.108427 0.301735
-0.955946 0.174514 0.173521
-0.872605 0.364978 -0.276313
-0.968618 0.144711 -0.108723
-0.899523 0.402046 0.013037
-0.926733 0.308287 -0.125783
0.809017 0.587785 -0.000000
0.733642 0.674440 0.083125
0.849756 0.514635 0.114415
0.771329 0.631113 0.041563
0.791699 0.594538 0.098770
0.829386 0.551210 0.057207
0.617127 0.764585 0.185871
0.766366 0.601157 0.226598
0.675384 0.719513 0.134498
0.691746 0.682871 0.206234
0.750004 0.637798 0.154862
0.876767 0.407256 0.255837
0.808061 0.557896 0.170506
0.821566 0.504206 0.241217
0.863261 0.460945 0.185126
0.449059 0.840729 0.302400
0.627982 0.688749 0.362338
0.533093 0.802657 0.244135
0.538520 0.764739 0.332369
0.622554 0.726667 0.274105
0.235799 0.878386 0.415602
0.422621 0.752891 0.504471
0.342429 0.859557 0.359001
0.329210 0.815638 0.460036
0.435840 0.796810 0.403435
0.607482 0.552997 0.570246
0.525301 0.720820 0.433405
0.515051 0.652944 0.537359
0.617732 0.620873 0.466292
0.777885 0.482445 0.402734
0.871477 0.259368 0.416232
0.827326 0.444850 0.329285
0.824681 0.370906 0.409483
0.874122 0.333312 0.336035
0.744652 0.309683 0.591254
0.692683 0.517721 0.486490
0.676067 0.431340 0.580750
0.761268 0.396064 0.496994
0.816338 0.079379 0.572045
0.808065 0.284526 0.503743
0.780495 0.194531 0.581649
0.843908 0.169373 0.494139
0.697174 0.644953 0.294468
0.702933 0.585597 0.382536
0.772126 0.541801 0.314666
0.008465 0.863613 0.503996
0.170697 0.765953 0.619723
0.122132 0.870999 0.459799
0.089581 0.814783 0.561860
0.203248 0.822169 0.517663
-0.195299 0.806784 0.557607
-0.075606 0.725241 0.684235
-0.093417 0.835198 0.530801
-0.135453 0.766012 0.620921
-0.033571 0.794427 0.594115
0.083056 0.580203 0.810190
0.047545 0.745597 0.651979
0.003725 0.652722 0.747212
0.126876 0.673078 0.714957
-0.356342 0.731057 0.581874
-0.275555 0.655231 0.703321
-0.275820 0.768920 0.569740
-0.315949 0.693144 0.642598
-0.235427 0.731007 0.630464
-0.475528 0.654508 0.587785
-0.421889 0.580672 0.696289
-0.415935 0.692783 0.584830
-0.448708 0.617590 0.642037
-0.389115 0.655864 0.639081
-0.341878 0.470541 0.813474
-0.348722 0.617952 0.699805
-0.381883 0.525606 0.754881
-0.308717 0.562886 0.758397
-0.160235 0.531134 0.831978
-0.011108 0.348940 0.937130
-0.038589 0.555668 0.821084
-0.085672 0.440037 0.884554
0.035974 0.464571 0.873660
-0.230020 0.316587 0.920315
-0.251057 0.500838 0.822726
-0.285949 0.393564 0.866894
-0.195128 0.423861 0.876147
-0.091958 0.126568 0.987772
-0.120564 0.332763 0.928723
-0.160989 0.221578 0.954043
-0.051533 0.237754 0.962451
-0.175581 0.690236 0.693778
-0.217895 0.593183 0.767650
-0.117921 0.628188 0.758106
0.653731 0.101147 0.749905
0.712463 -0.105344 0.693703
0.735034 0.090263 0.660975
0.683097 -0.002099 0.721804
0.764400 -0.012983 0.632874
0.418236 0.118898 0.900544
0.523970 -0.099969 0.845846
0.535983 0.110023 0.825225
0.471103 0.009464 0.873195
0.588850 0.000589 0.797876
0.583574 -0.265244 0.767485
0.618216 -0.102657 0.769774
0.553772 -0.182607 0.806665
0.648018 -0.185294 0.730594
0.149913 0.127324 0.980537
0.289462 -0.087788 0.953205
0.284075 0.123111 0.940541
0.219688 0.019768 0.966871
0.353849 0.015555 0.926875
0.051600 -0.071015 0.996205
0.028978 0.126946 0.984154
-0.020179 0.027777 0.991988
0.100757 0.028155 0.988371
0.177390 -0.244145 0.953400
0.170531 -0.079401 0.974705
0.114495 -0.157580 0.974802
0.233426 -0.165967 0.953302
0.390375 -0.261316 0.882807
0.456422 -0.387620 0.800881
0.486975 -0.263280 0.825146
0.423399 -0.324468 0.841844
0.519998 -0.326432 0.784183
0.274769 -0.378181 0.884012
0.283883 -0.252731 0.918103
0.226079 -0.311163 0.918706
0.332572 -0.319749 0.883409
0.345492 -0.475528 0.809017
0.365596 -0.382900 0.842446
0.310130 -0.426855 0.846515
0.400957 -0.431574 0.804949
0.406716 -0.093879 0.899525
0.339919 -0.174552 0.918006
0.457173 -0.180643 0.864326
0.296659 0.759422 0.562097
0.360615 0.591790 0.720906
0.221835 0.585997 0.765548
0.265656 0.678872 0.670315
0.391618 0.672341 0.612688
0.484049 0.572394 0.645576
0.261793 0.365106 0.893422
0.125342 0.357023 0.915276
0.172425 0.472655 0.851806
0.069403 0.238132 0.958834
0.205853 0.246215 0.936979
0.340014 0.242002 0.896983
0.535655 0.350881 0.768082
0.571569 0.451939 0.669164
0.640154 0.330282 0.679668
0.476945 0.234890 0.834313
0.594693 0.226014 0.758994
0.699191 0.205415 0.670580
0.311204 0.478448 0.807164
0.398724 0.357994 0.830752
0.448135 0.471336 0.744494
0.475528 -0.654509 -0.587785
0.585169 -0.564810 -0.581879
0.519605 -0.715167 -0.467460
0.530349 -0.609659 -0.584832
0.552387 -0.639988 -0.524669
0.497567 -0.684838 -0.527623
0.706978 -0.435057 -0.557627
0.650154 -0.618854 -0.440877
0.646074 -0.499934 -0.569753
0.678566 -0.526956 -0.499252
0.617662 -0.591832 -0.511378
0.560374 -0.771274 -0.301781
0.584880 -0.667010 -0.454169
0.605264 -0.695064 -0.371329
0.539990 -0.743220 -0.384621
0.824020 -0.258831 -0.504031
0.792618 -0.469692 -0.388881
0.765499 -0.346944 -0.530829
0.808319 -0.364262 -0.446456
0.749798 -0.452375 -0.473254
0.908324 -0.047184 -0.415633
0.916796 -0.260883 -0.302444
0.866172 -0.153008 -0.459832
0.912560 -0.154034 -0.359038
0.870408 -0.259857 -0.403237
0.859615 -0.488589 -0.149652
0.854707 -0.365288 -0.345662
0.888205 -0.374736 -0.226048
0.826116 -0.479141 -0.269266
0.707980 -0.663818 -0.241169
0.585514 -0.805881 -0.087782
0.634177 -0.717546 -0.271475
0.646747 -0.734850 -0.164475
0.572944 -0.788578 -0.194782
0.734978 -0.677949 0.014886
0.783797 -0.576203 -0.195410
0.797296 -0.583269 -0.067383
0.721479 -0.670884 -0.113141
0.580556 -0.799067 0.156440
0.660246 -0.741915 -0.036448
0.657767 -0.738508 0.085663
0.583035 -0.802474 0.034329
0.721386 -0.544273 -0.414879
0.750299 -0.566755 -0.315025
0.679067 -0.641336 -0.341023
0.938380 0.167277 -0.302413
0.982183 -0.017244 -0.187165
0.923352 0.060047 -0.359023
0.960282 0.075017 -0.244789
0.945254 -0.032214 -0.301399
0.917863 0.350643 -0.185873
0.975238 0.210758 -0.066924
0.928122 0.258960 -0.244143
0.946551 0.280700 -0.126399
0.956809 0.189017 -0.184669
0.995735 0.018588 0.090313
0.978711 0.096757 -0.127045
0.985487 0.114673 0.011695
0.988959 0.000672 -0.048426
0.868127 0.489312 -0.083125
0.920622 0.388792 0.035889
0.892995 0.419978 -0.134499
0.894375 0.439052 -0.023618
0.919243 0.369718 -0.074992
0.838572 0.538549 -0.041562
0.858941 0.501974 0.015645
0.885189 0.451713 0.075152
0.898695 0.398024 0.145863
0.951498 0.243438 0.188095
0.931159 0.052961 0.360700
0.973617 0.131013 0.139204
0.941328 0.148200 0.274398
0.963447 0.035775 0.225507
0.914132 0.325347 0.221966
0.911488 0.251403 0.302164
0.901318 0.156165 0.388466
0.873748 0.066170 0.466373
0.947930 0.299775 -0.015518
0.936060 0.316115 0.111992
0.963368 0.227098 0.060585
0.709466 -0.642848 0.288822
0.540927 -0.744530 0.391326
0.645011 -0.720957 0.222631
0.625196 -0.693689 0.340074
0.560742 -0.771798 0.273883
0.806489 -0.415502 0.420584
0.636721 -0.565774 0.523889
0.757977 -0.529175 0.354703
0.721605 -0.490638 0.472237
0.673093 -0.604311 0.406356
0.478146 -0.658124 0.581641
0.588824 -0.655152 0.457607
0.557434 -0.611949 0.552765
0.509536 -0.701327 0.486483
0.840241 -0.155567 0.519351
0.697589 -0.338951 0.631187
0.823365 -0.285535 0.469967
0.768915 -0.247259 0.575269
0.752039 -0.377226 0.525885
0.828290 -0.038094 0.545698
0.776352 -0.130456 0.606527
0.705026 -0.222148 0.662445
0.640581 -0.302098 0.699336
0.544640 -0.473663 0.692073
0.409272 -0.563322 0.717768
0.511393 -0.565893 0.636857
0.476956 -0.518492 0.704920
0.443709 -0.610723 0.649704
0.564107 -0.369454 0.729779
0.500531 -0.430641 0.746477
0.432847 -0.475471 0.759324
0.377382 -0.519425 0.763392
0.667155 -0.452363 0.577538
0.621114 -0.406307 0.661630
0.590680 -0.519719 0.607981
0.949490 -0.139064 -0.244804
0.968922 -0.245446 -0.030987
0.982329 -0.113429 0.029663
0.975553 -0.131345 -0.109076
0.942859 -0.253165 -0.166715
0.914269 -0.367018 -0.090320
0.941182 -0.207283 0.266809
0.936170 -0.077161 0.313755
0.968459 -0.094347 0.178561
0.885700 -0.051303 0.440026
0.890712 -0.181425 0.393080
0.873836 -0.311392 0.343696
0.870095 -0.472146 0.141496
0.864855 -0.480367 -0.004078
0.802536 -0.575048 0.078191
0.838292 -0.443824 0.281040
0.789780 -0.557497 0.215159
0.722222 -0.660399 0.151854
0.955052 -0.226365 0.117911
0.905639 -0.339714 0.204152
0.919509 -0.358796 0.055255
0.421890 -0.580689 -0.696291
0.448709 -0.617599 -0.642038
0.503530 -0.572750 -0.639085
0.341865 -0.470551 -0.813438
0.538033 -0.464557 -0.703330
0.381877 -0.525620 -0.754864
0.439949 -0.467554 -0.758384
0.479961 -0.522623 -0.699811
0.561601 -0.514684 -0.642604
0.622505 -0.449807 -0.630478
0.229996 -0.316571 -0.920200
0.455629 -0.316518 -0.831939
0.285931 -0.393561 -0.866819
0.342813 -0.316545 -0.876069
0.398747 -0.393535 -0.822688
0.091942 -0.126548 -0.987605
0.328411 -0.118378 -0.937014
0.160969 -0.221560 -0.953902
0.210177 -0.122463 -0.962310
0.279204 -0.217474 -0.928607
0.577496 -0.100302 -0.810179
0.392020 -0.217448 -0.884477
0.452954 -0.109340 -0.873597
0.516563 -0.208410 -0.821059
0.666432 -0.296032 -0.684265
0.686705 -0.365545 -0.620946
0.745226 -0.277432 -0.594148
0.781275 -0.074359 -0.619761
0.621964 -0.198167 -0.747222
0.679385 -0.087331 -0.714970
0.723853 -0.185195 -0.652013
0.802647 -0.166595 -0.561896
0.844799 -0.060771 -0.517697
0.496831 -0.390538 -0.767634
0.561031 -0.306275 -0.758102
0.602232 -0.380295 -0.693798
-0.051598 0.071026 -0.996074
0.167406 0.103238 -0.980414
0.020172 -0.027761 -0.991839
0.057904 0.087132 -0.988244
0.129674 -0.011655 -0.984009
-0.177384 0.244159 -0.953350
0.005957 0.302435 -0.953155
-0.114491 0.157592 -0.974712
-0.085714 0.273297 -0.953253
-0.022821 0.186731 -0.974614
0.242327 0.361051 -0.900536
0.086682 0.202837 -0.966784
0.124142 0.331743 -0.926846
0.204867 0.232145 -0.940475
-0.274769 0.378194 -0.884011
-0.127893 0.452041 -0.882815
-0.226077 0.311176 -0.918680
-0.201331 0.415118 -0.883413
-0.152639 0.348100 -0.918083
-0.345492 0.475528 -0.809017
-0.227601 0.553875 -0.800889
-0.310130 0.426861 -0.846514
-0.286546 0.514702 -0.804953
-0.251185 0.466034 -0.842450
-0.071918 0.637014 -0.767521
-0.177747 0.502958 -0.841852
-0.149760 0.595444 -0.784205
-0.099906 0.544528 -0.825168
0.066850 0.529266 -0.845890
0.298235 0.590543 -0.749966
0.154589 0.445159 -0.873213
0.182543 0.559904 -0.797928
0.270281 0.475797 -0.825251
0.119995 0.710215 -0.693766
-0.002534 0.583140 -0.806705
0.024038 0.673615 -0.730644
0.093423 0.619741 -0.769828
0.327785 0.751927 -0.572103
0.209115 0.650379 -0.721866
0.223890 0.731071 -0.632935
0.313010 0.671235 -0.661034
-0.060968 0.377238 -0.917985
-0.030522 0.490654 -0.864352
0.036404 0.415851 -0.899522
0.846665 0.169275 -0.504484
0.877494 0.061046 -0.460059
0.892523 0.168276 -0.403449
0.713643 0.406861 -0.570244
0.849075 0.384394 -0.362331
0.780154 0.288068 -0.537364
0.781359 0.395627 -0.466288
0.847870 0.276834 -0.433408
0.893728 0.275835 -0.332372
0.883469 0.367519 -0.274102
0.524650 0.612545 -0.591284
0.699189 0.590722 -0.402732
0.619147 0.509703 -0.580764
0.611919 0.601633 -0.497008
0.706416 0.498791 -0.486488
0.515989 0.748713 -0.416260
0.426217 0.682236 -0.581694
0.421887 0.750320 -0.494182
0.520319 0.680629 -0.503772
0.658247 0.708004 -0.255842
0.607589 0.669717 -0.409496
0.587118 0.728358 -0.336051
0.678718 0.649363 -0.329287
0.808521 0.543069 -0.226591
0.863192 0.446856 -0.206232
0.838324 0.516190 -0.154858
0.752019 0.649123 -0.114414
0.733384 0.625536 -0.241217
0.705133 0.678564 -0.185128
0.780270 0.596096 -0.170503
0.810073 0.569218 -0.098770
0.780518 0.618454 -0.057207
0.774132 0.487558 -0.382532
0.753855 0.566895 -0.314661
0.828798 0.463731 -0.294461
0.247909 -0.007570 -0.958714
0.428134 0.136165 -0.893374
0.335230 0.248608 -0.896955
0.297770 0.119701 -0.936894
0.378273 0.008893 -0.915194
0.502815 0.017931 -0.851777
0.499245 0.401033 -0.768095
0.398740 0.495788 -0.759031
0.370786 0.381042 -0.834316
0.411442 0.601544 -0.670625
0.511948 0.506789 -0.679690
0.606444 0.403947 -0.669170
0.674282 0.160093 -0.720912
0.625889 0.029896 -0.765546
0.727778 0.042867 -0.670336
0.693963 0.283477 -0.645578
0.760474 0.164684 -0.612698
0.813970 0.047458 -0.562123
0.463690 0.268599 -0.830734
0.586764 0.280563 -0.744504
0.551208 0.148129 -0.807143
0.742831 0.661782 -0.015645
0.654247 0.755416 -0.035893
0.656247 0.731710 -0.145868
0.703133 0.702269 -0.075154
0.693944 0.714928 0.023616
0.635687 0.760001 0.074989
0.525557 0.829716 -0.188110
0.520773 0.789214 -0.302185
0.591902 0.768860 -0.221976
0.338134 0.869271 -0.360736
0.332959 0.810599 -0.466419
0.427062 0.808992 -0.388498
0.325378 0.941253 -0.090330
0.431846 0.849493 -0.274423
0.331756 0.905262 -0.225533
0.425467 0.885484 -0.139220
0.501800 0.862356 0.066914
0.559463 0.813471 0.126392
0.475429 0.851543 0.184657
0.287098 0.939391 0.187146
0.413589 0.901805 -0.011708
0.306238 0.940322 0.048408
0.394449 0.900874 0.127030
0.368078 0.890060 0.244773
0.261448 0.908888 0.301374
0.589902 0.792566 -0.112002
0.513679 0.846036 -0.060598
0.578024 0.808886 0.015510
0.111715 0.847246 -0.519395
0.115855 0.778731 -0.606580
0.219750 0.799587 -0.545749
-0.106781 0.768208 -0.631207
-0.089350 0.702611 -0.699364
0.006607 0.739211 -0.662487
-0.145932 0.895410 -0.420587
0.002467 0.807727 -0.575301
-0.126357 0.831809 -0.525897
-0.017109 0.871328 -0.469991
-0.282162 0.664342 -0.692065
-0.254882 0.609108 -0.746477
-0.177040 0.650678 -0.729793
-0.409266 0.563299 -0.717754
-0.377379 0.519414 -0.763385
-0.318433 0.558587 -0.759321
-0.478128 0.658075 -0.581613
-0.345714 0.613820 -0.704909
-0.443697 0.610687 -0.649683
-0.380145 0.661209 -0.636839
-0.341300 0.780356 -0.523869
-0.392127 0.873360 -0.288808
-0.243616 0.837883 -0.472228
-0.366714 0.826858 -0.406338
-0.269030 0.884385 -0.354697
-0.540901 0.744478 -0.391301
-0.409714 0.719216 -0.552741
-0.509515 0.701277 -0.486457
-0.441101 0.762417 -0.457585
-0.580541 0.799047 -0.156429
-0.466514 0.808919 -0.340055
-0.560721 0.771762 -0.273865
-0.486334 0.836204 -0.222618
-0.194471 0.716275 -0.661636
-0.311731 0.722349 -0.607967
-0.224041 0.774282 -0.577538
0.035181 0.952500 0.302424
0.135490 0.915443 0.359013
0.021823 0.908056 0.403210
-0.199047 0.968529 0.149651
-0.201781 0.898960 0.388874
-0.081933 0.960515 0.226038
-0.200414 0.933745 0.269262
-0.083300 0.925730 0.345649
-0.096658 0.881286 0.446435
-0.198540 0.852872 0.473240
-0.417649 0.908506 -0.014880
-0.412569 0.878488 0.241178
-0.308348 0.938517 0.067386
-0.415109 0.893497 0.113149
-0.305808 0.923509 0.195415
-0.585518 0.805906 0.087790
-0.499095 0.853776 -0.085654
-0.583029 0.802476 -0.034319
-0.501583 0.857206 0.036455
-0.560385 0.771319 0.301795
-0.499043 0.842197 0.164484
-0.572952 0.788613 0.194793
-0.486477 0.824904 0.271487
-0.387672 0.809587 0.440884
-0.291485 0.808185 0.499245
-0.372007 0.770322 0.511379
-0.519613 0.715194 0.467471
-0.474029 0.790453 0.371340
-0.539999 0.743256 0.384633
-0.453642 0.762390 0.454177
-0.437977 0.723125 0.524672
-0.497570 0.684851 0.527628
-0.307175 0.888724 0.315026
-0.400120 0.844038 0.341031
-0.294727 0.854274 0.414879
0.224924 0.858259 -0.440065
0.093713 0.959191 -0.266827
-0.026110 0.927301 -0.343707
0.102714 0.903219 -0.393111
0.215924 0.914231 -0.313781
0.209545 0.950222 -0.178578
-0.180158 0.973405 -0.141497
-0.286143 0.923383 -0.215152
-0.163045 0.934407 -0.281042
-0.404888 0.890933 -0.151844
-0.298903 0.940955 -0.078189
-0.189603 0.970967 0.004077
0.065977 0.997330 0.030976
0.195677 0.969291 -0.029677
0.176537 0.968360 0.109061
-0.066535 0.982929 0.090314
0.050579 0.974915 0.166700
0.161140 0.945946 0.244785
-0.043223 0.966298 -0.204162
-0.057091 0.985367 -0.055260
0.079845 0.978260 -0.117925
-0.585153 0.564800 0.581877
-0.530341 0.609654 0.584831
-0.503521 0.572736 0.639083
-0.706941 0.435037 0.557617
-0.538045 0.464562 0.703366
-0.646047 0.499918 0.569747
-0.622493 0.449800 0.630492
-0.561599 0.514681 0.642621
-0.479967 0.522617 0.699828
-0.439962 0.467552 0.758420
-0.823976 0.258816 0.504013
-0.666427 0.296036 0.684290
-0.765458 0.346926 0.530815
-0.745201 0.277426 0.594151
-0.686684 0.365536 0.620954
-0.908298 0.047177 0.415621
-0.781250 0.074356 0.619755
-0.866137 0.152996 0.459817
-0.844774 0.060767 0.517688
-0.802613 0.166586 0.561884
-0.577506 0.100314 0.810229
-0.723838 0.185196 0.652022
-0.679378 0.087335 0.714992
-0.621966 0.198175 0.747260
-0.455662 0.316540 0.832028
-0.398770 0.393540 0.822751
-0.342841 0.316563 0.876171
-0.328443 0.118399 0.937147
-0.516584 0.208427 0.821129
-0.452974 0.109356 0.873688
-0.392052 0.217469 0.884587
-0.279231 0.217493 0.928731
-0.210200 0.122483 0.962459
-0.602236 0.380299 0.693828
-0.561045 0.306288 0.758159
-0.496854 0.390551 0.767697
-0.938387 -0.167283 0.302413
-0.846665 -0.169278 0.504483
-0.923342 -0.060053 0.359017
-0.892526 -0.168280 0.403448
-0.877481 -0.061050 0.460052
-0.917889 -0.350653 0.185875
-0.849102 -0.384403 0.362338
-0.928138 -0.258968 0.244144
-0.883495 -0.367528 0.274106
-0.893745 -0.275843 0.332375
-0.713650 -0.406852 0.570240
-0.847883 -0.276841 0.433410
-0.781376 -0.395628 0.466289
-0.780158 -0.288065 0.537362
-0.868145 -0.489320 0.083126
-0.808547 -0.543079 0.226592
-0.893017 -0.419987 0.134501
-0.838346 -0.516199 0.154859
-0.863218 -0.446866 0.206233
-0.809017 -0.587785 -0.000000
-0.752033 -0.649132 0.114410
-0.838581 -0.538553 0.041563
-0.780525 -0.618459 0.057205
-0.810089 -0.569226 0.098768
-0.658247 -0.707991 0.255825
-0.780290 -0.596105 0.170501
-0.705140 -0.678561 0.185118
-0.733397 -0.625535 0.241208
-0.699194 -0.590707 0.402719
-0.524619 -0.612482 0.591232
-0.706422 -0.498779 0.486480
-0.611907 -0.601594 0.496976
-0.619135 -0.509667 0.580736
-0.515956 -0.748645 0.416211
-0.678720 -0.649349 0.329272
-0.587101 -0.728318 0.336018
-0.607575 -0.669676 0.409465
-0.327739 -0.751825 0.572020
-0.520288 -0.680564 0.503722
-0.421848 -0.750235 0.494116
-0.426179 -0.682154 0.581626
-0.828824 -0.463741 0.294465
-0.753870 -0.566893 0.314655
-0.774148 -0.487555 0.382528
-0.167417 -0.103222 0.980522
-0.129687 0.011673 0.984147
-0.057909 -0.087118 0.988363
-0.242315 -0.361004 0.900507
-0.005953 -0.302400 0.953159
-0.204866 -0.232113 0.940515
-0.124134 -0.331702 0.926833
-0.086685 -0.202811 0.966840
0.022824 -0.186707 0.974682
0.085718 -0.273273 0.953279
-0.298198 -0.590453 0.749873
-0.066832 -0.529191 0.845795
-0.270256 -0.475728 0.825190
-0.182515 -0.559822 0.797834
-0.154573 -0.445097 0.873151
-0.119963 -0.710135 0.693686
-0.312969 -0.671139 0.660946
-0.223851 -0.730980 0.632853
-0.209081 -0.650294 0.721779
0.071938 -0.636986 0.767481
-0.093398 -0.619663 0.769741
-0.024012 -0.673560 0.730584
0.002553 -0.583088 0.806638
0.127899 -0.452001 0.882766
0.152644 -0.348073 0.918083
0.201334 -0.415091 0.883389
0.227613 -0.553874 0.800883
0.099918 -0.544493 0.825124
0.149775 -0.595430 0.784182
0.177756 -0.502938 0.841825
0.251191 -0.466027 0.842448
0.286552 -0.514701 0.804950
-0.036393 -0.415795 0.899477
0.030533 -0.490596 0.864281
0.060973 -0.377200 0.917963
-0.813958 -0.047461 0.562119
-0.674278 -0.160086 0.720917
-0.693964 -0.283469 0.645579
-0.760471 -0.164682 0.612700
-0.727764 -0.042865 0.670336
-0.625892 -0.029886 0.765573
-0.499230 -0.400996 0.768068
-0.511925 -0.506739 0.679650
-0.606440 -0.403924 0.669154
-0.411409 -0.601467 0.670552
-0.398714 -0.495724 0.758970
-0.370772 -0.381000 0.834288
-0.428142 -0.136148 0.893422
-0.502824 -0.017917 0.851826
-0.378292 -0.008875 0.915284
-0.335228 -0.248576 0.896965
-0.297780 -0.119685 0.936972
-0.247930 0.007588 0.958834
-0.586754 -0.280541 0.744493
-0.463686 -0.268572 0.830745
-0.551210 -0.148117 0.807170
-0.733630 -0.674438 -0.083126
-0.771324 -0.631112 -0.041563
-0.742832 -0.661785 0.015642
-0.617125 -0.764606 -0.185877
-0.654258 -0.755433 0.035884
-0.675378 -0.719522 -0.134501
-0.635691 -0.760020 -0.074997
-0.693944 -0.714936 -0.023621
-0.703145 -0.702282 0.075147
-0.656252 -0.731712 0.145854
-0.449080 -0.840798 -0.302426
-0.501824 -0.862412 -0.066932
-0.533102 -0.802702 -0.244152
-0.475452 -0.851605 -0.184679
-0.559474 -0.813509 -0.126405
-0.235825 -0.878483 -0.415652
-0.287127 -0.939478 -0.187176
-0.342452 -0.859641 -0.359039
-0.261476 -0.908980 -0.301414
-0.368103 -0.890138 -0.244801
-0.325382 -0.941267 0.090305
-0.394475 -0.900945 -0.127054
-0.306254 -0.940373 -0.048436
-0.413603 -0.901840 0.011686
-0.525549 -0.829698 0.188083
-0.591898 -0.768844 0.221954
-0.520753 -0.789172 0.302147
-0.338100 -0.869194 0.360684
-0.425465 -0.885483 0.139194
-0.331741 -0.905231 0.225494
-0.431825 -0.849446 0.274384
-0.427028 -0.808920 0.388448
-0.332920 -0.810510 0.466352
-0.578041 -0.808922 -0.015524
-0.513687 -0.846055 0.060576
-0.589903 -0.792566 0.111984
-0.008482 -0.863686 -0.504048
-0.035203 -0.952540 -0.302447
-0.122154 -0.871085 -0.459850
-0.021843 -0.908113 -0.403247
-0.135514 -0.915512 -0.359049
0.195285 -0.806807 -0.557637
0.201744 -0.898900 -0.388859
0.093402 -0.835247 -0.530842
0.198515 -0.852853 -0.473248
0.096631 -0.881293 -0.446453
0.199020 -0.968471 -0.149638
0.083270 -0.925720 -0.345653
0.200382 -0.933685 -0.269249
0.081908 -0.960505 -0.226043
0.356332 -0.731055 -0.581881
0.387631 -0.809501 -0.440852
0.275809 -0.768931 -0.569759
0.371981 -0.770278 -0.511367
0.291458 -0.808154 -0.499245
0.415930 -0.692782 -0.584833
0.437968 -0.723111 -0.524671
0.453618 -0.762334 -0.454156
0.474003 -0.790388 -0.371317
0.412523 -0.878381 -0.241143
0.417637 -0.908473 0.014894
0.305772 -0.923426 -0.195391
0.415080 -0.893427 -0.113125
0.308329 -0.938472 -0.067372
0.486449 -0.824827 -0.271462
0.499019 -0.842131 -0.164463
0.501576 -0.857177 -0.036444
0.499097 -0.853770 0.085667
0.294687 -0.854200 -0.414856
0.400077 -0.843941 -0.340998
0.307134 -0.888640 -0.315001
-0.111684 -0.847188 0.519347
-0.219712 -0.799507 0.545684
-0.115824 -0.778662 0.606517
0.145960 -0.895453 0.420608
0.106813 -0.768235 0.631220
0.017138 -0.871320 0.469978
0.126387 -0.831844 0.525914
-0.002435 -0.807711 0.575284
-0.006575 -0.739185 0.662453
0.089376 -0.702610 0.699351
0.392155 -0.873416 0.288837
0.341344 -0.780450 0.523930
0.269058 -0.884434 0.354723
0.366749 -0.826933 0.406383
0.243652 -0.837951 0.472269
0.486356 -0.836241 0.222639
0.466541 -0.808973 0.340081
0.441135 -0.762490 0.457628
0.409745 -0.719287 0.552785
0.282194 -0.664402 0.692111
0.177066 -0.650694 0.729796
0.254903 -0.609138 0.746497
0.380170 -0.661263 0.636876
0.345733 -0.613862 0.704939
0.318442 -0.558598 0.759325
0.224078 -0.774342 0.577575
0.311769 -0.722426 0.608020
0.194503 -0.716318 0.661665
-0.161165 -0.946009 -0.244812
-0.065987 -0.997350 -0.030989
0.066516 -0.982910 -0.090314
-0.050595 -0.974945 -0.166718
-0.176557 -0.968414 -0.109083
-0.195684 -0.969309 0.029658
0.180162 -0.973408 0.141504
0.298900 -0.940940 0.078199
0.189591 -0.970939 -0.004067
0.404896 -0.890944 0.151866
0.286158 -0.923412 0.215170
0.163061 -0.934430 0.281056
-0.093699 -0.959171 0.266807
-0.209540 -0.950219 0.178556
-0.215899 -0.914183 0.313745
0.026131 -0.927312 0.343707
-0.102691 -0.903179 0.393077
-0.224892 -0.858191 0.440016
0.057087 -0.985379 0.055257
0.043231 -0.966289 0.204155
-0.079843 -0.978260 0.117909
-0.849736 -0.514621 -0.114410
-0.829376 -0.551203 -0.057205
-0.791683 -0.594529 -0.098768
-0.876743 -0.407238 -0.255830
-0.766323 -0.601129 -0.226585
-0.863239 -0.460929 -0.185120
-0.821533 -0.504183 -0.241208
-0.808029 -0.557875 -0.170497
-0.749977 -0.637783 -0.154855
-0.691724 -0.682867 -0.206231
-0.871483 -0.259361 -0.416239
-0.777844 -0.482415 -0.402717
-0.874113 -0.333299 -0.336035
-0.824664 -0.370888 -0.409478
-0.827294 -0.444827 -0.329274
-0.816383 -0.079377 -0.572078
-0.744660 -0.309677 -0.591262
-0.843933 -0.169369 -0.494159
-0.780522 -0.194527 -0.581670
-0.808071 -0.284519 -0.503751
-0.607463 -0.552989 -0.570238
-0.761252 -0.396046 -0.496990
-0.676061 -0.431333 -0.580750
-0.692653 -0.517702 -0.486478
-0.627953 -0.688742 -0.362330
-0.622539 -0.726674 -0.274104
-0.538516 -0.764770 -0.332378
-0.422630 -0.752943 -0.504497
-0.617708 -0.620866 -0.466284
-0.515046 -0.652966 -0.537367
-0.525291 -0.720843 -0.433414
-0.435855 -0.796870 -0.403461
-0.329227 -0.815713 -0.460074
-0.772084 -0.541772 -0.314651
-0.702899 -0.585579 -0.382524
-0.697138 -0.644935 -0.294458
-0.712522 0.105354 -0.693750
-0.653771 -0.101147 -0.749933
-0.764453 0.012989 -0.632914
-0.683147 0.002103 -0.721842
-0.735077 -0.090262 -0.661006
-0.583617 0.265259 -0.767517
-0.523993 0.099972 -0.845839
-0.648070 0.185307 -0.730633
-0.553805 0.182616 -0.806678
-0.618257 0.102663 -0.769795
-0.418242 -0.118896 -0.900500
-0.588882 -0.000587 -0.797886
-0.471117 -0.009462 -0.873169
-0.536007 -0.110022 -0.825216
-0.456440 0.387627 -0.800891
-0.390376 0.261321 -0.882775
-0.520029 0.326443 -0.784204
-0.423408 0.324474 -0.841833
-0.486997 0.263290 -0.825146
-0.400966 0.431578 -0.804954
-0.365605 0.382911 -0.842451
-0.332573 0.319757 -0.883393
-0.283880 0.252740 -0.918062
-0.289451 0.087790 -0.953109
-0.149908 -0.127312 -0.980398
-0.353846 -0.015553 -0.926804
-0.219679 -0.019761 -0.966753
-0.284075 -0.123104 -0.940449
-0.233417 0.165974 -0.953230
-0.170525 0.079408 -0.974591
-0.100753 -0.028143 -0.988236
-0.028983 -0.126930 -0.984002
-0.457184 0.180646 -0.864307
-0.339913 0.174555 -0.917942
-0.406722 0.093881 -0.899474
-0.170714 -0.766052 -0.619792
-0.203270 -0.822267 -0.517722
-0.089598 -0.814869 -0.561920
-0.083062 -0.580262 -0.810219
0.075607 -0.725342 -0.684320
-0.126888 -0.673157 -0.715006
-0.003727 -0.652802 -0.747270
-0.047553 -0.745697 -0.652056
0.033563 -0.794514 -0.594184
0.135446 -0.766074 -0.620979
0.011100 -0.348934 -0.937031
0.160234 -0.531182 -0.831989
-0.035981 -0.464598 -0.873625
0.085667 -0.440058 -0.884510
0.038586 -0.555722 -0.821104
0.051521 -0.237741 -0.962318
0.120548 -0.332752 -0.928615
0.195115 -0.423876 -0.876094
0.251050 -0.500866 -0.822713
0.275563 -0.655293 -0.703375
0.235424 -0.731050 -0.630506
0.315947 -0.693174 -0.642628
0.308714 -0.562922 -0.758406
0.348726 -0.617991 -0.699833
0.389111 -0.655872 -0.639086
0.117921 -0.628262 -0.758155
0.217899 -0.593238 -0.767682
0.175585 -0.690317 -0.693848
-0.699216 -0.205412 -0.670598
-0.535665 -0.350885 -0.768081
-0.476954 -0.234891 -0.834290
-0.594718 -0.226016 -0.759007
-0.640162 -0.330281 -0.679671
-0.571564 -0.451937 -0.669159
-0.261795 -0.365111 -0.893374
-0.205852 -0.246211 -0.936886
-0.340019 -0.242003 -0.896937
-0.069404 -0.238123 -0.958715
-0.125347 -0.357022 -0.915202
-0.172428 -0.472687 -0.851797
-0.360621 -0.591825 -0.720923
-0.484042 -0.572407 -0.645580
-0.391626 -0.672384 -0.612710
-0.221842 -0.586044 -0.765571
-0.265668 -0.678939 -0.670358
-0.296672 -0.759497 -0.562145
-0.398730 -0.357998 -0.830727
-0.311208 -0.478468 -0.807149
-0.448143 -0.471355 -0.744502
-0.552383 0.639997 0.524674
-0.650108 0.618828 0.440859
-0.605247 0.695074 0.371327
-0.584860 0.667011 0.454165
-0.617631 0.591814 0.511368
-0.678525 0.526933 0.499238
-0.707935 0.663794 0.241153
-0.646726 0.734850 0.164472
-0.634160 0.717556 0.271474
-0.734954 0.677932 -0.014888
-0.657747 0.738490 -0.085659
-0.660236 0.741919 0.036451
-0.859572 0.488562 0.149638
-0.721444 0.670863 0.113132
-0.797263 0.583247 0.067375
-0.783753 0.576178 0.195395
-0.792552 0.469652 0.388852
-0.749747 0.452345 0.473235
-0.808264 0.364234 0.446432
-0.916755 0.260866 0.302427
-0.826062 0.479107 0.269245
-0.888163 0.374714 0.226032
-0.854653 0.365259 0.345640
-0.870365 0.259841 0.403220
-0.912526 0.154022 0.359024
-0.679022 0.641311 0.341006
-0.750243 0.566723 0.315003
-0.721330 0.544240 0.414856
-0.709461 0.642832 -0.288823
-0.625181 0.693655 -0.340062
-0.645001 0.720939 -0.222626
-0.636745 0.565774 -0.523909
-0.557437 0.611925 -0.552761
-0.588823 0.655126 -0.457605
-0.806523 0.415512 -0.420611
-0.673103 0.604303 -0.406366
-0.721634 0.490643 -0.472260
-0.757992 0.529172 -0.354717
-0.544675 0.473675 -0.692103
-0.476971 0.518487 -0.704928
-0.511402 0.565875 -0.636858
-0.432853 0.475463 -0.759322
-0.500558 0.430651 -0.746497
-0.564146 0.369467 -0.729810
-0.697651 0.338976 -0.631241
-0.840296 0.155577 -0.519391
-0.752087 0.377244 -0.525926
-0.768973 0.247276 -0.575316
-0.823409 0.285544 -0.470001
-0.640634 0.302118 -0.699379
-0.705086 0.222165 -0.662495
-0.776409 0.130465 -0.606570
-0.828339 0.038100 -0.545735
-0.590710 0.519725 -0.608006
-0.621163 0.406326 -0.661672
-0.667198 0.452375 -0.577575
-0.982173 0.017238 0.187158
-0.945235 0.032208 0.301389
-0.960280 -0.075022 0.244785
-0.995744 -0.018590 -0.090322
-0.975251 -0.210763 0.066922
-0.988958 -0.000676 0.048418
-0.985497 -0.114676 -0.011700
-0.978712 -0.096762 0.127040
-0.956819 -0.189023 0.184667
-0.946570 -0.280708 0.126399
-0.931188 -0.052960 -0.360719
-0.951508 -0.243436 -0.188099
-0.963466 -0.035775 -0.225520
-0.941348 -0.148198 -0.274409
-0.973626 -0.131013 -0.139210
-0.873786 -0.066168 -0.466399
-0.901336 -0.156160 -0.388479
-0.911495 -0.251399 -0.302169
-0.914125 -0.325337 -0.221965
-0.920630 -0.388792 -0.035888
-0.919260 -0.369723 0.074994
-0.894387 -0.439056 0.023619
-0.898687 -0.398015 -0.145859
-0.885183 -0.451706 -0.075149
-0.858940 -0.501970 -0.015642
-0.963379 -0.227100 -0.060588
-0.936069 -0.316114 -0.111994
-0.947940 -0.299777 0.015517
-0.722207 0.660382 -0.151856
-0.870089 0.472137 -0.141504
-0.838306 0.443824 -0.281058
-0.789775 0.557484 -0.215164
-0.802521 0.575035 -0.078196
-0.864830 0.480349 0.004067
-0.941202 0.207284 -0.266824
-0.890749 0.181431 -0.393108
-0.873862 0.311398 -0.343718
-0.885742 0.051309 -0.440055
-0.936195 0.077162 -0.313772
-0.968473 0.094347 -0.178573
-0.968910 0.245438 0.030978
-0.914241 0.367000 0.090308
-0.942832 0.253152 0.166703
-0.982327 0.113424 -0.029672
-0.975541 0.131338 0.109068
-0.949464 0.139052 0.244792
-0.905645 0.339711 -0.204164
-0.955056 0.226361 -0.117923
-0.919499 0.358788 -0.055263
1
2
3
4
5
6
2
7
8
9
10
11
3
8
12
13
14
15
2
8
3
11
13
5
7
16
17
18
19
20
16
21
22
23
24
25
17
22
26
27
28
29
16
22
17
25
27
19
12
30
31
32
33
34
30
26
35
36
37
38
31
35
39
40
41
42
30
35
31
38
40
33
7
17
8
20
43
10
17
26
30
29
36
44
8
30
12
45
32
14
17
30
8
44
45
43
21
46
47
48
49
50
46
51
52
53
54
55
47
52
56
57
58
59
46
52
47
55
57
49
51
60
61
62
63
64
60
65
66
67
68
69
61
66
70
71
72
73
60
66
61
69
71
63
56
74
75
76
77
78
74
70
79
80
81
82
75
79
83
84
85
86
74
79
75
82
84
77
51
61
52
64
87
54
61
70
74
73
80
88
52
74
56
89
76
58
61
74
52
88
89
87
39
90
91
92
93
94
90
95
96
97
98
99
91
96
100
101
102
103
90
96
91
99
101
93
95
104
105
106
107
108
104
83
109
110
111
112
105
109
113
114
115
116
104
109
105
112
114
107
100
117
118
119
120
121
117
113
122
123
124
125
118
122
126
127
128
129
117
122
118
125
127
120
95
105
96
108
130
98
105
113
117
116
123
131
96
117
100
132
119
102
105
117
96
131
132
130
21
47
22
50
133
24
47
56
134
59
135
136
22
134
26
137
138
28
47
134
22
136
137
133
56
75
139
78
140
141
75
83
104
86
110
142
139
104
95
143
106
144
75
104
139
142
143
140
26
145
35
146
147
37
145
95
90
148
97
149
35
90
39
150
92
41
145
90
35
149
150
147
56
139
134
141
151
135
139
95
145
144
148
152
134
145
26
153
146
138
139
145
134
152
153
151
154
155
156
157
158
159
155
160
161
162
163
164
156
161
165
166
167
168
155
161
156
164
166
158
160
169
170
171
172
173
169
174
175
176
177
178
170
175
179
180
181
182
169
175
170
178
180
172
165
183
184
185
186
187
183
179
188
189
190
191
184
188
192
193
194
195
183
188
184
191
193
186
160
170
161
173
196
163
170
179
183
182
189
197
161
183
165
198
185
167
170
183
161
197
198
196
174
199
200
201
202
203
199
204
205
206
207
208
200
205
209
210
211
212
199
205
200
208
210
202
204
213
214
215
216
217
213
1
3
218
6
219
214
3
12
220
15
221
213
3
214
219
220
216
209
222
223
224
225
226
222
12
31
227
34
228
223
31
39
229
42
230
222
31
223
228
229
225
204
214
205
217
231
207
214
12
222
221
227
232
205
222
209
233
224
211
214
222
205
232
233
231
192
234
235
236
237
238
234
239
240
241
242
243
235
240
244
245
246
247
234
240
235
243
245
237
239
248
249
250
251
252
248
39
91
253
94
254
249
91
100
255
103
256
248
91
249
254
255
251
244
257
258
259
260
261
257
100
118
262
121
263
258
118
126
264
129
265
257
118
258
263
264
260
239
249
240
252
266
242
249
100
257
256
262
267
240
257
244
268
259
246
249
257
240
267
268
266
174
200
175
203
269
177
200
209
270
212
271
272
175
270
179
273
274
181
200
270
175
272
273
269
209
223
275
226
276
277
223
39
248
230
253
278
275
248
239
279
250
280
223
248
275
278
279
276
179
281
188
282
283
190
281
239
234
284
241
285
188
234
192
286
236
194
281
234
188
285
286
283
209
275
270
277
287
271
275
239
281
280
284
288
270
281
179
289
282
274
275
281
270
288
289
287
154
290
155
291
292
157
290
293
294
295
296
297
155
294
160
298
299
162
290
294
155
297
298
292
293
300
301
302
303
304
300
305
306
307
308
309
301
306
310
311
312
313
300
306
301
309
311
303
160
314
169
315
316
171
314
310
317
318
319
320
169
317
174
321
322
176
314
317
169
320
321
316
293
301
294
304
323
296
301
310
314
313
318
324
294
314
160
325
315
299
301
314
294
324
325
323
305
326
327
328
329
330
326
331
332
333
334
335
327
332
336
337
338
339
326
332
327
335
337
329
331
340
341
342
343
344
340
345
346
347
348
349
341
346
350
351
352
353
340
346
341
349
351
343
336
354
355
356
357
358
354
350
359
360
361
362
355
359
363
364
365
366
354
359
355
362
364
357
331
341
332
344
367
334
341
350
354
353
360
368
332
354
336
369
356
338
341
354
332
368
369
367
174
370
199
371
372
201
370
373
374
375
376
377
199
374
204
378
379
206
370
374
199
377
378
372
373
380
381
382
383
384
380
363
385
386
387
388
381
385
389
390
391
392
380
385
381
388
390
383
204
393
213
394
395
215
393
389
396
397
398
399
213
396
1
400
401
218
393
396
213
399
400
395
373
381
374
384
402
376
381
389
393
392
397
403
374
393
204
404
394
379
381
393
374
403
404
402
305
327
306
330
405
308
327
336
406
339
407
408
306
406
310
409
410
312
327
406
306
408
409
405
336
355
411
358
412
413
355
363
380
366
386
414
411
380
373
415
382
416
355
380
411
414
415
412
310
417
317
418
419
319
417
373
370
420
375
421
317
370
174
422
371
322
417
370
317
421
422
419
336
411
406
413
423
407
411
373
417
416
420
424
406
417
310
425
418
410
411
417
406
424
425
423
1
396
2
401
426
4
396
389
427
398
428
429
2
427
7
430
431
9
396
427
2
429
430
426
389
385
432
391
433
434
385
363
435
387
436
437
432
435
438
439
440
441
385
435
432
437
439
433
7
442
16
443
444
18
442
438
445
446
447
448
16
445
21
449
450
23
442
445
16
448
449
444
389
432
427
434
451
428
432
438
442
441
446
452
427
442
7
453
443
431
432
442
427
452
453
451
363
359
454
365
455
456
359
350
457
361
458
459
454
457
460
461
462
463
359
457
454
459
461
455
350
346
464
352
465
466
346
345
467
348
468
469
464
467
470
471
472
473
346
467
464
469
471
465
460
474
475
476
477
478
474
470
479
480
481
482
475
479
483
484
485
486
474
479
475
482
484
477
350
464
457
466
487
458
464
470
474
473
480
488
457
474
460
489
476
462
464
474
457
488
489
487
21
490
46
491
492
48
490
493
494
495
496
497
46
494
51
498
499
53
490
494
46
497
498
492
493
500
501
502
503
504
500
483
505
506
507
508
501
505
509
510
511
512
500
505
501
508
510
503
51
513
60
514
515
62
513
509
516
517
518
519
60
516
65
520
521
67
513
516
60
519
520
515
493
501
494
504
522
496
501
509
513
512
517
523
494
513
51
524
514
499
501
513
494
523
524
522
363
454
435
456
525
436
454
460
526
463
527
528
435
526
438
529
530
440
454
526
435
528
529
525
460
475
531
478
532
533
475
483
500
486
506
534
531
500
493
535
502
536
475
500
531
534
535
532
438
537
445
538
539
447
537
493
490
540
495
541
445
490
21
542
491
450
537
490
445
541
542
539
460
531
526
533
543
527
531
493
537
536
540
544
526
537
438
545
538
530
531
537
526
544
545
543
65
546
66
547
548
68
546
549
550
551
552
553
66
550
70
554
555
72
546
550
66
553
554
548
549
556
557
558
559
560
556
561
562
563
564
565
557
562
566
567
568
569
556
562
557
565
567
559
70
570
79
571
572
81
570
566
573
574
575
576
79
573
83
577
578
85
570
573
79
576
577
572
549
557
550
560
579
552
557
566
570
569
574
580
550
570
70
581
571
555
557
570
550
580
581
579
561
582
583
584
585
586
582
587
588
589
590
591
583
588
592
593
594
595
582
588
583
591
593
585
587
596
597
598
599
600
596
601
602
603
604
605
597
602
606
607
608
609
596
602
597
605
607
599
592
610
611
612
613
614
610
606
615
616
617
618
611
615
619
620
621
622
610
615
611
618
620
613
587
597
588
600
623
590
597
606
610
609
616
624
588
610
592
625
612
594
597
610
588
624
625
623
83
626
109
627
628
111
626
629
630
631
632
633
109
630
113
634
635
115
626
630
109
633
634
628
629
636
637
638
639
640
636
619
641
642
643
644
637
641
645
646
647
648
636
641
637
644
646
639
113
649
122
650
651
124
649
645
652
653
654
655
122
652
126
656
657
128
649
652
122
655
656
651
629
637
630
640
658
632
637
645
649
648
653
659
630
649
113
660
650
635
637
649
630
659
660
658
561
583
562
586
661
564
583
592
662
595
663
664
562
662
566
665
666
568
583
662
562
664
665
661
592
611
667
614
668
669
611
619
636
622
642
670
667
636
629
671
638
672
611
636
667
670
671
668
566
673
573
674
675
575
673
629
626
676
631
677
573
626
83
678
627
578
673
626
573
677
678
675
592
667
662
669
679
663
667
629
673
672
676
680
662
673
566
681
674
666
667
673
662
680
681
679
601
682
602
683
684
604
682
685
686
687
688
689
602
686
606
690
691
608
682
686
602
689
690
684
685
692
693
694
695
696
692
697
698
699
700
701
693
698
702
703
704
705
692
698
693
701
703
695
606
706
615
707
708
617
706
702
709
710
711
712
615
709
619
713
714
621
706
709
615
712
713
708
685
693
686
696
715
688
693
702
706
705
710
716
686
706
606
717
707
691
693
706
686
716
717
715
697
718
719
720
721
722
718
723
724
725
726
727
719
724
728
729
730
731
718
724
719
727
729
721
723
732
733
734
735
736
732
154
156
737
159
738
733
156
165
739
168
740
732
156
733
738
739
735
728
741
742
743
744
745
741
165
184
746
187
747
742
184
192
748
195
749
741
184
742
747
748
744
723
733
724
736
750
726
733
165
741
740
746
751
724
741
728
752
743
730
733
741
724
751
752
750
619
753
641
754
755
643
753
756
757
758
759
760
641
757
645
761
762
647
753
757
641
760
761
755
756
763
764
765
766
767
763
192
235
768
238
769
764
235
244
770
247
771
763
235
764
769
770
766
645
772
652
773
774
654
772
244
258
775
261
776
652
258
126
777
265
657
772
258
652
776
777
774
756
764
757
767
778
759
764
244
772
771
775
779
757
772
645
780
773
762
764
772
757
779
780
778
697
719
698
722
781
700
719
728
782
731
783
784
698
782
702
785
786
704
719
782
698
784
785
781
728
742
787
745
788
789
742
192
763
749
768
790
787
763
756
791
765
792
742
763
787
790
791
788
702
793
709
794
795
711
793
756
753
796
758
797
709
753
619
798
754
714
793
753
709
797
798
795
728
787
782
789
799
783
787
756
793
792
796
800
782
793
702
801
794
786
787
793
782
800
801
799
601
802
682
803
804
683
802
805
806
807
808
809
682
806
685
810
811
687
802
806
682
809
810
804
805
812
813
814
815
816
812
817
818
819
820
821
813
818
822
823
824
825
812
818
813
821
823
815
685
826
692
827
828
694
826
822
829
830
831
832
692
829
697
833
834
699
826
829
692
832
833
828
805
813
806
816
835
808
813
822
826
825
830
836
806
826
685
837
827
811
813
826
806
836
837
835
817
838
839
840
841
842
838
843
844
845
846
847
839
844
848
849
850
851
838
844
839
847
849
841
843
852
853
854
855
856
852
345
340
857
347
858
853
340
331
859
342
860
852
340
853
858
859
855
848
861
862
863
864
865
861
331
326
866
333
867
862
326
305
868
328
869
861
326
862
867
868
864
843
853
844
856
870
846
853
331
861
860
866
871
844
861
848
872
863
850
853
861
844
871
872
870
697
873
718
874
875
720
873
876
877
878
879
880
718
877
723
881
882
725
873
877
718
880
881
875
876
883
884
885
886
887
883
305
300
888
307
889
884
300
293
890
302
891
883
300
884
889
890
886
723
892
732
893
894
734
892
293
290
895
295
896
732
290
154
897
291
737
892
290
732
896
897
894
876
884
877
887
898
879
884
293
892
891
895
899
877
892
723
900
893
882
884
892
877
899
900
898
817
839
818
842
901
820
839
848
902
851
903
904
818
902
822
905
906
824
839
902
818
904
905
901
848
862
907
865
908
909
862
305
883
869
888
910
907
883
876
911
885
912
862
883
907
910
911
908
822
913
829
914
915
831
913
876
873
916
878
917
829
873
697
918
874
834
913
873
829
917
918
915
848
907
902
909
919
903
907
876
913
912
916
920
902
913
822
921
914
906
907
913
902
920
921
919
65
516
546
521
922
547
516
509
923
518
924
925
546
923
549
926
927
551
516
923
546
925
926
922
509
505
928
511
929
930
505
483
931
507
932
933
928
931
934
935
936
937
505
931
928
933
935
929
549
938
556
939
940
558
938
934
941
942
943
944
556
941
561
945
946
563
938
941
556
944
945
940
509
928
923
930
947
924
928
934
938
937
942
948
923
938
549
949
939
927
928
938
923
948
949
947
483
479
950
485
951
952
479
470
953
481
954
955
950
953
956
957
958
959
479
953
950
955
957
951
470
467
960
472
961
962
467
345
852
468
857
963
960
852
843
964
854
965
467
852
960
963
964
961
956
966
967
968
969
970
966
843
838
971
845
972
967
838
817
973
840
974
966
838
967
972
973
969
470
960
953
962
975
954
960
843
966
965
971
976
953
966
956
977
968
958
960
966
953
976
977
975
561
978
582
979
980
584
978
981
982
983
984
985
582
982
587
986
987
589
978
982
582
985
986
980
981
988
989
990
991
992
988
817
812
993
819
994
989
812
805
995
814
996
988
812
989
994
995
991
587
997
596
998
999
598
997
805
802
1000
807
1001
596
802
601
1002
803
603
997
802
596
1001
1002
999
981
989
982
992
1003
984
989
805
997
996
1000
1004
982
997
587
1005
998
987
989
997
982
1004
1005
1003
483
950
931
952
1006
932
950
956
1007
959
1008
1009
931
1007
934
1010
1011
936
950
1007
931
1009
1010
1006
956
967
1012
970
1013
1014
967
817
988
974
993
1015
1012
988
981
1016
990
1017
967
988
1012
1015
1016
1013
934
1018
941
1019
1020
943
1018
981
978
1021
983
1022
941
978
561
1023
979
946
1018
978
941
1022
1023
1020
956
1012
1007
1014
1024
1008
1012
981
1018
1017
1021
1025
1007
1018
934
1026
1019
1011
1012
1018
1007
1025
1026
1024
4
1
86
171
193
0
0
6
1
2
4
193
195
196
6
1
3
4
86
87
88
2
1
193
0
0
0
0
2
1
4
0
0
0
0
2
1
86
0
0
0
0
6
2
5
13
195
201
207
6
2
3
4
13
15
16
2
2
195
0
0
0
0
2
2
13
0
0
0
0
2
2
4
0
0
0
0
6
3
9
15
87
90
94
2
3
4
0
0
0
0
2
3
15
0
0
0
0
2
3
87
0
0
0
0
6
5
6
8
201
203
204
6
5
7
8
13
14
16
2
5
201
0
0
0
0
2
5
8
0
0
0
0
2
5
13
0
0
0
0
6
6
17
49
203
225
251
6
6
7
8
49
51
52
2
6
203
0
0
0
0
2
6
49
0
0
0
0
2
6
8
0
0
0
0
6
7
10
14
51
57
63
2
7
8
0
0
0
0
2
7
51
0
0
0
0
2
7
14
0
0
0
0
6
9
10
12
14
15
16
6
9
11
12
90
91
92
2
9
15
0
0
0
0
2
9
12
0
0
0
0
2
9
90
0
0
0
0
6
10
11
12
57
59
60
2
10
14
0
0
0
0
2
10
57
0
0
0
0
2
10
12
0
0
0
0
6
11
33
59
91
102
118
2
11
12
0
0
0
0
2
11
59
0
0
0
0
2
11
91
0
0
0
0
2
13
16
0
0
0
0
2
14
16
0
0
0
0
2
15
16
0
0
0
0
6
17
18
20
225
227
228
6
17
19
20
49
50
52
2
17
225
0
0
0
0
2
17
20
0
0
0
0
2
17
49
0
0
0
0
6
18
21
29
227
233
239
6
18
19
20
29
31
32
2
18
227
0
0
0
0
2
18
29
0
0
0
0
2
18
20
0
0
0
0
6
19
25
31
50
53
61
2
19
20
0
0
0
0
2
19
31
0
0
0
0
2
19
50
0
0
0
0
6
21
22
24
233
235
236
6
21
23
24
29
30
32
2
21
233
0
0
0
0
2
21
24
0
0
0
0
2
21
29
0
0
0
0
4
22
235
257
449
0
0
6
22
23
24
257
259
260
2
22
235
0
0
0
0
2
22
257
0
0
0
0
2
22
24
0
0
0
0
6
23
26
30
259
265
271
2
23
24
0
0
0
0
2
23
259
0
0
0
0
2
23
30
0
0
0
0
6
25
26
28
30
31
32
6
25
27
28
53
54
56
2
25
31
0
0
0
0
2
25
28
0
0
0
0
2
25
53
0
0
0
0
6
26
27
28
265
267
268
2
26
30
0
0
0
0
2
26
265
0
0
0
0
2
26
28
0
0
0
0
6
27
38
54
267
289
315
2
27
28
0
0
0
0
2
27
267
0
0
0
0
2
27
54
0
0
0
0
2
29
32
0
0
0
0
2
30
32
0
0
0
0
2
31
32
0
0
0
0
6
33
34
36
58
59
60
6
33
35
36
102
103
104
2
33
59
0
0
0
0
2
33
36
0
0
0
0
2
33
102
0
0
0
0
6
34
37
45
55
58
62
6
34
35
36
45
47
48
2
34
58
0
0
0
0
2
34
45
0
0
0
0
2
34
36
0
0
0
0
6
35
41
47
103
106
110
2
35
36
0
0
0
0
2
35
47
0
0
0
0
2
35
103
0
0
0
0
6
37
38
40
54
55
56
6
37
39
40
45
46
48
2
37
55
0
0
0
0
2
37
40
0
0
0
0
2
37
45
0
0
0
0
6
38
39
40
289
291
292
2
38
54
0
0
0
0
2
38
289
0
0
0
0
2
38
40
0
0
0
0
6
39
42
46
291
297
303
2
39
40
0
0
0
0
2
39
291
0
0
0
0
2
39
46
0
0
0
0
6
41
42
44
46
47
48
6
41
43
44
106
107
108
2
41
47
0
0
0
0
2
41
44
0
0
0
0
2
41
106
0
0
0
0
6
42
43
44
297
299
300
2
42
46
0
0
0
0
2
42
297
0
0
0
0
2
42
44
0
0
0
0
4
43
107
299
363
0
0
2
43
44
0
0
0
0
2
43
299
0
0
0
0
2
43
107
0
0
0
0
2
45
48
0
0
0
0
2
46
48
0
0
0
0
2
47
48
0
0
0
0
2
49
52
0
0
0
0
6
50
51
52
61
63
64
2
50
61
0
0
0
0
2
50
52
0
0
0
0
2
51
52
0
0
0
0
2
51
63
0
0
0
0
6
53
55
56
61
62
64
2
53
56
0
0
0
0
2
53
61
0
0
0
0
2
54
56
0
0
0
0
2
55
56
0
0
0
0
2
55
62
0
0
0
0
6
57
58
60
62
63
64
2
57
63
0
0
0
0
2
57
60
0
0
0
0
2
58
62
0
0
0
0
2
58
60
0
0
0
0
2
59
60
0
0
0
0
2
61
64
0
0
0
0
2
62
64
0
0
0
0
2
63
64
0
0
0
0
4
65
129
342
427
0
0
6
65
66
68
129
131
132
6
65
67
68
342
343
344
2
65
129
0
0
0
0
2
65
68
0
0
0
0
2
65
342
0
0
0
0
6
66
69
77
131
137
143
6
66
67
68
77
79
80
2
66
131
0
0
0
0
2
66
77
0
0
0
0
2
66
68
0
0
0
0
6
67
73
79
343
346
350
2
67
68
0
0
0
0
2
67
79
0
0
0
0
2
67
343
0
0
0
0
6
69
70
72
137
139
140
6
69
71
72
77
78
80
2
69
137
0
0
0
0
2
69
72
0
0
0
0
2
69
77
0
0
0
0
6
70
81
113
139
161
187
6
70
71
72
113
115
116
2
70
139
0
0
0
0
2
70
113
0
0
0
0
2
70
72
0
0
0
0
6
71
74
78
115
121
127
2
71
72
0
0
0
0
2
71
115
0
0
0
0
2
71
78
0
0
0
0
6
73
74
76
78
79
80
6
73
75
76
346
347
348
2
73
79
0
0
0
0
2
73
76
0
0
0
0
2
73
346
0
0
0
0
6
74
75
76
121
123
124
2
74
78
0
0
0
0
2
74
121
0
0
0
0
2
74
76
0
0
0
0
6
75
97
123
347
358
374
2
75
76
0
0
0
0
2
75
123
0
0
0
0
2
75
347
0
0
0
0
2
77
80
0
0
0
0
2
78
80
0
0
0
0
2
79
80
0
0
0
0
6
81
82
84
161
163
164
6
81
83
84
113
114
116
2
81
161
0
0
0
0
2
81
84
0
0
0
0
2
81
113
0
0
0
0
6
82
85
93
163
169
175
6
82
83
84
93
95
96
2
82
163
0
0
0
0
2
82
93
0
0
0
0
2
82
84
0
0
0
0
6
83
89
95
114
117
125
2
83
84
0
0
0
0
2
83
95
0
0
0
0
2
83
114
0
0
0
0
6
85
86
88
169
171
172
6
85
87
88
93
94
96
2
85
169
0
0
0
0
2
85
88
0
0
0
0
2
85
93
0
0
0
0
2
86
171
0
0
0
0
2
86
88
0
0
0
0
2
87
88
0
0
0
0
2
87
94
0
0
0
0
6
89
90
92
94
95
96
6
89
91
92
117
118
120
2
89
95
0
0
0
0
2
89
92
0
0
0
0
2
89
117
0
0
0
0
2
90
94
0
0
0
0
2
90
92
0
0
0
0
2
91
92
0
0
0
0
2
91
118
0
0
0
0
2
93
96
0
0
0
0
2
94
96
0
0
0
0
2
95
96
0
0
0
0
6
97
98
100
122
123
124
6
97
99
100
358
359
360
2
97
123
0
0
0
0
2
97
100
0
0
0
0
2
97
358
0
0
0
0
6
98
101
109
119
122
126
6
98
99
100
109
111
112
2
98
122
0
0
0
0
2
98
109
0
0
0
0
2
98
100
0
0
0
0
6
99
105
111
359
362
366
2
99
100
0
0
0
0
2
99
111
0
0
0
0
2
99
359
0
0
0
0
6
101
102
104
118
119
120
6
101
103
104
109
110
112
2
101
119
0
0
0
0
2
101
104
0
0
0
0
2
101
109
0
0
0
0
2
102
118
0
0
0
0
2
102
104
0
0
0
0
2
103
104
0
0
0
0
2
103
110
0
0
0
0
6
105
106
108
110
111
112
6
105
107
108
362
363
364
2
105
111
0
0
0
0
2
105
108
0
0
0
0
2
105
362
0
0
0
0
2
106
110
0
0
0
0
2
106
108
0
0
0
0
2
107
108
0
0
0
0
2
107
363
0
0
0
0
2
109
112
0
0
0
0
2
110
112
0
0
0
0
2
111
112
0
0
0
0
2
113
116
0
0
0
0
6
114
115
116
125
127
128
2
114
125
0
0
0
0
2
114
116
0
0
0
0
2
115
116
0
0
0
0
2
115
127
0
0
0
0
6
117
119
120
125
126
128
2
117
120
0
0
0
0
2
117
125
0
0
0
0
2
118
120
0
0
0
0
2
119
120
0
0
0
0
2
119
126
0
0
0
0
6
121
122
124
126
127
128
2
121
127
0
0
0
0
2
121
124
0
0
0
0
2
122
126
0
0
0
0
2
122
124
0
0
0
0
2
123
124
0
0
0
0
2
125
128
0
0
0
0
2
126
128
0
0
0
0
2
127
128
0
0
0
0
6
129
130
132
426
427
428
2
129
427
0
0
0
0
2
129
132
0
0
0
0
6
130
133
141
423
426
430
6
130
131
132
141
143
144
2
130
426
0
0
0
0
2
130
141
0
0
0
0
2
130
132
0
0
0
0
2
131
132
0
0
0
0
2
131
143
0
0
0
0
6
133
134
136
422
423
424
6
133
135
136
141
142
144
2
133
423
0
0
0
0
2
133
136
0
0
0
0
2
133
141
0
0
0
0
6
134
145
177
411
422
438
6
134
135
136
177
179
180
2
134
422
0
0
0
0
2
134
177
0
0
0
0
2
134
136
0
0
0
0
6
135
138
142
179
185
191
2
135
136
0
0
0
0
2
135
179
0
0
0
0
2
135
142
0
0
0
0
6
137
138
140
142
143
144
2
137
143
0
0
0
0
2
137
140
0
0
0
0
6
138
139
140
185
187
188
2
138
142
0
0
0
0
2
138
185
0
0
0
0
2
138
140
0
0
0
0
2
139
140
0
0
0
0
2
139
187
0
0
0
0
2
141
144
0
0
0
0
2
142
144
0
0
0
0
2
143
144
0
0
0
0
6
145
146
148
410
411
412
6
145
147
148
177
178
180
2
145
411
0
0
0
0
2
145
148
0
0
0
0
2
145
177
0
0
0
0
6
146
149
157
407
410
414
6
146
147
148
157
159
160
2
146
410
0
0
0
0
2
146
157
0
0
0
0
2
146
148
0
0
0
0
6
147
153
159
178
181
189
2
147
148
0
0
0
0
2
147
159
0
0
0
0
2
147
178
0
0
0
0
6
149
150
152
406
407
408
6
149
151
152
157
158
160
2
149
407
0
0
0
0
2
149
152
0
0
0
0
2
149
157
0
0
0
0
4
150
214
406
470
0
0
6
150
151
152
213
214
216
2
150
406
0
0
0
0
2
150
214
0
0
0
0
2
150
152
0
0
0
0
6
151
154
158
210
213
221
2
151
152
0
0
0
0
2
151
213
0
0
0
0
2
151
158
0
0
0
0
6
153
154
156
158
159
160
6
153
155
156
181
182
184
2
153
159
0
0
0
0
2
153
156
0
0
0
0
2
153
181
0
0
0
0
6
154
155
156
209
210
212
2
154
158
0
0
0
0
2
154
210
0
0
0
0
2
154
156
0
0
0
0
6
155
166
182
198
209
241
2
155
156
0
0
0
0
2
155
209
0
0
0
0
2
155
182
0
0
0
0
2
157
160
0
0
0
0
2
158
160
0
0
0
0
2
159
160
0
0
0
0
6
161
162
164
186
187
188
2
161
187
0
0
0
0
2
161
164
0
0
0
0
6
162
165
173
183
186
190
6
162
163
164
173
175
176
2
162
186
0
0
0
0
2
162
173
0
0
0
0
2
162
164
0
0
0
0
2
163
164
0
0
0
0
2
163
175
0
0
0
0
6
165
166
168
182
183
184
6
165
167
168
173
174
176
2
165
183
0
0
0
0
2
165
168
0
0
0
0
2
165
173
0
0
0
0
6
166
167
168
197
198
200
2
166
182
0
0
0
0
2
166
198
0
0
0
0
2
166
168
0
0
0
0
6
167
170
174
194
197
205
2
167
168
0
0
0
0
2
167
197
0
0
0
0
2
167
174
0
0
0
0
6
169
170
172
174
175
176
2
169
175
0
0
0
0
2
169
172
0
0
0
0
6
170
171
172
193
194
196
2
170
174
0
0
0
0
2
170
194
0
0
0
0
2
170
172
0
0
0
0
2
171
172
0
0
0
0
2
171
193
0
0
0
0
2
173
176
0
0
0
0
2
174
176
0
0
0
0
2
175
176
0
0
0
0
2
177
180
0
0
0
0
6
178
179
180
189
191
192
2
178
189
0
0
0
0
2
178
180
0
0
0
0
2
179
180
0
0
0
0
2
179
191
0
0
0
0
6
181
183
184
189
190
192
2
181
184
0
0
0
0
2
181
189
0
0
0
0
2
182
184
0
0
0
0
2
183
184
0
0
0
0
2
183
190
0
0
0
0
6
185
186
188
190
191
192
2
185
191
0
0
0
0
2
185
188
0
0
0
0
2
186
190
0
0
0
0
2
186
188
0
0
0
0
2
187
188
0
0
0
0
2
189
192
0
0
0
0
2
190
192
0
0
0
0
2
191
192
0
0
0
0
2
193
196
0
0
0
0
6
194
195
196
205
207
208
2
194
205
0
0
0
0
2
194
196
0
0
0
0
2
195
196
0
0
0
0
2
195
207
0
0
0
0
6
197
199
200
205
206
208
2
197
200
0
0
0
0
2
197
205
0
0
0
0
6
198
199
200
241
243
244
2
198
241
0
0
0
0
2
198
200
0
0
0
0
6
199
202
206
243
249
255
2
199
200
0
0
0
0
2
199
243
0
0
0
0
2
199
206
0
0
0
0
6
201
202
204
206
207
208
2
201
207
0
0
0
0
2
201
204
0
0
0
0
6
202
203
204
249
251
252
2
202
206
0
0
0
0
2
202
249
0
0
0
0
2
202
204
0
0
0
0
2
203
204
0
0
0
0
2
203
251
0
0
0
0
2
205
208
0
0
0
0
2
206
208
0
0
0
0
2
207
208
0
0
0
0
6
209
211
212
241
242
244
2
209
212
0
0
0
0
2
209
241
0
0
0
0
6
210
211
212
221
223
224
2
210
221
0
0
0
0
2
210
212
0
0
0
0
6
211
217
223
242
245
253
2
211
212
0
0
0
0
2
211
223
0
0
0
0
2
211
242
0
0
0
0
6
213
215
216
221
222
224
2
213
216
0
0
0
0
2
213
221
0
0
0
0
6
214
215
216
469
470
472
2
214
470
0
0
0
0
2
214
216
0
0
0
0
6
215
218
222
466
469
477
2
215
216
0
0
0
0
2
215
469
0
0
0
0
2
215
222
0
0
0
0
6
217
218
220
222
223
224
6
217
219
220
245
246
248
2
217
223
0
0
0
0
2
217
220
0
0
0
0
2
217
245
0
0
0
0
6
218
219
220
465
466
468
2
218
222
0
0
0
0
2
218
466
0
0
0
0
2
218
220
0
0
0
0
6
219
230
246
454
465
497
2
219
220
0
0
0
0
2
219
465
0
0
0
0
2
219
246
0
0
0
0
2
221
224
0
0
0
0
2
222
224
0
0
0
0
2
223
224
0
0
0
0
6
225
226
228
250
251
252
2
225
251
0
0
0
0
2
225
228
0
0
0
0
6
226
229
237
247
250
254
6
226
227
228
237
239
240
2
226
250
0
0
0
0
2
226
237
0
0
0
0
2
226
228
0
0
0
0
2
227
228
0
0
0
0
2
227
239
0
0
0
0
6
229
230
232
246
247
248
6
229
231
232
237
238
240
2
229
247
0
0
0
0
2
229
232
0
0
0
0
2
229
237
0
0
0
0
6
230
231
232
453
454
456
2
230
246
0
0
0
0
2
230
454
0
0
0
0
2
230
232
0
0
0
0
6
231
234
238
450
453
461
2
231
232
0
0
0
0
2
231
453
0
0
0
0
2
231
238
0
0
0
0
6
233
234
236
238
239
240
2
233
239
0
0
0
0
2
233
236
0
0
0
0
6
234
235
236
449
450
452
2
234
238
0
0
0
0
2
234
450
0
0
0
0
2
234
236
0
0
0
0
2
235
236
0
0
0
0
2
235
449
0
0
0
0
2
237
240
0
0
0
0
2
238
240
0
0
0
0
2
239
240
0
0
0
0
2
241
244
0
0
0
0
6
242
243
244
253
255
256
2
242
253
0
0
0
0
2
242
244
0
0
0
0
2
243
244
0
0
0
0
2
243
255
0
0
0
0
6
245
247
248
253
254
256
2
245
248
0
0
0
0
2
245
253
0
0
0
0
2
246
248
0
0
0
0
2
247
248
0
0
0
0
2
247
254
0
0
0
0
6
249
250
252
254
255
256
2
249
255
0
0
0
0
2
249
252
0
0
0
0
2
250
254
0
0
0
0
2
250
252
0
0
0
0
2
251
252
0
0
0
0
2
253
256
0
0
0
0
2
254
256
0
0
0
0
2
255
256
0
0
0
0
6
257
258
260
449
451
452
2
257
449
0
0
0
0
2
257
260
0
0
0
0
6
258
261
269
451
457
463
6
258
259
260
269
271
272
2
258
451
0
0
0
0
2
258
269
0
0
0
0
2
258
260
0
0
0
0
2
259
260
0
0
0
0
2
259
271
0
0
0
0
6
261
262
264
457
459
460
6
261
263
264
269
270
272
2
261
457
0
0
0
0
2
261
264
0
0
0
0
2
261
269
0
0
0
0
6
262
273
305
459
481
507
6
262
263
264
305
307
308
2
262
459
0
0
0
0
2
262
305
0
0
0
0
2
262
264
0
0
0
0
6
263
266
270
307
313
319
2
263
264
0
0
0
0
2
263
307
0
0
0
0
2
263
270
0
0
0
0
6
265
266
268
270
271
272
2
265
271
0
0
0
0
2
265
268
0
0
0
0
6
266
267
268
313
315
316
2
266
270
0
0
0
0
2
266
313
0
0
0
0
2
266
268
0
0
0
0
2
267
268
0
0
0
0
2
267
315
0
0
0
0
2
269
272
0
0
0
0
2
270
272
0
0
0
0
2
271
272
0
0
0
0
6
273
274
276
481
483
484
6
273
275
276
305
306
308
2
273
481
0
0
0
0
2
273
276
0
0
0
0
2
273
305
0
0
0
0
6
274
277
285
483
489
495
6
274
275
276
285
287
288
2
274
483
0
0
0
0
2
274
285
0
0
0
0
2
274
276
0
0
0
0
6
275
281
287
306
309
317
2
275
276
0
0
0
0
2
275
287
0
0
0
0
2
275
306
0
0
0
0
6
277
278
280
489
491
492
6
277
279
280
285
286
288
2
277
489
0
0
0
0
2
277
280
0
0
0
0
2
277
285
0
0
0
0
4
278
321
385
491
0
0
6
278
279
280
321
323
324
2
278
491
0
0
0
0
2
278
321
0
0
0
0
2
278
280
0
0
0
0
6
279
282
286
323
329
335
2
279
280
0
0
0
0
2
279
323
0
0
0
0
2
279
286
0
0
0
0
6
281
282
284
286
287
288
6
281
283
284
309
310
312
2
281
287
0
0
0
0
2
281
284
0
0
0
0
2
281
309
0
0
0
0
6
282
283
284
329
331
332
2
282
286
0
0
0
0
2
282
329
0
0
0
0
2
282
284
0
0
0
0
6
283
294
310
331
353
379
2
283
284
0
0
0
0
2
283
331
0
0
0
0
2
283
310
0
0
0
0
2
285
288
0
0
0
0
2
286
288
0
0
0
0
2
287
288
0
0
0
0
6
289
290
292
314
315
316
2
289
315
0
0
0
0
2
289
292
0
0
0
0
6
290
293
301
311
314
318
6
290
291
292
301
303
304
2
290
314
0
0
0
0
2
290
301
0
0
0
0
2
290
292
0
0
0
0
2
291
292
0
0
0
0
2
291
303
0
0
0
0
6
293
294
296
310
311
312
6
293
295
296
301
302
304
2
293
311
0
0
0
0
2
293
296
0
0
0
0
2
293
301
0
0
0
0
6
294
295
296
353
355
356
2
294
310
0
0
0
0
2
294
353
0
0
0
0
2
294
296
0
0
0
0
6
295
298
302
355
361
367
2
295
296
0
0
0
0
2
295
355
0
0
0
0
2
295
302
0
0
0
0
6
297
298
300
302
303
304
2
297
303
0
0
0
0
2
297
300
0
0
0
0
6
298
299
300
361
363
364
2
298
302
0
0
0
0
2
298
361
0
0
0
0
2
298
300
0
0
0
0
2
299
300
0
0
0
0
2
299
363
0
0
0
0
2
301
304
0
0
0
0
2
302
304
0
0
0
0
2
303
304
0
0
0
0
2
305
308
0
0
0
0
6
306
307
308
317
319
320
2
306
317
0
0
0
0
2
306
308
0
0
0
0
2
307
308
0
0
0
0
2
307
319
0
0
0
0
6
309
311
312
317
318
320
2
309
312
0
0
0
0
2
309
317
0
0
0
0
2
310
312
0
0
0
0
2
311
312
0
0
0
0
2
311
318
0
0
0
0
6
313
314
316
318
319
320
2
313
319
0
0
0
0
2
313
316
0
0
0
0
2
314
318
0
0
0
0
2
314
316
0
0
0
0
2
315
316
0
0
0
0
2
317
320
0
0
0
0
2
318
320
0
0
0
0
2
319
320
0
0
0
0
6
321
322
324
385
387
388
2
321
385
0
0
0
0
2
321
324
0
0
0
0
6
322
325
333
387
393
399
6
322
323
324
333
335
336
2
322
387
0
0
0
0
2
322
333
0
0
0
0
2
322
324
0
0
0
0
2
323
324
0
0
0
0
2
323
335
0
0
0
0
6
325
326
328
393
395
396
6
325
327
328
333
334
336
2
325
393
0
0
0
0
2
325
328
0
0
0
0
2
325
333
0
0
0
0
6
326
337
369
395
417
443
6
326
327
328
369
371
372
2
326
395
0
0
0
0
2
326
369
0
0
0
0
2
326
328
0
0
0
0
6
327
330
334
371
377
383
2
327
328
0
0
0
0
2
327
371
0
0
0
0
2
327
334
0
0
0
0
6
329
330
332
334
335
336
2
329
335
0
0
0
0
2
329
332
0
0
0
0
6
330
331
332
377
379
380
2
330
334
0
0
0
0
2
330
377
0
0
0
0
2
330
332
0
0
0
0
2
331
332
0
0
0
0
2
331
379
0
0
0
0
2
333
336
0
0
0
0
2
334
336
0
0
0
0
2
335
336
0
0
0
0
6
337
338
340
417
419
420
6
337
339
340
369
370
372
2
337
417
0
0
0
0
2
337
340
0
0
0
0
2
337
369
0
0
0
0
6
338
341
349
419
425
431
6
338
339
340
349
351
352
2
338
419
0
0
0
0
2
338
349
0
0
0
0
2
338
340
0
0
0
0
6
339
345
351
370
373
381
2
339
340
0
0
0
0
2
339
351
0
0
0
0
2
339
370
0
0
0
0
6
341
342
344
425
427
428
6
341
343
344
349
350
352
2
341
425
0
0
0
0
2
341
344
0
0
0
0
2
341
349
0
0
0
0
2
342
427
0
0
0
0
2
342
344
0
0
0
0
2
343
344
0
0
0
0
2
343
350
0
0
0
0
6
345
346
348
350
351
352
6
345
347
348
373
374
376
2
345
351
0
0
0
0
2
345
348
0
0
0
0
2
345
373
0
0
0
0
2
346
350
0
0
0
0
2
346
348
0
0
0
0
2
347
348
0
0
0
0
2
347
374
0
0
0
0
2
349
352
0
0
0
0
2
350
352
0
0
0
0
2
351
352
0
0
0
0
6
353
354
356
378
379
380
2
353
379
0
0
0
0
2
353
356
0
0
0
0
6
354
357
365
375
378
382
6
354
355
356
365
367
368
2
354
378
0
0
0
0
2
354
365
0
0
0
0
2
354
356
0
0
0
0
2
355
356
0
0
0
0
2
355
367
0
0
0
0
6
357
358
360
374
375
376
6
357
359
360
365
366
368
2
357
375
0
0
0
0
2
357
360
0
0
0
0
2
357
365
0
0
0
0
2
358
374
0
0
0
0
2
358
360
0
0
0
0
2
359
360
0
0
0
0
2
359
366
0
0
0
0
6
361
362
364
366
367
368
2
361
367
0
0
0
0
2
361
364
0
0
0
0
2
362
366
0
0
0
0
2
362
364
0
0
0
0
2
363
364
0
0
0
0
2
365
368
0
0
0
0
2
366
368
0
0
0
0
2
367
368
0
0
0
0
2
369
372
0
0
0
0
6
370
371
372
381
383
384
2
370
381
0
0
0
0
2
370
372
0
0
0
0
2
371
372
0
0
0
0
2
371
383
0
0
0
0
6
373
375
376
381
382
384
2
373
376
0
0
0
0
2
373
381
0
0
0
0
2
374
376
0
0
0
0
2
375
376
0
0
0
0
2
375
382
0
0
0
0
6
377
378
380
382
383
384
2
377
383
0
0
0
0
2
377
380
0
0
0
0
2
378
382
0
0
0
0
2
378
380
0
0
0
0
2
379
380
0
0
0
0
2
381
384
0
0
0
0
2
382
384
0
0
0
0
2
383
384
0
0
0
0
6
385
386
388
490
491
492
2
385
491
0
0
0
0
2
385
388
0
0
0
0
6
386
389
397
487
490
494
6
386
387
388
397
399
400
2
386
490
0
0
0
0
2
386
397
0
0
0
0
2
386
388
0
0
0
0
2
387
388
0
0
0
0
2
387
399
0
0
0
0
6
389
390
392
486
487
488
6
389
391
392
397
398
400
2
389
487
0
0
0
0
2
389
392
0
0
0
0
2
389
397
0
0
0
0
6
390
401
433
475
486
502
6
390
391
392
433
435
436
2
390
486
0
0
0
0
2
390
433
0
0
0
0
2
390
392
0
0
0
0
6
391
394
398
435
441
447
2
391
392
0
0
0
0
2
391
435
0
0
0
0
2
391
398
0
0
0
0
6
393
394
396
398
399
400
2
393
399
0
0
0
0
2
393
396
0
0
0
0
6
394
395
396
441
443
444
2
394
398
0
0
0
0
2
394
441
0
0
0
0
2
394
396
0
0
0
0
2
395
396
0
0
0
0
2
395
443
0
0
0
0
2
397
400
0
0
0
0
2
398
400
0
0
0
0
2
399
400
0
0
0
0
6
401
402
404
474
475
476
6
401
403
404
433
434
436
2
401
475
0
0
0
0
2
401
404
0
0
0
0
2
401
433
0
0
0
0
6
402
405
413
471
474
478
6
402
403
404
413
415
416
2
402
474
0
0
0
0
2
402
413
0
0
0
0
2
402
404
0
0
0
0
6
403
409
415
434
437
445
2
403
404
0
0
0
0
2
403
415
0
0
0
0
2
403
434
0
0
0
0
6
405
406
408
470
471
472
6
405
407
408
413
414
416
2
405
471
0
0
0
0
2
405
408
0
0
0
0
2
405
413
0
0
0
0
2
406
470
0
0
0
0
2
406
408
0
0
0
0
2
407
408
0
0
0
0
2
407
414
0
0
0
0
6
409
410
412
414
415
416
6
409
411
412
437
438
440
2
409
415
0
0
0
0
2
409
412
0
0
0
0
2
409
437
0
0
0
0
2
410
414
0
0
0
0
2
410
412
0
0
0
0
2
411
412
0
0
0
0
2
411
438
0
0
0
0
2
413
416
0
0
0
0
2
414
416
0
0
0
0
2
415
416
0
0
0
0
6
417
418
420
442
443
444
2
417
443
0
0
0
0
2
417
420
0
0
0
0
6
418
421
429
439
442
446
6
418
419
420
429
431
432
2
418
442
0
0
0
0
2
418
429
0
0
0
0
2
418
420
0
0
0
0
2
419
420
0
0
0
0
2
419
431
0
0
0
0
6
421
422
424
438
439
440
6
421
423
424
429
430
432
2
421
439
0
0
0
0
2
421
424
0
0
0
0
2
421
429
0
0
0
0
2
422
438
0
0
0
0
2
422
424
0
0
0
0
2
423
424
0
0
0
0
2
423
430
0
0
0
0
6
425
426
428
430
431
432
2
425
431
0
0
0
0
2
425
428
0
0
0
0
2
426
430
0
0
0
0
2
426
428
0
0
0
0
2
427
428
0
0
0
0
2
429
432
0
0
0
0
2
430
432
0
0
0
0
2
431
432
0
0
0
0
2
433
436
0
0
0
0
6
434
435
436
445
447
448
2
434
445
0
0
0
0
2
434
436
0
0
0
0
2
435
436
0
0
0
0
2
435
447
0
0
0
0
6
437
439
440
445
446
448
2
437
440
0
0
0
0
2
437
445
0
0
0
0
2
438
440
0
0
0
0
2
439
440
0
0
0
0
2
439
446
0
0
0
0
6
441
442
444
446
447
448
2
441
447
0
0
0
0
2
441
444
0
0
0
0
2
442
446
0
0
0
0
2
442
444
0
0
0
0
2
443
444
0
0
0
0
2
445
448
0
0
0
0
2
446
448
0
0
0
0
2
447
448
0
0
0
0
2
449
452
0
0
0
0
6
450
451
452
461
463
464
2
450
461
0
0
0
0
2
450
452
0
0
0
0
2
451
452
0
0
0
0
2
451
463
0
0
0
0
6
453
455
456
461
462
464
2
453
456
0
0
0
0
2
453
461
0
0
0
0
6
454
455
456
497
499
500
2
454
497
0
0
0
0
2
454
456
0
0
0
0
6
455
458
462
499
505
511
2
455
456
0
0
0
0
2
455
499
0
0
0
0
2
455
462
0
0
0
0
6
457
458
460
462
463
464
2
457
463
0
0
0
0
2
457
460
0
0
0
0
6
458
459
460
505
507
508
2
458
462
0
0
0
0
2
458
505
0
0
0
0
2
458
460
0
0
0
0
2
459
460
0
0
0
0
2
459
507
0
0
0
0
2
461
464
0
0
0
0
2
462
464
0
0
0
0
2
463
464
0
0
0
0
6
465
467
468
497
498
500
2
465
468
0
0
0
0
2
465
497
0
0
0
0
6
466
467
468
477
479
480
2
466
477
0
0
0
0
2
466
468
0
0
0
0
6
467
473
479
498
501
509
2
467
468
0
0
0
0
2
467
479
0
0
0
0
2
467
498
0
0
0
0
6
469
471
472
477
478
480
2
469
472
0
0
0
0
2
469
477
0
0
0
0
2
470
472
0
0
0
0
2
471
472
0
0
0
0
2
471
478
0
0
0
0
6
473
474
476
478
479
480
6
473
475
476
501
502
504
2
473
479
0
0
0
0
2
473
476
0
0
0
0
2
473
501
0
0
0
0
2
474
478
0
0
0
0
2
474
476
0
0
0
0
2
475
476
0
0
0
0
2
475
502
0
0
0
0
2
477
480
0
0
0
0
2
478
480
0
0
0
0
2
479
480
0
0
0
0
6
481
482
484
506
507
508
2
481
507
0
0
0
0
2
481
484
0
0
0
0
6
482
485
493
503
506
510
6
482
483
484
493
495
496
2
482
506
0
0
0
0
2
482
493
0
0
0
0
2
482
484
0
0
0
0
2
483
484
0
0
0
0
2
483
495
0
0
0
0
6
485
486
488
502
503
504
6
485
487
488
493
494
496
2
485
503
0
0
0
0
2
485
488
0
0
0
0
2
485
493
0
0
0
0
2
486
502
0
0
0
0
2
486
488
0
0
0
0
2
487
488
0
0
0
0
2
487
494
0
0
0
0
6
489
490
492
494
495
496
2
489
495
0
0
0
0
2
489
492
0
0
0
0
2
490
494
0
0
0
0
2
490
492
0
0
0
0
2
491
492
0
0
0
0
2
493
496
0
0
0
0
2
494
496
0
0
0
0
2
495
496
0
0
0
0
2
497
500
0
0
0
0
6
498
499
500
509
511
512
2
498
509
0
0
0
0
2
498
500
0
0
0
0
2
499
500
0
0
0
0
2
499
511
0
0
0
0
6
501
503
504
509
510
512
2
501
504
0
0
0
0
2
501
509
0
0
0
0
2
502
504
0
0
0
0
2
503
504
0
0
0
0
2
503
510
0
0
0
0
6
505
506
508
510
511
512
2
505
511
0
0
0
0
2
505
508
0
0
0
0
2
506
510
0
0
0
0
2
506
508
0
0
0
0
2
507
508
0
0
0
0
2
509
512
0
0
0
0
2
510
512
0
0
0
0
2
511
512
0
0
0
0
193
4
86
195
13
4
4
15
87
2
3
1
201
8
13
203
49
8
8
51
14
6
7
5
15
12
90
14
57
12
12
59
91
10
11
9
5
16
2
7
10
16
16
9
3
14
15
13
225
20
49
227
29
20
20
31
50
18
19
17
233
24
29
235
257
24
24
259
30
22
23
21
31
28
53
30
265
28
28
267
54
26
27
25
21
32
18
23
26
32
32
25
19
30
31
29
59
36
102
58
45
36
36
47
103
34
35
33
55
40
45
54
289
40
40
291
46
38
39
37
47
44
106
46
297
44
44
299
107
42
43
41
37
48
34
39
42
48
48
41
35
46
47
45
17
52
6
19
61
52
52
63
7
50
51
49
25
56
61
27
38
56
56
37
62
54
55
53
63
60
10
62
34
60
60
33
11
58
59
57
53
64
50
55
58
64
64
57
51
62
63
61
129
68
342
131
77
68
68
79
343
66
67
65
137
72
77
139
113
72
72
115
78
70
71
69
79
76
346
78
121
76
76
123
347
74
75
73
69
80
66
71
74
80
80
73
67
78
79
77
161
84
113
163
93
84
84
95
114
82
83
81
169
88
93
171
1
88
88
3
94
86
87
85
95
92
117
94
9
92
92
11
118
90
91
89
85
96
82
87
90
96
96
89
83
94
95
93
123
100
358
122
109
100
100
111
359
98
99
97
119
104
109
118
33
104
104
35
110
102
103
101
111
108
362
110
41
108
108
43
363
106
107
105
101
112
98
103
106
112
112
105
99
110
111
109
81
116
70
83
125
116
116
127
71
114
115
113
89
120
125
91
102
120
120
101
126
118
119
117
127
124
74
126
98
124
124
97
75
122
123
121
117
128
114
119
122
128
128
121
115
126
127
125
427
132
65
426
141
132
132
143
66
130
131
129
423
136
141
422
177
136
136
179
142
134
135
133
143
140
69
142
185
140
140
187
70
138
139
137
133
144
130
135
138
144
144
137
131
142
143
141
411
148
177
410
157
148
148
159
178
146
147
145
407
152
157
406
214
152
152
213
158
150
151
149
159
156
181
158
210
156
156
209
182
154
155
153
149
160
146
151
154
160
160
153
147
158
159
157
187
164
81
186
173
164
164
175
82
162
163
161
183
168
173
182
198
168
168
197
174
166
167
165
175
172
85
174
194
172
172
193
86
170
171
169
165
176
162
167
170
176
176
169
163
174
175
173
145
180
134
147
189
180
180
191
135
178
179
177
153
184
189
155
166
184
184
165
190
182
183
181
191
188
138
190
162
188
188
161
139
186
187
185
181
192
178
183
186
192
192
185
179
190
191
189
171
196
1
170
205
196
196
207
2
194
195
193
167
200
205
166
241
200
200
243
206
198
199
197
207
204
5
206
249
204
204
251
6
202
203
201
197
208
194
199
202
208
208
201
195
206
207
205
155
212
241
154
221
212
212
223
242
210
211
209
151
216
221
150
470
216
216
469
222
214
215
213
223
220
245
222
466
220
220
465
246
218
219
217
213
224
210
215
218
224
224
217
211
222
223
221
251
228
17
250
237
228
228
239
18
226
227
225
247
232
237
246
454
232
232
453
238
230
231
229
239
236
21
238
450
236
236
449
22
234
235
233
229
240
226
231
234
240
240
233
227
238
239
237
209
244
198
211
253
244
244
255
199
242
243
241
217
248
253
219
230
248
248
229
254
246
247
245
255
252
202
254
226
252
252
225
203
250
251
249
245
256
242
247
250
256
256
249
243
254
255
253
449
260
22
451
269
260
260
271
23
258
259
257
457
264
269
459
305
264
264
307
270
262
263
261
271
268
26
270
313
268
268
315
27
266
267
265
261
272
258
263
266
272
272
265
259
270
271
269
481
276
305
483
285
276
276
287
306
274
275
273
489
280
285
491
321
280
280
323
286
278
279
277
287
284
309
286
329
284
284
331
310
282
283
281
277
288
274
279
282
288
288
281
275
286
287
285
315
292
38
314
301
292
292
303
39
290
291
289
311
296
301
310
353
296
296
355
302
294
295
293
303
300
42
302
361
300
300
363
43
298
299
297
293
304
290
295
298
304
304
297
291
302
303
301
273
308
262
275
317
308
308
319
263
306
307
305
281
312
317
283
294
312
312
293
318
310
311
309
319
316
266
318
290
316
316
289
267
314
315
313
309
320
306
311
314
320
320
313
307
318
319
317
385
324
278
387
333
324
324
335
279
322
323
321
393
328
333
395
369
328
328
371
334
326
327
325
335
332
282
334
377
332
332
379
283
330
331
329
325
336
322
327
330
336
336
329
323
334
335
333
417
340
369
419
349
340
340
351
370
338
339
337
425
344
349
427
65
344
344
67
350
342
343
341
351
348
373
350
73
348
348
75
374
346
347
345
341
352
338
343
346
352
352
345
339
350
351
349
379
356
294
378
365
356
356
367
295
354
355
353
375
360
365
374
97
360
360
99
366
358
359
357
367
364
298
366
105
364
364
107
299
362
363
361
357
368
354
359
362
368
368
361
355
366
367
365
337
372
326
339
381
372
372
383
327
370
371
369
345
376
381
347
358
376
376
357
382
374
375
373
383
380
330
382
354
380
380
353
331
378
379
377
373
384
370
375
378
384
384
377
371
382
383
381
491
388
321
490
397
388
388
399
322
386
387
385
487
392
397
486
433
392
392
435
398
390
391
389
399
396
325
398
441
396
396
443
326
394
395
393
389
400
386
391
394
400
400
393
387
398
399
397
475
404
433
474
413
404
404
415
434
402
403
401
471
408
413
470
150
408
408
149
414
406
407
405
415
412
437
414
146
412
412
145
438
410
411
409
405
416
402
407
410
416
416
409
403
414
415
413
443
420
337
442
429
420
420
431
338
418
419
417
439
424
429
438
134
424
424
133
430
422
423
421
431
428
341
430
130
428
428
129
342
426
427
425
421
432
418
423
426
432
432
425
419
430
431
429
401
436
390
403
445
436
436
447
391
434
435
433
409
440
445
411
422
440
440
421
446
438
439
437
447
444
394
446
418
444
444
417
395
442
443
441
437
448
434
439
442
448
448
441
435
446
447
445
235
452
257
234
461
452
452
463
258
450
451
449
231
456
461
230
497
456
456
499
462
454
455
453
463
460
261
462
505
460
460
507
262
458
459
457
453
464
450
455
458
464
464
457
451
462
463
461
219
468
497
218
477
468
468
479
498
466
467
465
215
472
477
214
406
472
472
405
478
470
471
469
479
476
501
478
402
476
476
401
502
474
475
473
469
480
466
471
474
480
480
473
467
478
479
477
507
484
273
506
493
484
484
495
274
482
483
481
503
488
493
502
390
488
488
389
494
486
487
485
495
492
277
494
386
492
492
385
278
490
491
489
485
496
482
487
490
496
496
489
483
494
495
493
465
500
454
467
509
500
500
511
455
498
499
497
473
504
509
475
486
504
504
485
510
502
503
501
511
508
458
510
482
508
508
481
459
506
507
505
501
512
498
503
506
512
512
505
499
510
511
509
