320
642
0.074229 0.190794 0.604953
0.338243 0.218220 0.757515
0.091635 0.366974 0.743787
0.175225 0.264791 0.725428
0.542095 0.209626 0.668525
0.679333 0.236831 0.467980
0.501529 0.350679 0.466493
0.578029 0.268976 0.544920
0.067415 0.438125 0.640108
0.297830 0.392549 0.434415
0.091078 0.398910 0.401549
0.149132 0.410546 0.500855
0.408533 0.262950 0.731510
0.369994 0.362674 0.529303
0.159049 0.391747 0.715080
0.312930 0.334294 0.670716
0.085141 0.073357 0.504355
0.181801 -0.080944 0.422349
0.376196 0.106738 0.687613
0.224090 0.035871 0.554928
0.269554 -0.233090 0.311268
0.338550 -0.363380 0.177811
0.592155 -0.216252 0.362872
0.402549 -0.264486 0.288241
0.617894 0.104415 0.679691
0.767362 -0.069004 0.515438
0.757863 0.123395 0.488581
0.732357 0.050328 0.576689
0.328546 -0.123682 0.440233
0.647539 -0.128522 0.503639
0.522285 0.046256 0.672774
0.516925 -0.067349 0.557973
-0.077631 -0.027547 0.438756
-0.238138 -0.279886 0.550284
0.008736 -0.189420 0.375655
-0.111746 -0.173509 0.442635
-0.295843 -0.466007 0.644582
-0.273550 -0.437969 0.488607
-0.112613 -0.637480 0.523680
-0.236433 -0.534623 0.571522
0.107079 -0.351378 0.290301
0.051252 -0.655492 0.376074
0.216349 -0.496117 0.200143
0.117872 -0.515511 0.289606
-0.219475 -0.427952 0.592543
-0.061361 -0.623513 0.486008
-0.006994 -0.350446 0.372571
-0.108813 -0.482602 0.481810
-0.174237 0.030471 0.476703
-0.367943 0.057774 0.561845
-0.332189 -0.205531 0.617694
-0.302402 -0.041136 0.547993
-0.559209 0.111626 0.538791
-0.715514 0.165726 0.415663
-0.702673 -0.049026 0.477850
-0.671888 0.071378 0.495339
-0.415078 -0.359502 0.645043
-0.586206 -0.223043 0.491714
-0.394197 -0.329308 0.465742
-0.476316 -0.319459 0.549117
-0.497786 0.007216 0.594076
-0.625025 -0.149250 0.550169
-0.432761 -0.247093 0.660414
-0.532818 -0.133257 0.622944
-0.091079 0.180759 0.536367
-0.067415 0.376595 0.678133
-0.297831 0.213000 0.545377
-0.149132 0.264377 0.591188
-0.091635 0.501150 0.660863
-0.074230 0.455768 0.441197
-0.338243 0.579956 0.533953
-0.175226 0.530430 0.561258
-0.501529 0.260416 0.522275
-0.542095 0.504201 0.486467
-0.679333 0.312661 0.421113
-0.578028 0.367103 0.484273
-0.159050 0.464394 0.670181
-0.408533 0.536690 0.562328
-0.369993 0.311231 0.561092
-0.312930 0.450408 0.598951
0.174235 0.412755 0.240446
0.367943 0.476697 0.302941
0.332188 0.644400 0.092409
0.302402 0.508540 0.208278
0.559208 0.431992 0.340798
0.715514 0.297668 0.334120
0.702671 0.449327 0.169852
0.671887 0.411125 0.285366
0.415078 0.737718 -0.033076
0.586204 0.539548 0.020407
0.394195 0.563844 -0.086256
0.476314 0.634012 -0.040158
0.497785 0.528135 0.272134
0.625024 0.558832 0.112551
0.432760 0.701197 0.074340
0.532816 0.616774 0.159401
0.836284 0.102577 0.354821
0.841347 -0.097421 0.377911
0.919291 -0.000206 0.150212
0.884762 0.001094 0.305401
0.675256 -0.261221 0.272152
0.444670 -0.412083 0.121200
0.651184 -0.415455 0.045401
0.591770 -0.358158 0.140910
0.907152 -0.116994 -0.077598
0.782636 -0.351586 -0.096574
0.812228 -0.219053 -0.270070
0.848567 -0.234770 -0.148036
0.804624 -0.201908 0.275392
0.769969 -0.336998 0.026536
0.911175 -0.117200 0.072614
0.839923 -0.220388 0.125285
0.273550 -0.632889 0.173219
0.112612 -0.753484 0.335980
0.295842 -0.784937 0.128542
0.236433 -0.750276 0.222587
-0.051253 -0.629519 0.418102
-0.216349 -0.400885 0.354232
-0.107081 -0.416795 0.184453
-0.117873 -0.489577 0.331569
0.238136 -0.617358 0.004241
-0.008738 -0.420709 0.001421
0.077630 -0.404758 -0.171582
0.111744 -0.473501 -0.042765
0.061359 -0.713544 0.340336
0.006991 -0.489964 0.146827
0.219473 -0.721373 0.117777
0.108811 -0.646772 0.216177
-0.444673 -0.292694 0.314375
-0.651188 -0.226408 0.351291
-0.675259 -0.360244 0.111934
-0.591773 -0.286209 0.257328
-0.782638 -0.070858 0.357658
-0.812229 0.143594 0.316704
-0.907153 0.017083 0.139346
-0.848568 0.027414 0.276188
-0.841347 -0.381583 -0.081869
-0.919291 -0.134446 -0.066992
-0.836284 -0.271487 -0.250426
-0.884762 -0.272670 -0.137557
-0.769972 -0.174447 0.289555
-0.911174 -0.117363 0.072353
-0.804626 -0.336616 0.057434
-0.839924 -0.210621 0.141092
-0.757863 0.381817 0.328866
-0.617895 0.561241 0.397358
-0.767363 0.491882 0.168789
-0.732357 0.493300 0.302917
-0.376196 0.567291 0.402979
-0.085142 0.418309 0.291170
-0.181802 0.413963 0.116484
-0.224090 0.480306 0.280258
-0.592158 0.421278 -0.031141
-0.269557 0.382652 -0.069277
-0.338552 0.321548 -0.245494
-0.402552 0.376098 -0.107657
-0.522286 0.581065 0.342245
-0.328548 0.449074 0.086253
-0.647541 0.507950 0.110278
-0.516926 0.529192 0.189293
0.077630 0.404759 0.171583
0.238136 0.617359 -0.004241
-0.008738 0.420710 -0.001421
0.111744 0.473502 0.042765
0.295842 0.784938 -0.128542
0.273549 0.632889 -0.173219
0.112611 0.753485 -0.335980
0.236433 0.750276 -0.222587
-0.107082 0.416797 -0.184453
-0.051255 0.629520 -0.418101
-0.216351 0.400885 -0.354230
-0.117875 0.489579 -0.331568
0.219473 0.721374 -0.117776
0.061358 0.713545 -0.340335
0.006991 0.489966 -0.146827
0.108811 0.646773 -0.216177
0.812228 0.219053 0.270069
0.907152 0.116994 0.077598
0.782637 0.351586 0.096573
0.848568 0.234770 0.148036
0.919291 0.000206 -0.150212
0.836284 -0.102577 -0.354821
0.841346 0.097422 -0.377911
0.884762 -0.001093 -0.305401
0.651185 0.415456 -0.045401
0.675257 0.261222 -0.272152
0.444671 0.412083 -0.121200
0.591771 0.358159 -0.140911
0.911175 0.117200 -0.072614
0.804625 0.201909 -0.275392
0.769971 0.336999 -0.026536
0.839924 0.220389 -0.125285
0.394195 -0.563843 0.086256
0.415077 -0.737718 0.033076
0.586203 -0.539548 -0.020407
0.476313 -0.634011 0.040158
0.332188 -0.644400 -0.092409
0.174235 -0.412754 -0.240446
0.367942 -0.476697 -0.302941
0.302401 -0.508539 -0.208278
0.702670 -0.449327 -0.169853
0.559207 -0.431991 -0.340798
0.715514 -0.297668 -0.334121
0.671887 -0.411125 -0.285367
0.432760 -0.701196 -0.074339
0.497784 -0.528134 -0.272134
0.625023 -0.558832 -0.112552
0.532816 -0.616773 -0.159402
-0.338551 -0.321548 0.245496
-0.592158 -0.421277 0.031142
-0.269556 -0.382651 0.069278
-0.402551 -0.376097 0.107658
-0.767363 -0.491882 -0.168789
-0.757862 -0.381817 -0.328866
-0.617895 -0.561241 -0.397358
-0.732357 -0.493300 -0.302917
-0.181802 -0.413963 -0.116484
-0.376196 -0.567291 -0.402979
-0.085142 -0.418309 -0.291170
-0.224090 -0.480307 -0.280258
-0.647541 -0.507949 -0.110278
-0.522286 -0.581065 -0.342246
-0.328548 -0.449074 -0.086254
-0.516926 -0.529192 -0.189293
-0.836284 0.271487 0.250426
-0.841347 0.381583 0.081869
-0.919291 0.134446 0.066992
-0.884762 0.272670 0.137557
-0.675259 0.360244 -0.111933
-0.444673 0.292695 -0.314374
-0.651189 0.226409 -0.351292
-0.591774 0.286210 -0.257329
-0.907153 -0.017083 -0.139346
-0.782639 0.070858 -0.357658
-0.812229 -0.143594 -0.316704
-0.848569 -0.027414 -0.276188
-0.804626 0.336617 -0.057434
-0.769973 0.174448 -0.289555
-0.911175 0.117363 -0.072354
-0.839925 0.210621 -0.141093
-0.273551 0.437969 -0.488605
-0.112614 0.637481 -0.523679
-0.295844 0.466007 -0.644582
-0.236435 0.534624 -0.571521
0.051252 0.655492 -0.376074
0.216348 0.496117 -0.200143
0.107078 0.351377 -0.290298
0.117871 0.515511 -0.289605
-0.238138 0.279886 -0.550284
0.008735 0.189419 -0.375652
-0.077631 0.027547 -0.438757
-0.111746 0.173509 -0.442634
-0.061361 0.623514 -0.486008
-0.006994 0.350446 -0.372569
-0.219475 0.427952 -0.592542
-0.108813 0.482602 -0.481810
0.338550 0.363380 -0.177811
0.592156 0.216253 -0.362872
0.269554 0.233090 -0.311266
0.402550 0.264487 -0.288242
0.767362 0.069005 -0.515438
0.757863 -0.123395 -0.488582
0.617894 -0.104415 -0.679692
0.732357 -0.050328 -0.576689
0.181800 0.080943 -0.422346
0.376196 -0.106738 -0.687613
0.085141 -0.073357 -0.504356
0.224090 -0.035871 -0.554927
0.647539 0.128523 -0.503639
0.522285 -0.046256 -0.672775
0.328546 0.123682 -0.440231
0.516925 0.067350 -0.557974
0.679333 -0.236831 -0.467980
0.501529 -0.350678 -0.466493
0.542095 -0.209626 -0.668526
0.578029 -0.268975 -0.544921
0.297829 -0.392549 -0.434415
0.091078 -0.398911 -0.401549
0.067415 -0.438127 -0.640108
0.149132 -0.410548 -0.500855
0.338242 -0.218220 -0.757516
0.091635 -0.366974 -0.743787
0.074230 -0.190794 -0.604955
0.175225 -0.264791 -0.725428
0.369993 -0.362673 -0.529303
0.159049 -0.391748 -0.715080
0.408533 -0.262950 -0.731511
0.312930 -0.334294 -0.670716
-0.074230 -0.455769 -0.441197
-0.338243 -0.579956 -0.533953
-0.091635 -0.501152 -0.660863
-0.175225 -0.530431 -0.561258
-0.542095 -0.504201 -0.486467
-0.679333 -0.312660 -0.421113
-0.501529 -0.260416 -0.522275
-0.578028 -0.367103 -0.484273
-0.067415 -0.376595 -0.678132
-0.297830 -0.213000 -0.545376
-0.091078 -0.180759 -0.536369
-0.149132 -0.264378 -0.591187
-0.408533 -0.536690 -0.562329
-0.369993 -0.311231 -0.561091
-0.159050 -0.464394 -0.670180
-0.312930 -0.450408 -0.598951
-0.715514 -0.165726 -0.415663
-0.702674 0.049026 -0.477850
-0.559208 -0.111626 -0.538790
-0.671889 -0.071378 -0.495339
-0.586207 0.223044 -0.491714
-0.394197 0.329309 -0.465742
-0.415079 0.359503 -0.645043
-0.476316 0.319460 -0.549118
-0.367942 -0.057774 -0.561845
-0.332189 0.205532 -0.617694
-0.174235 -0.030471 -0.476705
-0.302401 0.041137 -0.547993
-0.625026 0.149250 -0.550169
-0.432762 0.247093 -0.660413
-0.497785 -0.007215 -0.594076
-0.532817 0.133257 -0.622943
-0.040013 0.108796 0.440421
0.250772 0.157717 0.696122
0.011929 0.305869 0.678316
0.105379 0.133257 0.568272
0.131351 0.231793 0.687219
-0.014042 0.207332 0.559368
0.500981 0.166158 0.774577
0.262975 0.330786 0.801846
0.375876 0.161938 0.735349
0.381978 0.248472 0.788212
0.256873 0.244251 0.748984
-0.000000 0.464266 0.751199
0.137452 0.318327 0.740081
0.131487 0.397526 0.776523
0.005965 0.385068 0.714757
0.663662 0.170816 0.612892
0.461642 0.291906 0.618106
0.582321 0.168487 0.693734
0.562652 0.231361 0.615499
0.481312 0.229032 0.696341
0.765557 0.195471 0.387284
0.608781 0.344206 0.403763
0.714610 0.183143 0.500088
0.687169 0.269838 0.395524
0.636222 0.257511 0.508327
0.434165 0.415925 0.377609
0.535212 0.318056 0.510935
0.521473 0.380066 0.390686
0.447904 0.353916 0.497858
0.214173 0.380190 0.592194
-0.011929 0.469918 0.576930
0.107086 0.422228 0.671697
0.101122 0.425054 0.584562
-0.005965 0.467092 0.664065
0.245153 0.381531 0.333442
0.324169 0.398058 0.484902
0.339659 0.398728 0.355525
0.229663 0.380860 0.462818
0.040011 0.345280 0.294277
0.116612 0.425725 0.455186
0.142582 0.363405 0.313859
0.014041 0.407599 0.435603
0.362309 0.311346 0.709976
0.337908 0.336048 0.605150
0.238574 0.355488 0.697020
0.044663 -0.046441 0.376521
0.002325 0.031177 0.408471
0.147717 0.055638 0.536322
0.123904 -0.192728 0.298386
0.376835 -0.003662 0.592140
0.084283 -0.119585 0.337453
0.250369 -0.098195 0.445263
0.210749 -0.025052 0.484331
0.313803 0.077028 0.644131
0.438908 0.081248 0.683359
0.199859 -0.331885 0.205247
0.484900 -0.174657 0.430173
0.161881 -0.262306 0.251816
0.342379 -0.253271 0.317710
0.304402 -0.183692 0.364279
0.292904 -0.471338 0.098882
0.522888 -0.286918 0.229304
0.246381 -0.401611 0.152064
0.407896 -0.379128 0.164093
0.361374 -0.309401 0.217276
0.768677 -0.187182 0.429138
0.503894 -0.230787 0.329739
0.645783 -0.237050 0.329221
0.626789 -0.180919 0.429656
0.689040 -0.023728 0.651606
0.595010 0.071215 0.713091
0.676351 0.073544 0.632249
0.844369 0.003897 0.465568
0.728859 -0.105455 0.540372
0.806523 -0.091642 0.447353
0.766704 -0.009915 0.558587
0.754016 0.087357 0.539230
0.804963 0.099684 0.426426
0.430867 -0.089159 0.511157
0.586970 -0.099192 0.540890
0.532937 -0.013695 0.621873
-0.237543 -0.144995 0.499324
-0.138778 -0.018099 0.469873
-0.096440 -0.095718 0.437923
-0.334513 -0.365572 0.699468
-0.142358 -0.329091 0.452058
-0.286028 -0.255283 0.599396
-0.238435 -0.347331 0.575763
-0.189951 -0.237043 0.475691
-0.048848 -0.187766 0.414290
-0.009227 -0.260909 0.375222
-0.371462 -0.443255 0.608177
-0.181555 -0.589193 0.626102
-0.352987 -0.404413 0.653823
-0.276508 -0.516224 0.617139
-0.258034 -0.477383 0.662785
-0.292904 -0.299229 0.377356
-0.156283 -0.571422 0.480286
-0.332183 -0.371242 0.492767
-0.224593 -0.435326 0.428821
-0.263873 -0.507338 0.544232
-0.000000 -0.751826 0.464652
-0.168919 -0.580308 0.553194
-0.078142 -0.661624 0.472469
-0.090778 -0.670510 0.545377
-0.002527 -0.529521 0.367270
0.060689 -0.361124 0.332828
0.098666 -0.430703 0.286259
0.156283 -0.685128 0.296301
-0.001264 -0.640673 0.415961
0.078142 -0.718477 0.380477
0.076878 -0.607324 0.331786
0.178071 -0.508506 0.250774
0.224594 -0.578233 0.197591
-0.161957 -0.459142 0.539080
-0.092041 -0.559357 0.496686
-0.072443 -0.429306 0.409664
-0.245153 0.127613 0.490365
-0.142583 0.118204 0.465393
-0.241348 -0.008691 0.494845
-0.434165 0.151736 0.540880
-0.424511 -0.106028 0.654290
-0.339659 0.139675 0.515622
-0.429338 0.022854 0.597585
-0.334832 0.010793 0.572327
-0.331027 -0.125511 0.576807
-0.379512 -0.235800 0.676879
-0.608780 0.207203 0.488433
-0.634681 -0.024062 0.587059
-0.521472 0.179470 0.514657
-0.621731 0.091571 0.537746
-0.534423 0.063837 0.563969
-0.765557 0.258981 0.348031
-0.772204 0.030993 0.410526
-0.687168 0.233092 0.418232
-0.768880 0.144987 0.379278
-0.690492 0.119098 0.449480
-0.701135 -0.154008 0.435966
-0.703443 0.003466 0.498792
-0.736669 -0.061507 0.423246
-0.667908 -0.089035 0.511512
-0.539260 -0.269680 0.627483
-0.436887 -0.317626 0.663476
-0.455361 -0.356467 0.617830
-0.518224 -0.245441 0.411692
-0.620198 -0.211844 0.531725
-0.609679 -0.199724 0.423829
-0.528742 -0.257561 0.519588
-0.444843 -0.344348 0.509934
-0.405564 -0.272335 0.394524
-0.529596 -0.065045 0.620674
-0.586971 -0.146871 0.607271
-0.481886 -0.187854 0.640887
-0.116612 0.216741 0.584340
-0.214174 0.359650 0.604885
-0.107087 0.411958 0.678042
-0.101122 0.332760 0.641600
-0.229663 0.243632 0.547625
-0.324169 0.255693 0.572883
-0.262975 0.569265 0.654458
-0.137452 0.519592 0.615694
-0.131488 0.516766 0.702829
-0.250773 0.552105 0.452384
-0.105381 0.448692 0.373330
-0.131351 0.511012 0.514657
-0.500981 0.618497 0.495016
-0.256874 0.560685 0.553421
-0.375877 0.585301 0.473700
-0.381978 0.593881 0.574737
-0.461642 0.422307 0.537511
-0.447903 0.287022 0.539195
-0.535211 0.314755 0.512972
-0.663663 0.471798 0.426875
-0.481311 0.520402 0.516263
-0.582322 0.545148 0.460946
-0.562652 0.447053 0.482193
-0.636221 0.339501 0.457654
-0.714610 0.365389 0.387453
-0.238574 0.464458 0.629672
-0.362308 0.495786 0.595984
-0.337908 0.390979 0.571198
0.237542 0.511453 0.093621
0.241347 0.446492 0.213531
0.138776 0.428366 0.193949
0.424511 0.632636 0.197773
0.429338 0.524281 0.287691
0.334832 0.507083 0.265607
0.334511 0.789112 -0.014165
0.331026 0.572044 0.145697
0.379511 0.710874 0.091804
0.286026 0.650283 0.039728
0.634679 0.535844 0.241020
0.621730 0.440025 0.322392
0.534422 0.475885 0.309315
0.772203 0.353327 0.211313
0.768880 0.274399 0.299299
0.690492 0.348766 0.307538
0.701132 0.458811 0.057223
0.703441 0.444585 0.226167
0.736667 0.406069 0.134268
0.667905 0.497327 0.149122
0.539260 0.681842 0.039411
0.371462 0.742201 -0.124474
0.436885 0.735477 0.012623
0.455361 0.712021 -0.042531
0.352987 0.765657 -0.069320
0.518220 0.477992 -0.035413
0.620196 0.570326 0.048317
0.609676 0.468402 0.010905
0.528740 0.579917 0.001999
0.292904 0.471338 -0.098882
0.444841 0.610097 -0.079943
0.405562 0.474665 -0.067148
0.332183 0.606769 -0.111678
0.529595 0.584240 0.219396
0.586969 0.608843 0.140216
0.481885 0.657239 0.118592
0.898925 0.108362 0.211610
0.871647 0.056130 0.338589
0.832241 0.151917 0.299447
0.910993 -0.108979 0.239025
0.839835 -0.148080 0.334082
0.877681 -0.052541 0.352297
0.947956 0.000000 0.000000
0.904959 -0.000308 0.225318
0.929475 -0.054489 0.119513
0.923440 0.054181 0.105805
0.734202 -0.309564 0.158013
0.628545 -0.298241 0.193659
0.751440 -0.248373 0.293575
0.518218 -0.477992 0.035413
0.405561 -0.474665 0.067147
0.520553 -0.382455 0.132359
0.701131 -0.458811 -0.057223
0.626210 -0.393778 0.096713
0.609675 -0.468401 -0.010905
0.717667 -0.384187 0.050395
0.874575 -0.242621 -0.021183
0.898925 -0.108362 -0.211610
0.911265 -0.121310 -0.010592
0.886750 -0.175491 -0.116397
0.923440 -0.054181 -0.105805
0.772203 -0.353326 -0.211315
0.787853 -0.350716 -0.039203
0.736667 -0.406069 -0.134269
0.823389 -0.297974 -0.116249
0.765557 -0.195471 -0.387284
0.835564 -0.230844 -0.211462
0.768880 -0.274399 -0.299300
0.832241 -0.151916 -0.299447
0.822598 -0.209271 0.198519
0.804388 -0.276092 0.068415
0.892784 -0.175800 0.108921
0.371462 -0.742200 0.124473
0.263872 -0.713664 0.210387
0.332183 -0.606769 0.111677
0.181553 -0.823499 0.246987
0.090776 -0.787662 0.355820
0.168918 -0.754313 0.271644
0.334511 -0.789112 0.014167
0.276507 -0.782850 0.185730
0.258032 -0.806305 0.130577
0.352986 -0.765656 0.069320
0.002524 -0.565308 0.309367
-0.076879 -0.568365 0.394827
0.001262 -0.658567 0.387010
-0.199860 -0.332003 0.205054
-0.246382 -0.315616 0.291205
-0.178072 -0.451712 0.342670
-0.123906 -0.353073 0.038937
-0.098668 -0.448655 0.257211
-0.161883 -0.342538 0.121996
-0.060691 -0.459191 0.174152
0.142356 -0.551510 0.092178
0.237542 -0.511452 -0.093621
0.238433 -0.670311 0.053172
0.189949 -0.531481 -0.000721
0.286027 -0.650282 -0.039727
-0.044664 -0.357543 -0.126851
0.009225 -0.452291 0.065557
-0.084285 -0.355308 -0.043957
0.048846 -0.454526 -0.017336
0.040011 -0.345279 -0.294275
0.096439 -0.434497 -0.110236
-0.002327 -0.351411 -0.210563
0.138776 -0.428365 -0.193948
0.092039 -0.694403 0.278177
0.072440 -0.558409 0.200773
0.161954 -0.687504 0.169583
-0.522890 -0.333412 0.154077
-0.520557 -0.289426 0.282884
-0.407897 -0.316321 0.265717
-0.734206 -0.279775 0.206217
-0.717671 -0.216891 0.321091
-0.626215 -0.262608 0.308954
-0.768680 -0.467544 -0.024493
-0.628548 -0.306593 0.180147
-0.751443 -0.373659 0.090862
-0.645785 -0.400478 0.064792
-0.874575 -0.089559 0.226482
-0.823390 -0.029283 0.318504
-0.787855 -0.121783 0.331224
-0.898926 0.140807 0.191555
-0.832241 0.199894 0.269793
-0.835565 0.085900 0.301041
-0.947956 0.000000 0.000000
-0.886751 0.025624 0.209019
-0.923441 0.070404 0.095778
-0.911266 -0.044779 0.113241
-0.910992 -0.262530 -0.009422
-0.844369 -0.414674 -0.211693
-0.839836 -0.365037 -0.016957
-0.877681 -0.338602 -0.110557
-0.806524 -0.441109 -0.118093
-0.898926 -0.140807 -0.191555
-0.929474 -0.131265 -0.004711
-0.923441 -0.070404 -0.095778
-0.904959 -0.201669 -0.100488
-0.765557 -0.258980 -0.348030
-0.871648 -0.277740 -0.201624
-0.832241 -0.199894 -0.269793
-0.804963 -0.336827 -0.279862
-0.804391 -0.184667 0.216349
-0.892784 -0.176044 0.108530
-0.822599 -0.271152 0.098397
-0.844369 0.414674 0.211693
-0.754016 0.443236 0.319284
-0.804963 0.336827 0.279862
-0.689040 0.593428 0.270182
-0.595011 0.605963 0.382599
-0.676351 0.532613 0.348529
-0.768679 0.467544 0.024493
-0.766705 0.504051 0.240938
-0.728860 0.530486 0.147337
-0.806524 0.441109 0.118093
-0.376835 0.531270 0.261538
-0.313804 0.541687 0.356961
-0.438908 0.574884 0.378277
-0.044664 0.357543 0.126850
-0.002327 0.351411 0.210563
-0.147718 0.454824 0.289617
-0.123906 0.353076 -0.038937
-0.210749 0.444407 0.194194
-0.084285 0.355310 0.043957
-0.250371 0.442173 0.111301
-0.484904 0.462877 0.036159
-0.522890 0.333412 -0.154076
-0.626791 0.465211 0.030326
-0.503897 0.398145 -0.058959
-0.645785 0.400478 -0.064791
-0.199863 0.332004 -0.205053
-0.304405 0.407977 -0.001389
-0.161884 0.342540 -0.121995
-0.342383 0.397440 -0.084447
-0.292904 0.299228 -0.377354
-0.361376 0.332708 -0.179565
-0.246383 0.315616 -0.291204
-0.407897 0.316320 -0.265715
-0.532938 0.562349 0.265860
-0.430869 0.497073 0.148848
-0.586972 0.528153 0.153170
0.096439 0.434498 0.110236
0.142355 0.551510 -0.092177
0.238433 0.670311 -0.053171
0.189948 0.531482 0.000722
0.048846 0.454527 0.017336
0.009224 0.452293 -0.065557
0.181554 0.823499 -0.246986
0.276508 0.782850 -0.185730
0.258032 0.806306 -0.130576
0.156282 0.685129 -0.296300
0.224593 0.578233 -0.197591
0.263872 0.713665 -0.210387
-0.000001 0.751827 -0.464653
0.168918 0.754314 -0.271643
0.078140 0.718478 -0.380476
0.090776 0.787663 -0.355819
0.002523 0.565310 -0.309367
-0.060692 0.459193 -0.174152
-0.098670 0.448657 -0.257210
-0.156285 0.571423 -0.480284
0.001261 0.658568 -0.387010
-0.078143 0.661625 -0.472468
-0.076881 0.568367 -0.394826
-0.178074 0.451714 -0.342669
-0.224595 0.435326 -0.428819
0.161954 0.687505 -0.169582
0.092038 0.694405 -0.278176
0.072439 0.558410 -0.200772
0.835564 0.230844 0.211462
0.874576 0.242621 0.021183
0.911266 0.121311 0.010592
0.886750 0.175492 0.116397
0.823389 0.297974 0.116248
0.787854 0.350716 0.039203
0.910993 0.108980 -0.239025
0.904959 0.000309 -0.225317
0.929475 0.054490 -0.119512
0.844369 -0.003897 -0.465569
0.804963 -0.099684 -0.426427
0.871647 -0.056130 -0.338590
0.768677 0.187182 -0.429138
0.877681 0.052541 -0.352297
0.806523 0.091642 -0.447354
0.839835 0.148081 -0.334081
0.734204 0.309566 -0.158015
0.717668 0.384188 -0.050396
0.626212 0.393779 -0.096714
0.522889 0.286918 -0.229304
0.751440 0.248374 -0.293576
0.645783 0.237050 -0.329221
0.628547 0.298242 -0.193659
0.520555 0.382455 -0.132359
0.407896 0.379128 -0.164093
0.892785 0.175801 -0.108921
0.822599 0.209273 -0.198520
0.804390 0.276094 -0.068416
0.444840 -0.610096 0.079943
0.539259 -0.681842 -0.039411
0.436885 -0.735477 -0.012622
0.455360 -0.712021 0.042531
0.528739 -0.579917 -0.001999
0.620195 -0.570326 -0.048317
0.424511 -0.632635 -0.197773
0.331026 -0.572044 -0.145697
0.379511 -0.710874 -0.091803
0.245151 -0.381531 -0.333441
0.142581 -0.363405 -0.313858
0.241347 -0.446491 -0.213531
0.434163 -0.415924 -0.377609
0.334831 -0.507083 -0.265607
0.339657 -0.398728 -0.355525
0.429337 -0.524280 -0.287691
0.634678 -0.535843 -0.241021
0.667904 -0.497327 -0.149122
0.703440 -0.444585 -0.226168
0.608781 -0.344205 -0.403764
0.534420 -0.475884 -0.309315
0.521472 -0.380065 -0.390687
0.621729 -0.440024 -0.322393
0.690492 -0.348766 -0.307540
0.687169 -0.269838 -0.395524
0.481885 -0.657238 -0.118592
0.529594 -0.584239 -0.219397
0.586968 -0.608842 -0.140216
-0.361375 -0.332707 0.179566
-0.484903 -0.462876 -0.036158
-0.626791 -0.465210 -0.030326
-0.503897 -0.398144 0.058959
-0.342382 -0.397439 0.084448
-0.304404 -0.407975 0.001389
-0.689040 -0.593428 -0.270182
-0.766705 -0.504051 -0.240938
-0.728860 -0.530486 -0.147338
-0.663661 -0.471798 -0.426875
-0.714609 -0.365389 -0.387453
-0.754015 -0.443236 -0.319284
-0.500982 -0.618496 -0.495015
-0.676351 -0.532613 -0.348529
-0.582322 -0.545147 -0.460945
-0.595011 -0.605962 -0.382599
-0.376835 -0.531272 -0.261539
-0.250370 -0.442173 -0.111301
-0.210750 -0.444407 -0.194195
-0.250771 -0.552106 -0.452384
-0.438908 -0.574884 -0.378277
-0.375877 -0.585301 -0.473700
-0.313803 -0.541689 -0.356961
-0.147718 -0.454824 -0.289617
-0.105380 -0.448693 -0.373330
-0.586972 -0.528152 -0.153170
-0.532938 -0.562350 -0.265861
-0.430869 -0.497074 -0.148849
-0.871648 0.277741 0.201624
-0.910992 0.262530 0.009421
-0.839835 0.365037 0.016957
-0.877681 0.338602 0.110557
-0.904959 0.201669 0.100488
-0.929474 0.131265 0.004711
-0.734207 0.279775 -0.206217
-0.628549 0.306594 -0.180147
-0.751443 0.373660 -0.090862
-0.518225 0.245444 -0.411693
-0.405564 0.272336 -0.394524
-0.520557 0.289428 -0.282885
-0.701137 0.154008 -0.435966
-0.626216 0.262609 -0.308955
-0.609681 0.199726 -0.423830
-0.717672 0.216892 -0.321092
-0.874575 0.089559 -0.226482
-0.911266 0.044780 -0.113241
-0.886751 -0.025624 -0.209019
-0.772205 -0.030994 -0.410527
-0.787856 0.121784 -0.331224
-0.736671 0.061507 -0.423246
-0.823390 0.029283 -0.318504
-0.835566 -0.085900 -0.301041
-0.768881 -0.144987 -0.379279
-0.822599 0.271153 -0.098398
-0.804391 0.184667 -0.216350
-0.892784 0.176045 -0.108530
-0.371464 0.443255 -0.608178
-0.263875 0.507339 -0.544231
-0.332184 0.371242 -0.492766
-0.181555 0.589194 -0.626101
-0.090778 0.670510 -0.545377
-0.168920 0.580309 -0.553192
-0.334513 0.365572 -0.699468
-0.276510 0.516225 -0.617139
-0.258034 0.477383 -0.662784
-0.352988 0.404414 -0.653823
-0.002526 0.529521 -0.367270
0.076878 0.607325 -0.331785
-0.001264 0.640674 -0.415961
0.199858 0.331885 -0.205246
0.246381 0.401612 -0.152064
0.178070 0.508507 -0.250773
0.123902 0.192725 -0.298379
0.098666 0.430703 -0.286258
0.161880 0.262305 -0.251812
0.060688 0.361123 -0.332825
-0.142358 0.329091 -0.452058
-0.237542 0.144995 -0.499325
-0.238435 0.347331 -0.575763
-0.189950 0.237043 -0.475692
-0.286027 0.255283 -0.599396
0.044662 0.046442 -0.376520
-0.009228 0.260908 -0.375218
0.084282 0.119583 -0.337449
-0.048848 0.187766 -0.414289
-0.040012 -0.108795 -0.440427
-0.096440 0.095718 -0.437922
0.002325 -0.031177 -0.408473
-0.138777 0.018100 -0.469876
-0.092041 0.559357 -0.496686
-0.072442 0.429306 -0.409664
-0.161957 0.459142 -0.539079
0.361374 0.309402 -0.217275
0.484902 0.174659 -0.430175
0.626789 0.180921 -0.429656
0.503895 0.230789 -0.329739
0.342380 0.253272 -0.317710
0.304402 0.183692 -0.364277
0.689040 0.023729 -0.651606
0.766704 0.009916 -0.558588
0.728858 0.105455 -0.540372
0.663662 -0.170815 -0.612892
0.714610 -0.183143 -0.500088
0.754016 -0.087356 -0.539231
0.500981 -0.166158 -0.774579
0.676351 -0.073543 -0.632249
0.582321 -0.168487 -0.693736
0.595010 -0.071215 -0.713092
0.376834 0.003662 -0.592140
0.250368 0.098194 -0.445259
0.210748 0.025052 -0.484330
0.250772 -0.157717 -0.696122
0.438908 -0.081248 -0.683359
0.375876 -0.161938 -0.735350
0.313803 -0.077027 -0.644131
0.147717 -0.055638 -0.536321
0.105380 -0.133256 -0.568274
0.586971 0.099194 -0.540890
0.532937 0.013695 -0.621873
0.430868 0.089161 -0.511157
0.636222 -0.257510 -0.508328
0.461642 -0.291906 -0.618107
0.447903 -0.353915 -0.497858
0.535212 -0.318056 -0.510936
0.562652 -0.231361 -0.615500
0.481312 -0.229032 -0.696343
0.214173 -0.380191 -0.592194
0.229662 -0.380861 -0.462818
0.324168 -0.398057 -0.484902
-0.011929 -0.469922 -0.576931
0.014041 -0.407601 -0.435603
0.116611 -0.425727 -0.455186
-0.000000 -0.464266 -0.751200
0.101122 -0.425057 -0.584563
-0.005964 -0.467094 -0.664065
0.107087 -0.422229 -0.671697
0.262975 -0.330785 -0.801846
0.381978 -0.248472 -0.788212
0.256873 -0.244251 -0.748984
0.011929 -0.305870 -0.678315
0.131487 -0.397526 -0.776523
0.005965 -0.385068 -0.714758
0.137452 -0.318328 -0.740081
0.131351 -0.231793 -0.687218
-0.014041 -0.207333 -0.559371
0.337908 -0.336048 -0.605150
0.238574 -0.355488 -0.697020
0.362309 -0.311346 -0.709977
-0.131350 -0.511014 -0.514657
-0.262975 -0.569266 -0.654459
-0.381979 -0.593881 -0.574737
-0.256873 -0.560686 -0.553421
-0.137452 -0.519594 -0.615695
-0.131488 -0.516766 -0.702829
-0.461641 -0.422308 -0.537511
-0.562651 -0.447053 -0.482193
-0.481311 -0.520402 -0.516263
-0.608780 -0.207203 -0.488432
-0.687168 -0.233092 -0.418231
-0.636221 -0.339500 -0.457654
-0.434165 -0.151736 -0.540880
-0.535211 -0.314756 -0.512972
-0.521473 -0.179470 -0.514656
-0.447903 -0.287022 -0.539196
-0.214174 -0.359650 -0.604882
-0.107087 -0.411958 -0.678041
-0.101122 -0.332760 -0.641599
-0.245151 -0.127613 -0.490364
-0.324169 -0.255693 -0.572881
-0.339658 -0.139675 -0.515622
-0.229662 -0.243631 -0.547623
-0.116611 -0.216741 -0.584340
-0.142581 -0.118204 -0.465396
-0.362308 -0.495787 -0.595985
-0.337907 -0.390979 -0.571197
-0.238574 -0.464458 -0.629671
-0.690493 -0.119098 -0.449480
-0.634680 0.024062 -0.587058
-0.667909 0.089035 -0.511512
-0.703443 -0.003466 -0.498793
-0.621730 -0.091571 -0.537745
-0.534422 -0.063837 -0.563969
-0.539261 0.269681 -0.627482
-0.528743 0.257562 -0.519588
-0.620199 0.211844 -0.531724
-0.444844 0.344350 -0.509936
-0.455362 0.356468 -0.617830
-0.436887 0.317626 -0.663475
-0.424511 0.106028 -0.654289
-0.429338 -0.022854 -0.597585
-0.334831 -0.010793 -0.572327
-0.379512 0.235800 -0.676878
-0.331027 0.125511 -0.576807
-0.241346 0.008691 -0.494845
-0.586971 0.146871 -0.607270
-0.481886 0.187854 -0.640886
-0.529596 0.065045 -0.620674
1
2
3
4
5
6
2
7
8
9
10
11
3
8
12
13
14
15
2
8
3
11
13
5
7
16
17
18
19
20
16
21
22
23
24
25
17
22
26
27
28
29
16
22
17
25
27
19
12
30
31
32
33
34
30
26
35
36
37
38
31
35
39
40
41
42
30
35
31
38
40
33
7
17
8
20
43
10
17
26
30
29
36
44
8
30
12
45
32
14
17
30
8
44
45
43
1
46
2
47
48
4
46
49
50
51
52
53
2
50
7
54
55
9
46
50
2
53
54
48
49
56
57
58
59
60
56
61
62
63
64
65
57
62
66
67
68
69
56
62
57
65
67
59
7
70
16
71
72
18
70
66
73
74
75
76
16
73
21
77
78
23
70
73
16
76
77
72
49
57
50
60
79
52
57
66
70
69
74
80
50
70
7
81
71
55
57
70
50
80
81
79
1
82
46
83
84
47
82
85
86
87
88
89
46
86
49
90
91
51
82
86
46
89
90
84
85
92
93
94
95
96
92
97
98
99
100
101
93
98
102
103
104
105
92
98
93
101
103
95
49
106
56
107
108
58
106
102
109
110
111
112
56
109
61
113
114
63
106
109
56
112
113
108
85
93
86
96
115
88
93
102
106
105
110
116
86
106
49
117
107
91
93
106
86
116
117
115
1
118
82
119
120
83
118
121
122
123
124
125
82
122
85
126
127
87
118
122
82
125
126
120
121
128
129
130
131
132
128
133
134
135
136
137
129
134
138
139
140
141
128
134
129
137
139
131
85
142
92
143
144
94
142
138
145
146
147
148
92
145
97
149
150
99
142
145
92
148
149
144
121
129
122
132
151
124
129
138
142
141
146
152
122
142
85
153
143
127
129
142
122
152
153
151
1
3
118
6
154
119
3
12
155
15
156
157
118
155
121
158
159
123
3
155
118
157
158
154
12
31
160
34
161
162
31
39
163
42
164
165
160
163
166
167
168
169
31
163
160
165
167
161
121
170
128
171
172
130
170
166
173
174
175
176
128
173
133
177
178
135
170
173
128
176
177
172
12
160
155
162
179
156
160
166
170
169
174
180
155
170
121
181
171
159
160
170
155
180
181
179
39
35
182
41
183
184
35
26
185
37
186
187
182
185
188
189
190
191
35
185
182
187
189
183
26
22
192
28
193
194
22
21
195
24
196
197
192
195
198
199
200
201
22
195
192
197
199
193
188
202
203
204
205
206
202
198
207
208
209
210
203
207
211
212
213
214
202
207
203
210
212
205
26
192
185
194
215
186
192
198
202
201
208
216
185
202
188
217
204
190
192
202
185
216
217
215
21
73
218
78
219
220
73
66
221
75
222
223
218
221
224
225
226
227
73
221
218
223
225
219
66
62
228
68
229
230
62
61
231
64
232
233
228
231
234
235
236
237
62
231
228
233
235
229
224
238
239
240
241
242
238
234
243
244
245
246
239
243
247
248
249
250
238
243
239
246
248
241
66
228
221
230
251
222
228
234
238
237
244
252
221
238
224
253
240
226
228
238
221
252
253
251
61
109
254
114
255
256
109
102
257
111
258
259
254
257
260
261
262
263
109
257
254
259
261
255
102
98
264
104
265
266
98
97
267
100
268
269
264
267
270
271
272
273
98
267
264
269
271
265
260
274
275
276
277
278
274
270
279
280
281
282
275
279
283
284
285
286
274
279
275
282
284
277
102
264
257
266
287
258
264
270
274
273
280
288
257
274
260
289
276
262
264
274
257
288
289
287
97
145
290
150
291
292
145
138
293
147
294
295
290
293
296
297
298
299
145
293
290
295
297
291
138
134
300
140
301
302
134
133
303
136
304
305
300
303
306
307
308
309
134
303
300
305
307
301
296
310
311
312
313
314
310
306
315
316
317
318
311
315
319
320
321
322
310
315
311
318
320
313
138
300
293
302
323
294
300
306
310
309
316
324
293
310
296
325
312
298
300
310
293
324
325
323
133
173
326
178
327
328
173
166
329
175
330
331
326
329
332
333
334
335
173
329
326
331
333
327
166
163
336
168
337
338
163
39
339
164
340
341
336
339
342
343
344
345
163
339
336
341
343
337
332
346
347
348
349
350
346
342
351
352
353
354
347
351
355
356
357
358
346
351
347
354
356
349
166
336
329
338
359
330
336
342
346
345
352
360
329
346
332
361
348
334
336
346
329
360
361
359
39
182
339
184
362
340
182
188
363
191
364
365
339
363
342
366
367
344
182
363
339
365
366
362
188
203
368
206
369
370
203
211
371
214
372
373
368
371
374
375
376
377
203
371
368
373
375
369
342
378
351
379
380
353
378
374
381
382
383
384
351
381
355
385
386
357
378
381
351
384
385
380
188
368
363
370
387
364
368
374
378
377
382
388
363
378
342
389
379
367
368
378
363
388
389
387
21
218
195
220
390
196
218
224
391
227
392
393
195
391
198
394
395
200
218
391
195
393
394
390
224
239
396
242
397
398
239
247
399
250
400
401
396
399
402
403
404
405
239
399
396
401
403
397
198
406
207
407
408
209
406
402
409
410
411
412
207
409
211
413
414
213
406
409
207
412
413
408
224
396
391
398
415
392
396
402
406
405
410
416
391
406
198
417
407
395
396
406
391
416
417
415
61
254
231
256
418
232
254
260
419
263
420
421
231
419
234
422
423
236
254
419
231
421
422
418
260
275
424
278
425
426
275
283
427
286
428
429
424
427
430
431
432
433
275
427
424
429
431
425
234
434
243
435
436
245
434
430
437
438
439
440
243
437
247
441
442
249
434
437
243
440
441
436
260
424
419
426
443
420
424
430
434
433
438
444
419
434
234
445
435
423
424
434
419
444
445
443
97
290
267
292
446
268
290
296
447
299
448
449
267
447
270
450
451
272
290
447
267
449
450
446
296
311
452
314
453
454
311
319
455
322
456
457
452
455
458
459
460
461
311
455
452
457
459
453
270
462
279
463
464
281
462
458
465
466
467
468
279
465
283
469
470
285
462
465
279
468
469
464
296
452
447
454
471
448
452
458
462
461
466
472
447
462
270
473
463
451
452
462
447
472
473
471
133
326
303
328
474
304
326
332
475
335
476
477
303
475
306
478
479
308
326
475
303
477
478
474
332
347
480
350
481
482
347
355
483
358
484
485
480
483
486
487
488
489
347
483
480
485
487
481
306
490
315
491
492
317
490
486
493
494
495
496
315
493
319
497
498
321
490
493
315
496
497
492
332
480
475
482
499
476
480
486
490
489
494
500
475
490
306
501
491
479
480
490
475
500
501
499
355
381
502
386
503
504
381
374
505
383
506
507
502
505
508
509
510
511
381
505
502
507
509
503
374
371
512
376
513
514
371
211
515
372
516
517
512
515
518
519
520
521
371
515
512
517
519
513
508
522
523
524
525
526
522
518
527
528
529
530
523
527
531
532
533
534
522
527
523
530
532
525
374
512
505
514
535
506
512
518
522
521
528
536
505
522
508
537
524
510
512
522
505
536
537
535
211
409
515
414
538
516
409
402
539
411
540
541
515
539
518
542
543
520
409
539
515
541
542
538
402
399
544
404
545
546
399
247
547
400
548
549
544
547
550
551
552
553
399
547
544
549
551
545
518
554
527
555
556
529
554
550
557
558
559
560
527
557
531
561
562
533
554
557
527
560
561
556
402
544
539
546
563
540
544
550
554
553
558
564
539
554
518
565
555
543
544
554
539
564
565
563
247
437
547
442
566
548
437
430
567
439
568
569
547
567
550
570
571
552
437
567
547
569
570
566
430
427
572
432
573
574
427
283
575
428
576
577
572
575
578
579
580
581
427
575
572
577
579
573
550
582
557
583
584
559
582
578
585
586
587
588
557
585
531
589
590
562
582
585
557
588
589
584
430
572
567
574
591
568
572
578
582
581
586
592
567
582
550
593
583
571
572
582
567
592
593
591
283
465
575
470
594
576
465
458
595
467
596
597
575
595
578
598
599
580
465
595
575
597
598
594
458
455
600
460
601
602
455
319
603
456
604
605
600
603
606
607
608
609
455
603
600
605
607
601
578
610
585
611
612
587
610
606
613
614
615
616
585
613
531
617
618
590
610
613
585
616
617
612
458
600
595
602
619
596
600
606
610
609
614
620
595
610
578
621
611
599
600
610
595
620
621
619
319
493
603
498
622
604
493
486
623
495
624
625
603
623
606
626
627
608
493
623
603
625
626
622
486
483
628
488
629
630
483
355
502
484
504
631
628
502
508
632
511
633
483
502
628
631
632
629
606
634
613
635
636
615
634
508
523
637
526
638
613
523
531
639
534
618
634
523
613
638
639
636
486
628
623
630
640
624
628
508
634
633
637
641
623
634
606
642
635
627
628
634
623
641
642
640
5
1
17
33
49
65
0
6
1
2
4
17
19
20
6
1
3
4
65
66
68
2
1
17
0
0
0
0
2
1
4
0
0
0
0
2
1
65
0
0
0
0
6
2
5
13
19
25
31
6
2
3
4
13
15
16
2
2
19
0
0
0
0
2
2
13
0
0
0
0
2
2
4
0
0
0
0
6
3
9
15
66
69
77
2
3
4
0
0
0
0
2
3
15
0
0
0
0
2
3
66
0
0
0
0
6
5
6
8
25
27
28
6
5
7
8
13
14
16
2
5
25
0
0
0
0
2
5
8
0
0
0
0
2
5
13
0
0
0
0
5
6
27
86
97
177
0
6
6
7
8
85
86
88
2
6
27
0
0
0
0
2
6
86
0
0
0
0
2
6
8
0
0
0
0
6
7
10
14
82
85
93
2
7
8
0
0
0
0
2
7
85
0
0
0
0
2
7
14
0
0
0
0
6
9
10
12
14
15
16
6
9
11
12
69
70
72
2
9
15
0
0
0
0
2
9
12
0
0
0
0
2
9
69
0
0
0
0
6
10
11
12
81
82
84
2
10
14
0
0
0
0
2
10
82
0
0
0
0
2
10
12
0
0
0
0
5
11
70
81
150
161
0
2
11
12
0
0
0
0
2
11
81
0
0
0
0
2
11
70
0
0
0
0
2
13
16
0
0
0
0
2
14
16
0
0
0
0
2
15
16
0
0
0
0
6
17
18
20
33
35
36
2
17
33
0
0
0
0
2
17
20
0
0
0
0
6
18
21
29
35
41
47
6
18
19
20
29
31
32
2
18
35
0
0
0
0
2
18
29
0
0
0
0
2
18
20
0
0
0
0
2
19
20
0
0
0
0
2
19
31
0
0
0
0
6
21
22
24
41
43
44
6
21
23
24
29
30
32
2
21
41
0
0
0
0
2
21
24
0
0
0
0
2
21
29
0
0
0
0
5
22
43
102
113
193
0
6
22
23
24
101
102
104
2
22
43
0
0
0
0
2
22
102
0
0
0
0
2
22
24
0
0
0
0
6
23
26
30
98
101
109
2
23
24
0
0
0
0
2
23
101
0
0
0
0
2
23
30
0
0
0
0
6
25
26
28
30
31
32
2
25
31
0
0
0
0
2
25
28
0
0
0
0
6
26
27
28
97
98
100
2
26
30
0
0
0
0
2
26
98
0
0
0
0
2
26
28
0
0
0
0
2
27
28
0
0
0
0
2
27
97
0
0
0
0
2
29
32
0
0
0
0
2
30
32
0
0
0
0
2
31
32
0
0
0
0
6
33
34
36
49
51
52
2
33
49
0
0
0
0
2
33
36
0
0
0
0
6
34
37
45
51
57
63
6
34
35
36
45
47
48
2
34
51
0
0
0
0
2
34
45
0
0
0
0
2
34
36
0
0
0
0
2
35
36
0
0
0
0
2
35
47
0
0
0
0
6
37
38
40
57
59
60
6
37
39
40
45
46
48
2
37
57
0
0
0
0
2
37
40
0
0
0
0
2
37
45
0
0
0
0
5
38
59
118
129
209
0
6
38
39
40
117
118
120
2
38
59
0
0
0
0
2
38
118
0
0
0
0
2
38
40
0
0
0
0
6
39
42
46
114
117
125
2
39
40
0
0
0
0
2
39
117
0
0
0
0
2
39
46
0
0
0
0
6
41
42
44
46
47
48
2
41
47
0
0
0
0
2
41
44
0
0
0
0
6
42
43
44
113
114
116
2
42
46
0
0
0
0
2
42
114
0
0
0
0
2
42
44
0
0
0
0
2
43
44
0
0
0
0
2
43
113
0
0
0
0
2
45
48
0
0
0
0
2
46
48
0
0
0
0
2
47
48
0
0
0
0
6
49
50
52
65
67
68
2
49
65
0
0
0
0
2
49
52
0
0
0
0
6
50
53
61
67
73
79
6
50
51
52
61
63
64
2
50
67
0
0
0
0
2
50
61
0
0
0
0
2
50
52
0
0
0
0
2
51
52
0
0
0
0
2
51
63
0
0
0
0
6
53
54
56
73
75
76
6
53
55
56
61
62
64
2
53
73
0
0
0
0
2
53
56
0
0
0
0
2
53
61
0
0
0
0
5
54
75
134
145
225
0
6
54
55
56
133
134
136
2
54
75
0
0
0
0
2
54
134
0
0
0
0
2
54
56
0
0
0
0
6
55
58
62
130
133
141
2
55
56
0
0
0
0
2
55
133
0
0
0
0
2
55
62
0
0
0
0
6
57
58
60
62
63
64
2
57
63
0
0
0
0
2
57
60
0
0
0
0
6
58
59
60
129
130
132
2
58
62
0
0
0
0
2
58
130
0
0
0
0
2
58
60
0
0
0
0
2
59
60
0
0
0
0
2
59
129
0
0
0
0
2
61
64
0
0
0
0
2
62
64
0
0
0
0
2
63
64
0
0
0
0
2
65
68
0
0
0
0
6
66
67
68
77
79
80
2
66
77
0
0
0
0
2
66
68
0
0
0
0
2
67
68
0
0
0
0
2
67
79
0
0
0
0
6
69
71
72
77
78
80
2
69
72
0
0
0
0
2
69
77
0
0
0
0
6
70
71
72
149
150
152
2
70
150
0
0
0
0
2
70
72
0
0
0
0
6
71
74
78
146
149
157
2
71
72
0
0
0
0
2
71
149
0
0
0
0
2
71
78
0
0
0
0
6
73
74
76
78
79
80
2
73
79
0
0
0
0
2
73
76
0
0
0
0
6
74
75
76
145
146
148
2
74
78
0
0
0
0
2
74
146
0
0
0
0
2
74
76
0
0
0
0
2
75
76
0
0
0
0
2
75
145
0
0
0
0
2
77
80
0
0
0
0
2
78
80
0
0
0
0
2
79
80
0
0
0
0
6
81
83
84
161
162
164
2
81
84
0
0
0
0
2
81
161
0
0
0
0
6
82
83
84
93
95
96
2
82
93
0
0
0
0
2
82
84
0
0
0
0
6
83
89
95
162
165
173
2
83
84
0
0
0
0
2
83
95
0
0
0
0
2
83
162
0
0
0
0
6
85
87
88
93
94
96
2
85
88
0
0
0
0
2
85
93
0
0
0
0
6
86
87
88
177
179
180
2
86
177
0
0
0
0
2
86
88
0
0
0
0
6
87
90
94
179
185
191
2
87
88
0
0
0
0
2
87
179
0
0
0
0
2
87
94
0
0
0
0
6
89
90
92
94
95
96
6
89
91
92
165
166
168
2
89
95
0
0
0
0
2
89
92
0
0
0
0
2
89
165
0
0
0
0
6
90
91
92
185
187
188
2
90
94
0
0
0
0
2
90
185
0
0
0
0
2
90
92
0
0
0
0
5
91
166
187
246
257
0
2
91
92
0
0
0
0
2
91
187
0
0
0
0
2
91
166
0
0
0
0
2
93
96
0
0
0
0
2
94
96
0
0
0
0
2
95
96
0
0
0
0
6
97
99
100
177
178
180
2
97
100
0
0
0
0
2
97
177
0
0
0
0
6
98
99
100
109
111
112
2
98
109
0
0
0
0
2
98
100
0
0
0
0
6
99
105
111
178
181
189
2
99
100
0
0
0
0
2
99
111
0
0
0
0
2
99
178
0
0
0
0
6
101
103
104
109
110
112
2
101
104
0
0
0
0
2
101
109
0
0
0
0
6
102
103
104
193
195
196
2
102
193
0
0
0
0
2
102
104
0
0
0
0
6
103
106
110
195
201
207
2
103
104
0
0
0
0
2
103
195
0
0
0
0
2
103
110
0
0
0
0
6
105
106
108
110
111
112
6
105
107
108
181
182
184
2
105
111
0
0
0
0
2
105
108
0
0
0
0
2
105
181
0
0
0
0
6
106
107
108
201
203
204
2
106
110
0
0
0
0
2
106
201
0
0
0
0
2
106
108
0
0
0
0
5
107
182
203
262
273
0
2
107
108
0
0
0
0
2
107
203
0
0
0
0
2
107
182
0
0
0
0
2
109
112
0
0
0
0
2
110
112
0
0
0
0
2
111
112
0
0
0
0
6
113
115
116
193
194
196
2
113
116
0
0
0
0
2
113
193
0
0
0
0
6
114
115
116
125
127
128
2
114
125
0
0
0
0
2
114
116
0
0
0
0
6
115
121
127
194
197
205
2
115
116
0
0
0
0
2
115
127
0
0
0
0
2
115
194
0
0
0
0
6
117
119
120
125
126
128
2
117
120
0
0
0
0
2
117
125
0
0
0
0
6
118
119
120
209
211
212
2
118
209
0
0
0
0
2
118
120
0
0
0
0
6
119
122
126
211
217
223
2
119
120
0
0
0
0
2
119
211
0
0
0
0
2
119
126
0
0
0
0
6
121
122
124
126
127
128
6
121
123
124
197
198
200
2
121
127
0
0
0
0
2
121
124
0
0
0
0
2
121
197
0
0
0
0
6
122
123
124
217
219
220
2
122
126
0
0
0
0
2
122
217
0
0
0
0
2
122
124
0
0
0
0
5
123
198
219
278
289
0
2
123
124
0
0
0
0
2
123
219
0
0
0
0
2
123
198
0
0
0
0
2
125
128
0
0
0
0
2
126
128
0
0
0
0
2
127
128
0
0
0
0
6
129
131
132
209
210
212
2
129
132
0
0
0
0
2
129
209
0
0
0
0
6
130
131
132
141
143
144
2
130
141
0
0
0
0
2
130
132
0
0
0
0
6
131
137
143
210
213
221
2
131
132
0
0
0
0
2
131
143
0
0
0
0
2
131
210
0
0
0
0
6
133
135
136
141
142
144
2
133
136
0
0
0
0
2
133
141
0
0
0
0
6
134
135
136
225
227
228
2
134
225
0
0
0
0
2
134
136
0
0
0
0
6
135
138
142
227
233
239
2
135
136
0
0
0
0
2
135
227
0
0
0
0
2
135
142
0
0
0
0
6
137
138
140
142
143
144
6
137
139
140
213
214
216
2
137
143
0
0
0
0
2
137
140
0
0
0
0
2
137
213
0
0
0
0
6
138
139
140
233
235
236
2
138
142
0
0
0
0
2
138
233
0
0
0
0
2
138
140
0
0
0
0
5
139
214
235
294
305
0
2
139
140
0
0
0
0
2
139
235
0
0
0
0
2
139
214
0
0
0
0
2
141
144
0
0
0
0
2
142
144
0
0
0
0
2
143
144
0
0
0
0
6
145
147
148
225
226
228
2
145
148
0
0
0
0
2
145
225
0
0
0
0
6
146
147
148
157
159
160
2
146
157
0
0
0
0
2
146
148
0
0
0
0
6
147
153
159
226
229
237
2
147
148
0
0
0
0
2
147
159
0
0
0
0
2
147
226
0
0
0
0
6
149
151
152
157
158
160
2
149
152
0
0
0
0
2
149
157
0
0
0
0
6
150
151
152
161
163
164
2
150
161
0
0
0
0
2
150
152
0
0
0
0
6
151
154
158
163
169
175
2
151
152
0
0
0
0
2
151
163
0
0
0
0
2
151
158
0
0
0
0
6
153
154
156
158
159
160
6
153
155
156
229
230
232
2
153
159
0
0
0
0
2
153
156
0
0
0
0
2
153
229
0
0
0
0
6
154
155
156
169
171
172
2
154
158
0
0
0
0
2
154
169
0
0
0
0
2
154
156
0
0
0
0
5
155
171
230
241
310
0
2
155
156
0
0
0
0
2
155
171
0
0
0
0
2
155
230
0
0
0
0
2
157
160
0
0
0
0
2
158
160
0
0
0
0
2
159
160
0
0
0
0
2
161
164
0
0
0
0
6
162
163
164
173
175
176
2
162
173
0
0
0
0
2
162
164
0
0
0
0
2
163
164
0
0
0
0
2
163
175
0
0
0
0
6
165
167
168
173
174
176
2
165
168
0
0
0
0
2
165
173
0
0
0
0
6
166
167
168
245
246
248
2
166
246
0
0
0
0
2
166
168
0
0
0
0
6
167
170
174
242
245
253
2
167
168
0
0
0
0
2
167
245
0
0
0
0
2
167
174
0
0
0
0
6
169
170
172
174
175
176
2
169
175
0
0
0
0
2
169
172
0
0
0
0
6
170
171
172
241
242
244
2
170
174
0
0
0
0
2
170
242
0
0
0
0
2
170
172
0
0
0
0
2
171
172
0
0
0
0
2
171
241
0
0
0
0
2
173
176
0
0
0
0
2
174
176
0
0
0
0
2
175
176
0
0
0
0
2
177
180
0
0
0
0
6
178
179
180
189
191
192
2
178
189
0
0
0
0
2
178
180
0
0
0
0
2
179
180
0
0
0
0
2
179
191
0
0
0
0
6
181
183
184
189
190
192
2
181
184
0
0
0
0
2
181
189
0
0
0
0
6
182
183
184
261
262
264
2
182
262
0
0
0
0
2
182
184
0
0
0
0
6
183
186
190
258
261
269
2
183
184
0
0
0
0
2
183
261
0
0
0
0
2
183
190
0
0
0
0
6
185
186
188
190
191
192
2
185
191
0
0
0
0
2
185
188
0
0
0
0
6
186
187
188
257
258
260
2
186
190
0
0
0
0
2
186
258
0
0
0
0
2
186
188
0
0
0
0
2
187
188
0
0
0
0
2
187
257
0
0
0
0
2
189
192
0
0
0
0
2
190
192
0
0
0
0
2
191
192
0
0
0
0
2
193
196
0
0
0
0
6
194
195
196
205
207
208
2
194
205
0
0
0
0
2
194
196
0
0
0
0
2
195
196
0
0
0
0
2
195
207
0
0
0
0
6
197
199
200
205
206
208
2
197
200
0
0
0
0
2
197
205
0
0
0
0
6
198
199
200
277
278
280
2
198
278
0
0
0
0
2
198
200
0
0
0
0
6
199
202
206
274
277
285
2
199
200
0
0
0
0
2
199
277
0
0
0
0
2
199
206
0
0
0
0
6
201
202
204
206
207
208
2
201
207
0
0
0
0
2
201
204
0
0
0
0
6
202
203
204
273
274
276
2
202
206
0
0
0
0
2
202
274
0
0
0
0
2
202
204
0
0
0
0
2
203
204
0
0
0
0
2
203
273
0
0
0
0
2
205
208
0
0
0
0
2
206
208
0
0
0
0
2
207
208
0
0
0
0
2
209
212
0
0
0
0
6
210
211
212
221
223
224
2
210
221
0
0
0
0
2
210
212
0
0
0
0
2
211
212
0
0
0
0
2
211
223
0
0
0
0
6
213
215
216
221
222
224
2
213
216
0
0
0
0
2
213
221
0
0
0
0
6
214
215
216
293
294
296
2
214
294
0
0
0
0
2
214
216
0
0
0
0
6
215
218
222
290
293
301
2
215
216
0
0
0
0
2
215
293
0
0
0
0
2
215
222
0
0
0
0
6
217
218
220
222
223
224
2
217
223
0
0
0
0
2
217
220
0
0
0
0
6
218
219
220
289
290
292
2
218
222
0
0
0
0
2
218
290
0
0
0
0
2
218
220
0
0
0
0
2
219
220
0
0
0
0
2
219
289
0
0
0
0
2
221
224
0
0
0
0
2
222
224
0
0
0
0
2
223
224
0
0
0
0
2
225
228
0
0
0
0
6
226
227
228
237
239
240
2
226
237
0
0
0
0
2
226
228
0
0
0
0
2
227
228
0
0
0
0
2
227
239
0
0
0
0
6
229
231
232
237
238
240
2
229
232
0
0
0
0
2
229
237
0
0
0
0
6
230
231
232
309
310
312
2
230
310
0
0
0
0
2
230
232
0
0
0
0
6
231
234
238
306
309
317
2
231
232
0
0
0
0
2
231
309
0
0
0
0
2
231
238
0
0
0
0
6
233
234
236
238
239
240
2
233
239
0
0
0
0
2
233
236
0
0
0
0
6
234
235
236
305
306
308
2
234
238
0
0
0
0
2
234
306
0
0
0
0
2
234
236
0
0
0
0
2
235
236
0
0
0
0
2
235
305
0
0
0
0
2
237
240
0
0
0
0
2
238
240
0
0
0
0
2
239
240
0
0
0
0
6
241
243
244
310
311
312
2
241
244
0
0
0
0
2
241
310
0
0
0
0
6
242
243
244
253
255
256
2
242
253
0
0
0
0
2
242
244
0
0
0
0
6
243
249
255
311
314
318
2
243
244
0
0
0
0
2
243
255
0
0
0
0
2
243
311
0
0
0
0
6
245
247
248
253
254
256
2
245
248
0
0
0
0
2
245
253
0
0
0
0
6
246
247
248
257
259
260
2
246
257
0
0
0
0
2
246
248
0
0
0
0
6
247
250
254
259
265
271
2
247
248
0
0
0
0
2
247
259
0
0
0
0
2
247
254
0
0
0
0
6
249
250
252
254
255
256
6
249
251
252
314
315
316
2
249
255
0
0
0
0
2
249
252
0
0
0
0
2
249
314
0
0
0
0
6
250
251
252
265
267
268
2
250
254
0
0
0
0
2
250
265
0
0
0
0
2
250
252
0
0
0
0
5
251
267
283
299
315
0
2
251
252
0
0
0
0
2
251
267
0
0
0
0
2
251
315
0
0
0
0
2
253
256
0
0
0
0
2
254
256
0
0
0
0
2
255
256
0
0
0
0
2
257
260
0
0
0
0
6
258
259
260
269
271
272
2
258
269
0
0
0
0
2
258
260
0
0
0
0
2
259
260
0
0
0
0
2
259
271
0
0
0
0
6
261
263
264
269
270
272
2
261
264
0
0
0
0
2
261
269
0
0
0
0
6
262
263
264
273
275
276
2
262
273
0
0
0
0
2
262
264
0
0
0
0
6
263
266
270
275
281
287
2
263
264
0
0
0
0
2
263
275
0
0
0
0
2
263
270
0
0
0
0
6
265
266
268
270
271
272
2
265
271
0
0
0
0
2
265
268
0
0
0
0
6
266
267
268
281
283
284
2
266
270
0
0
0
0
2
266
281
0
0
0
0
2
266
268
0
0
0
0
2
267
268
0
0
0
0
2
267
283
0
0
0
0
2
269
272
0
0
0
0
2
270
272
0
0
0
0
2
271
272
0
0
0
0
2
273
276
0
0
0
0
6
274
275
276
285
287
288
2
274
285
0
0
0
0
2
274
276
0
0
0
0
2
275
276
0
0
0
0
2
275
287
0
0
0
0
6
277
279
280
285
286
288
2
277
280
0
0
0
0
2
277
285
0
0
0
0
6
278
279
280
289
291
292
2
278
289
0
0
0
0
2
278
280
0
0
0
0
6
279
282
286
291
297
303
2
279
280
0
0
0
0
2
279
291
0
0
0
0
2
279
286
0
0
0
0
6
281
282
284
286
287
288
2
281
287
0
0
0
0
2
281
284
0
0
0
0
6
282
283
284
297
299
300
2
282
286
0
0
0
0
2
282
297
0
0
0
0
2
282
284
0
0
0
0
2
283
284
0
0
0
0
2
283
299
0
0
0
0
2
285
288
0
0
0
0
2
286
288
0
0
0
0
2
287
288
0
0
0
0
2
289
292
0
0
0
0
6
290
291
292
301
303
304
2
290
301
0
0
0
0
2
290
292
0
0
0
0
2
291
292
0
0
0
0
2
291
303
0
0
0
0
6
293
295
296
301
302
304
2
293
296
0
0
0
0
2
293
301
0
0
0
0
6
294
295
296
305
307
308
2
294
305
0
0
0
0
2
294
296
0
0
0
0
6
295
298
302
307
313
319
2
295
296
0
0
0
0
2
295
307
0
0
0
0
2
295
302
0
0
0
0
6
297
298
300
302
303
304
2
297
303
0
0
0
0
2
297
300
0
0
0
0
6
298
299
300
313
315
316
2
298
302
0
0
0
0
2
298
313
0
0
0
0
2
298
300
0
0
0
0
2
299
300
0
0
0
0
2
299
315
0
0
0
0
2
301
304
0
0
0
0
2
302
304
0
0
0
0
2
303
304
0
0
0
0
2
305
308
0
0
0
0
6
306
307
308
317
319
320
2
306
317
0
0
0
0
2
306
308
0
0
0
0
2
307
308
0
0
0
0
2
307
319
0
0
0
0
6
309
311
312
317
318
320
2
309
312
0
0
0
0
2
309
317
0
0
0
0
2
310
312
0
0
0
0
2
311
312
0
0
0
0
2
311
318
0
0
0
0
6
313
314
316
318
319
320
2
313
319
0
0
0
0
2
313
316
0
0
0
0
2
314
318
0
0
0
0
2
314
316
0
0
0
0
2
315
316
0
0
0
0
2
317
320
0
0
0
0
2
318
320
0
0
0
0
2
319
320
0
0
0
0
17
4
65
19
13
4
4
15
66
2
3
1
25
8
13
27
86
8
8
85
14
6
7
5
15
12
69
14
82
12
12
81
70
10
11
9
5
16
2
7
10
16
16
9
3
14
15
13
33
20
1
35
29
20
20
31
2
18
19
17
41
24
29
43
102
24
24
101
30
22
23
21
31
28
5
30
98
28
28
97
6
26
27
25
21
32
18
23
26
32
32
25
19
30
31
29
49
36
17
51
45
36
36
47
18
34
35
33
57
40
45
59
118
40
40
117
46
38
39
37
47
44
21
46
114
44
44
113
22
42
43
41
37
48
34
39
42
48
48
41
35
46
47
45
65
52
33
67
61
52
52
63
34
50
51
49
73
56
61
75
134
56
56
133
62
54
55
53
63
60
37
62
130
60
60
129
38
58
59
57
53
64
50
55
58
64
64
57
51
62
63
61
1
68
49
3
77
68
68
79
50
66
67
65
9
72
77
11
150
72
72
149
78
70
71
69
79
76
53
78
146
76
76
145
54
74
75
73
69
80
66
71
74
80
80
73
67
78
79
77
11
84
161
10
93
84
84
95
162
82
83
81
7
88
93
6
177
88
88
179
94
86
87
85
95
92
165
94
185
92
92
187
166
90
91
89
85
96
82
87
90
96
96
89
83
94
95
93
27
100
177
26
109
100
100
111
178
98
99
97
23
104
109
22
193
104
104
195
110
102
103
101
111
108
181
110
201
108
108
203
182
106
107
105
101
112
98
103
106
112
112
105
99
110
111
109
43
116
193
42
125
116
116
127
194
114
115
113
39
120
125
38
209
120
120
211
126
118
119
117
127
124
197
126
217
124
124
219
198
122
123
121
117
128
114
119
122
128
128
121
115
126
127
125
59
132
209
58
141
132
132
143
210
130
131
129
55
136
141
54
225
136
136
227
142
134
135
133
143
140
213
142
233
140
140
235
214
138
139
137
133
144
130
135
138
144
144
137
131
142
143
141
75
148
225
74
157
148
148
159
226
146
147
145
71
152
157
70
161
152
152
163
158
150
151
149
159
156
229
158
169
156
156
171
230
154
155
153
149
160
146
151
154
160
160
153
147
158
159
157
81
164
150
83
173
164
164
175
151
162
163
161
89
168
173
91
246
168
168
245
174
166
167
165
175
172
154
174
242
172
172
241
155
170
171
169
165
176
162
167
170
176
176
169
163
174
175
173
97
180
86
99
189
180
180
191
87
178
179
177
105
184
189
107
262
184
184
261
190
182
183
181
191
188
90
190
258
188
188
257
91
186
187
185
181
192
178
183
186
192
192
185
179
190
191
189
113
196
102
115
205
196
196
207
103
194
195
193
121
200
205
123
278
200
200
277
206
198
199
197
207
204
106
206
274
204
204
273
107
202
203
201
197
208
194
199
202
208
208
201
195
206
207
205
129
212
118
131
221
212
212
223
119
210
211
209
137
216
221
139
294
216
216
293
222
214
215
213
223
220
122
222
290
220
220
289
123
218
219
217
213
224
210
215
218
224
224
217
211
222
223
221
145
228
134
147
237
228
228
239
135
226
227
225
153
232
237
155
310
232
232
309
238
230
231
229
239
236
138
238
306
236
236
305
139
234
235
233
229
240
226
231
234
240
240
233
227
238
239
237
171
244
310
170
253
244
244
255
311
242
243
241
167
248
253
166
257
248
248
259
254
246
247
245
255
252
314
254
265
252
252
267
315
250
251
249
245
256
242
247
250
256
256
249
243
254
255
253
187
260
246
186
269
260
260
271
247
258
259
257
183
264
269
182
273
264
264
275
270
262
263
261
271
268
250
270
281
268
268
283
251
266
267
265
261
272
258
263
266
272
272
265
259
270
271
269
203
276
262
202
285
276
276
287
263
274
275
273
199
280
285
198
289
280
280
291
286
278
279
277
287
284
266
286
297
284
284
299
267
282
283
281
277
288
274
279
282
288
288
281
275
286
287
285
219
292
278
218
301
292
292
303
279
290
291
289
215
296
301
214
305
296
296
307
302
294
295
293
303
300
282
302
313
300
300
315
283
298
299
297
293
304
290
295
298
304
304
297
291
302
303
301
235
308
294
234
317
308
308
319
295
306
307
305
231
312
317
230
241
312
312
243
318
310
311
309
319
316
298
318
249
316
316
251
299
314
315
313
309
320
306
311
314
320
320
313
307
318
319
317
