  -2.9406522535676176        7.1478608778754475       -25.808062099464838     
 -0.28794074442585366        4.1427656326435542       -14.511166148605852     
  0.74707584322193732        2.1792065566015197       -16.517425927030150     
   7.5089570946086218E-002   6.8020366884733914       -18.188475175266550     
   1.1942210494261443        4.6450438567250512       -16.058280333270865     
  0.14576840221674278        6.5054515613254349       -19.745170492304627     
  -2.2732704641529899       -1.3864719530672234       -8.9263331962591632     
  -1.2495518073012424       -4.2649396341042358       -9.9371338415100041     
 -0.56356410326580830        2.9013381075458469       -11.997415734437910     
  -1.7984248009501744       -2.7650151691423970       -9.4237729182215695     
   3.2368367308306348E-002   1.7853161574176406       -12.748743778744767     
  -1.3427426030506861E-004  -6.0668661255025542       -9.8167261094648879     
  0.71702386580870514       0.83699456798699867       -13.372377020742027     
 -0.66134077829359272       -5.3321127294214916       -9.4421223251705086     
   1.4352987210435324        2.8356504023463503E-002  -14.131601469692551     
  -4.1496614458367720       -4.3849695483430704       -6.5976632159555022     
  -4.4028224405781700       -11.086593882090089       -8.7162832307993749     
  -2.9639850144201612       -3.7712605373809112       -6.7857794643933484     
  -5.6011569341209890       -9.6899724921354480       -8.4427558428056955     
  -4.3865772114311783       -7.8442242114240761       -8.7324143126620459     
  -5.2730763536382756       -5.5191866787426154       -4.2630881708209314     
  -5.1925243536464460       -10.506620611545674       -6.4239550075736345     
  -6.2393076801296186       -6.6707726730267884       -5.8913800419588060     
  -6.1946804207950912       -8.3569321559671899       -5.5836077380806497     
  -6.3827759481749702       -9.8274103942978446       -7.1553992282854466     
  -2.8557094530339424       -16.706455347630822       -7.9634267298675541     
  -5.4777913268346738       -13.237065812749742       -8.3010110571911113     
  -4.2698986942659705       -14.650323292194896       -8.4104993615343169     
  -4.5035571485506836       -16.123939821465438       -8.7076130103405927     
  -2.3687537910817031       -16.293564791892262       -8.1124926377872661     
 -0.74734699353719103       -15.747842819070769       -5.4377187181358089     
  -2.2862507044724056       -13.475380215410826       -6.8475473454086684     
  -2.5725305407091237       -17.927456895732202       -5.7458974035747783     
  -1.4355201331737331       -12.651926749864552       -6.2946273017546197     
  0.27877004959897184       -23.019954872722131       -6.9966124661393776     
  -2.0805437691842790       -19.160857185291690       -7.6904629797753890     
  0.45111938442172761       -22.333950894474267       -9.0947126154378051     
  -1.2802160034922065       -20.936231956257604       -6.3053184953939390     
   2.9401267172514038       -26.278930497562172       -5.1481343148083045     
 -0.67323545111408956       -19.909757518688522       -4.3549555782541089     
   2.0634376255876399       -22.688014106111336       -5.2253608200733863     
 -0.14619185050039515       -20.569617998278090       -3.0115290008031299     
  -3.6560398310717201       -10.316636379848463       -8.4184284193842860     
  -4.3815123385808175       -16.572243362199163       -8.8733365036385070     
  -2.9619924917259515       -12.452147242873586       -7.9826287571075527     
  -5.5804385028103685        7.6522884688038086       -24.369696290706592     
  -2.7437023786104611        7.5255677763986268       -21.927521729183940     
 -0.66438643249549179        7.5527687560622017       -18.024350748974374     
  -7.1393213462362990        8.9348975761141602       -22.856897619232182     
  -1.3585531450612678        7.0684817210561173       -14.571341824247085     
  -4.9216354643946296        8.3314070036078753       -21.804577805380166     
  -2.5707975046909497        9.0066642557337708       -17.687033059460582     
  -1.6778110939143163        8.4169383494715504       -18.139568263612961     
  -6.8102898283566596E-002   7.2167610490629448       -15.522630379935206     
 -0.51862598827219919        5.8042119904966434       -13.241050145043584     
  -11.059626448836589        10.445634824050662       -24.366625113134472     
  -3.3414967725640761        8.9895027290808400       -13.640989723218436     
  -6.9953658308534319        8.8366276630722300       -21.047425624521050     
  -5.0780563968596875        10.106759014365274       -16.686725062356842     
  -4.0962362649754747        9.7359267021074256       -17.661367291462636     
  -15.356984088271590        13.621631483595660       -25.594590583614611     
  -6.6029757880960505        10.785867966521925       -14.643398792318260     
  -10.207553596961468        9.4294240519874375       -21.401610059044931     
  -7.7557029306592140        10.548811126116613       -16.551992763545641     
  -7.1405256787679923        10.700405687330640       -17.650820304460844     
  -3.2946007770388070        4.2974431537958724       -6.4366157160508033     
  -4.5385962313174364        11.353685844218347       -14.189746898052427     
  -4.0247799773989392        10.369360295122522       -10.949850009122894     
  -2.8529520397784949        9.2884542528682275       -11.150220652004361     
  -2.5802869692743018        1.3121355014488347       -6.8887292354174940     
  -1.3282103575153092       0.89410671422927923       -7.1671968507599413     
  -1.5669069778733531      -0.96536048409918063       -4.7703248044912314     
  -3.1595911423595919      -0.14667533249677783       -4.1402920775988576     
  -1.3893405564935530        3.2870800857647957       -6.1503597341719898     
 -0.52267488034074239        1.0001609404164715       -3.4063898152408552     
  -1.5536622634232284       0.10812227382133235       -4.2717307996173748     
  -4.3108975587512353       -3.0914454288598061       -5.1659917536096955     
  -5.6683271935004607       -4.1360226484425766       -4.4771627157223346     
  -1.7330729219868251        9.6938349280084406       -15.161936551792630     
  -1.6933007123038226        8.2418293214226193       -11.718854086246189     
  -1.0166884169580035        6.8757262753914787       -12.220001728742465     
  -4.4514672850018790        4.1020948303360871       -23.034846637962570     
  -3.4179718681704219        4.5173050847953817       -20.278854816004586     
  -4.6986275809203830        4.9105289359709197       -20.408333105332062     
  0.79427834170973655        7.3777821486624457       -13.984921689113987     
  -7.0392689390414223        6.7078315239792214       -24.284235853078840     
  -6.9438729787372209        2.1178717632709367       -20.363670145923813     
  -8.6555588141525472        3.4078432207417824       -21.667651068452535     
  -8.1387989969668997        2.8954714585722101       -22.559389631537250     
  -5.8278494617474097        5.1906315527242901       -19.890693725336547     
  -6.5757324750406188        5.8360845309289004       -19.853357156794473     
   6.6747443542795235        14.408893160953346       -7.3413178894227142     
  0.26070065112087232        12.016030037299554       -12.960187824605631     
   4.6808685870915125        11.333025617745422       -12.079950021846036     
   7.0316458145869758        15.983137464828401       -9.0753368994609609     
  0.16398633626040560        9.5604899207552165       -14.690030299472941     
   15.356997364014235        28.984529779933109      -0.73726254675588010     
   9.7530141322960535        20.811319501245652       -1.2048987261771351     
   11.871904296455160        21.181388176095197      -0.11201249685109413     
   12.167943969810198        21.457043258697794        1.7164548594342410     
   11.883681573541995        20.921396408338332       -2.4142845181858199     
  -2.1535909634250310E-004   14.373415626635769       -8.8833298064321298     
   13.480068041734411        25.007376821096752       -4.8432181767641191     
   9.8650446850449462        20.722295913402458      -0.62541844749126996     
   3.0111092814944063        15.204115862320274       -9.7676471868073538     
  -10.063511630985158        7.8884385081221016       -23.887414641927684     
  -7.4518677823042285        6.2767986720289546       -19.033933036063381     
  -9.1717707961781052        6.7054277914518368       -20.058329298132815     
  -9.7534481271704276        10.384809210274804       -18.075645268473302     
  -10.917866485847020        3.8851650359842953       -22.687745163739613     
  -9.8657687950962973        9.8264298649583015       -18.255361038001475     
  -11.530332959662195        5.5435130238114638       -21.487841223447763     
  -10.276253428317929        6.7992383382850408       -19.498014435721018     
  -12.168248108388653        8.0606827532715233       -19.959526652429936     
  -8.7188993814749924        4.9295810647402023       -20.882869329734071     
  -4.6675054145523136        7.7208869223474004       -16.410932558612718     
  -9.0837977110586348        5.3525930429308763       -21.713648293536412     
 -0.27914390237937442        4.0369055208684452       -23.719126862632795     
  -2.0639197279093144        5.4727014467419330       -22.630159799201031     
  -3.4422497943664587        3.1902146057814273       -21.584338298780359     
   2.8553678080481690       0.34873298500565247       -18.504503565322771     
  0.83590908486855386        2.9734924805375682       -15.178690611754057     
 -0.45155497854549376        1.8535250841407835       -24.043713092849128     
  0.31210893250559402       0.22951101220454015       -17.479883837689695     
  -2.7111798809037055        1.2816177689043904       -20.539549282144211     
  -5.7853320877529946        1.6219391073653422       -21.361395899905474     
  -1.1396897700813255        3.7267653662392304       -14.394149541714423     
   5.1922428178173350       -1.0470189924644004       -12.270544272158036     
   4.0926207133860597        2.5500976172097132       -9.8379551413270168     
   4.2695272499913797      -0.97067064142794213       -16.865334895207599     
   3.9104267494338560        5.4064207659961791E-003  -11.034868156650306     
   2.8248221268923372      -0.30912282314583972       -14.739073992044757     
   5.2728401071829856       -1.3447435786114958       -6.8431364615410262     
   5.3552051100151568        1.8642527768648107       -6.5015336244240576     
   6.1944624115999307       -1.2567748288366405       -9.9719523273617181     
   5.3171336596039032      -0.19027886161454197       -6.8497367780124581     
   4.8036431091494771        4.7991655045450179E-002  -8.4527272953611678     
   6.7326654948089955        7.5423483789841628       -6.3297361660501128     
   4.3942524587093690        2.1944868891767824       -7.1271993741679127     
   5.5876439575886234        4.2883979039882361       -5.9825243226378140     
   5.1578154097568758        4.7100339377550915       -6.8332602679289662     
   5.2033341954094778        8.2633563725586150       -9.1168751003853732     
   3.8402679584232806        8.1559807210592243       -10.596039891555842     
   7.9930709161398106        13.300607908693548       -7.8356128694374263     
   9.5817348800214965        17.984350259995903       -5.2983768815147254     
   7.6766637528824395        10.863925001084779       -5.9234145021841762     
   9.3461998184779009        15.645295082036197       -6.3032127953223762     
   10.920924977934822        16.956369302487058       -4.4399113548307065     
   10.500960735342167        18.334767463186424       -2.6498088804090929     
   10.737439167030669        22.575662839176324       -2.1751405799117047     
   2.0068996200823381        2.0941379988362345       -11.410847355153988     
   3.5878466305871313        4.8510381434506318       -7.7717438644404551     
   1.5758358125532532        4.3794281661537910       -9.5373829324154507     
  0.67286487206692802        5.0087901586656312       -19.755672651412834     
   2.3684815826997494        3.0888692278689765E-002  -18.201717168617026     
   2.2860450815478264       -9.7903427839363288E-002  -15.115387068853380     
   2.5722707398097278        2.8783542901305887       -18.604730032595413     
   1.2798798020664948        3.7234164639105458       -21.545963250725720     
   2.0802434686134341        1.6905487229965823       -20.577505316231335     
   1.2492650797965879       -6.9805150928111663       -8.2587017342942399     
 -0.71727065619878783       -12.334496096153018       -5.2317654382068373     
  0.66111004384390559       -6.0604007527761263       -8.9919716595853227     
  0.28764719538936234       -14.831319191420626       -2.7841816063824822     
  -7.5546103889431893E-002  -19.309800453224966       -2.0500390853118562     
  -1.1945527401943432       -16.439855842217732       -3.0268697077311044     
   2.2729884432129452       -7.3636718320813914       -5.2320918942911323     
  -3.2565097581179432E-002  -12.200569077324742       -4.1046668834485533     
  0.56335615157521157       -12.027686449553640       -2.7704185318675845     
   1.7982256931604699       -7.1919138169688708       -6.6876718015961272     
   4.4025849479879220       -2.8378087564026018       -13.814479091599816     
   4.5032293329566171      -0.57731568337198191       -18.316194962079383     
   5.4774955192995405       -1.5047220467245221       -15.552232613435072     
   4.1494372293495578       -3.9399638390332057       -6.8727442720182452     
   4.3864336237240904       -4.3022587783983708       -10.921671504432469     
   2.9637715390875332       -4.3826544091232025       -6.4079506445247469     
   5.6008960824798866       -3.2177678925593951       -12.442937163189347     
   6.3825442182611027       -2.0049232487910795       -11.990142187698842     
   6.2391002012846188       -2.2860401994659396       -8.6013667006921715     
   2.9618300877055508       -1.5708160068186225       -14.707817639728811     
   3.6558849515406608       -2.9156722093783611       -12.992617653165325     
   4.3813014755186215      -0.52496479264567286       -18.791282496174112     
   4.4508831890165359       -22.437187802747083       -6.6322079902088706     
   3.4418058917483547       -20.732050961907724       -6.7991311904628855     
   3.4174821063088117       -20.157836744691444       -5.0283253538934503     
 -0.83631836541179871       -14.905728449494365       -4.1282846707518113     
 -0.31247130779874188       -15.736894629389669       -7.6117728170372354     
   2.7108188528236306       -18.944042149384700       -8.0390228836514215     
 -0.79479668576806317       -15.807591176929019       0.34486158058096800     
   5.7848344814442489       -19.831269385038613       -8.1020694168234542     
   1.1391702443073357       -14.540781262195122       -3.1035782905105047     
   6.9432530603258602       -19.160592115098535       -7.2123185129780722     
  -4.0929310413590185       -9.9396421652263687       -2.1187124779519095     
  -3.9107553376375033       -9.8720608163557149       -4.9299769187559761     
  -2.8251667500027011       -13.044465697886315       -6.8677944828045501     
  -5.3555364916424999       -6.6487993943400348       -1.2400556067253679     
  -5.3174098856060583       -6.0414110260616622       -3.2334444225633252     
  -4.8039255368432361       -7.5816507775815047       -3.7371739099904144     
  -6.7330565580899959       -9.0344665223039211        3.9154837457402114     
  -4.3946118607799356       -7.3560831936133013       -1.2244752343135585     
  -5.5880622975712377       -7.2687545807306382        1.1603076977916678     
  -5.1582434180495760       -8.2181981558841350        1.1569670950231872     
  -5.2036945711464639       -11.849679975323241        3.3139840992313037     
  -6.6753035646183925       -13.009803949539862        9.6048632667894225     
  -3.8406588034125355       -13.124511541333234        2.5564619437341660     
  -7.9934291450360044       -12.956309845141787        8.3923465947928424     
  -4.6814011862091265       -15.872641503340054        4.7344998606822140     
  -9.5822101610794714       -12.781830558659268        13.716524007244784     
  -7.6770680316854643       -10.156406786765992        7.0681488808456008     
  -9.3466643365036415       -12.634515878903136        11.174867184728596     
  -10.921373052278904       -11.554122821213292        13.181021627437481     
  -15.357152529823402       -13.621265947281936        25.594739996847185     
  -10.501477264401856       -10.569424074575663        15.214372175179252     
  -10.737926124780305       -12.041447763671300        19.219711632951704     
  -11.872426518360379       -9.5726026669563122        18.895411295849261     
  -2.0072639442158202       -11.142487805672884       -3.2298398928461727     
  -3.5882053093889095       -9.1205653414487688       0.86336855090385156     
  -1.5762011871860186       -10.488749081961375      -0.34792519038167452     
  -4.1782909667788681       -2.3504875939541616       -1.5125238462783077     
  -4.4344396490640454       -2.2291300618001850       -2.9912774039048120     
  -5.4677683864502145       -4.1261214995694191       -3.0618197822891862     
  -3.2872658785079527        1.9130271240904362       -2.8576692763938860     
  -1.9492358855911616        2.4730097021600370       -3.8147696743327280     
  -2.1206953155596788       0.23316711846102342       -2.7954454973361922     
  -3.5926863987260909        6.7938221393684824E-005   4.5432414138296073E-005
  -3.3917472194442224      -0.54213329705886137       -1.8629248670440623     
  -3.1681082330380415       0.65896805165123618       -1.2466400199764773     
  -3.5720654813015424       -1.1508901114625845      -0.65694489026285008     
  -5.8802570429610181        8.1266038506425300       -7.3122055696364399     
  -6.0169027889922333        11.693842221662534       -11.998308406284153     
  -3.8697923154538842        7.1803139168206069       -7.1449036154573662     
  -9.5821476774904983        12.782025480014633       -13.716393381049407     
  -10.737785462752969        12.041645588983446       -19.219546179039213     
  -7.6388827373571324        11.566488830942966       -14.368440303626333     
  -6.7330491877179162        9.0346574659067667       -3.9153963061359693     
  -7.5188166390459195        11.574287574881096       -11.363598412086079     
  -9.3465846828911445        12.634604313416027       -11.174729866038602     
  -7.2157693963690983        9.7926394663453884       -7.3286479997824552     
  -4.7845220124300463        4.4785474035543507       -1.5487567445626560     
  -4.1783081016239061        2.3506162706059692        1.5126214397043369     
  -3.6470754077365140        2.0547571905065674      -0.57007818667976551     
  -4.3630407677550798        3.1520688985690546       0.29063899076159294     
  -3.5720816525796977        1.1510205487198877       0.65704052152058312     
  -5.3555375462237658        6.6489479795396234        1.2401893546433007     
  -6.1894378153275884        7.2590090632981568       -3.0316592180231856     
  -5.5880903695173494        7.2689427383306642       -1.1602264023710638     
  -5.2977237801178791        5.4889115714343450      -0.49853906486083210     
  -5.2730903122800346        5.5193334970658734        4.2631881235369544     
  -5.0227470647195265        4.5108301104818720        1.5370844425459773     
  -5.3174299419689701        6.0415441501503357        3.2335675964976374     
  -5.4677917993716436        4.1262554023448486        3.0619226264265085     
  -3.8147166530032135        4.7845579630190498       -4.3422560733486959     
  -5.6916320878767044        6.7015194243783895       -4.2711046949804441     
  -3.7159526870269572        3.2725481191547781       -2.3610504237948993     
  -6.6750897309359916        13.010132725052307       -9.6046108008075635     
  -11.884039954674117        11.515808709941018       -17.633092488742239     
  -11.872260303107018        9.5728494361741010       -18.895237416435588     
 -0.26109991701423080        16.965488501262030       -4.9515647261686615     
  -3.0115379919332019        15.535443078110530       -9.2306950675895916     
  -13.480535318319307        15.515341702221969       -20.201530862694103     
 -0.79469394231512114        15.807894347486453      -0.34476154966784361     
  -7.0320529178403168        15.265194979749367       -10.237219630037869     
 -0.16448325215030596        17.414799313364863       -1.9816994136091723     
  -4.6812995108200077        15.873024575571797       -4.7343428855523255     
   10.062945347669091        24.892900012725093        3.6269996262450177     
   11.529670243657892        21.697940762131037        4.6510655495069928     
   10.916755245183966        22.029136477246549        6.6707917080598884     
   11.059275171128537        26.465361435300515        1.5541029251729126     
   10.207312935900246        23.359031311087421        1.1370513837345970     
   10.275849576595590        20.480016583799131        2.6382414430842869     
   7.1390804407752668        24.439719084943675        2.2301815179186120     
   9.1712996888857052        20.939170918605072        2.9727016666258135     
   6.9950016246657700        22.777199013627175        1.5088967420468338     
   7.4514155206635957        19.831313916575780        2.8979639539099451     
   7.0387429319103498        24.719887365905766        4.8604194681334159     
   4.4510297301604673        22.437535827591471        6.6324022264154143     
   8.6550476198161643        20.904004107705511        6.6419334656107827     
   8.1382576624797736        21.472466758858630        7.4989561223595711     
   6.9434450388552449        19.160878151022377        7.2125564247476399     
   5.5801446998660778        25.219018575106748        4.0540277723046705     
   6.5753260051238023        20.367186153877949        3.6586000659549671     
   4.9213633504759429        23.228442988091210        2.2992913643237705     
   5.8274395437481497        20.111945215074822        4.2526264305051260     
   2.9402938179296196        26.279150430030359        5.1483316980632905     
   4.6982691747528609        20.449752609083479        4.7346938781919405     
   2.7433799169952864        22.977766202219744        3.0750433067731753     
   3.4176501821702767        20.158061050459359        5.0285059940357035     
   4.6665088358486857        18.130613175981527       0.43299902071453766     
   9.0832745301103053        21.814671775583715        4.9229950189214691     
   8.7183439690277869        20.882468453241497        4.9298535034899791     
   6.6026808804454458        17.920939309561305       -3.0984396627121868     
   7.6385061596492898        18.024032658502318       -3.9196032251786601     
   7.7553789183871720        19.521989737398741       -2.0328934007831427     
   5.8799008241821591        10.174366711739841       -3.9984172628829220     
   7.2154199496324978        10.934257344864257       -5.4812258034355716     
   7.5184436582460821        15.339935500680518       -5.2703476109404530     
   3.2943446762503945        7.6788329106785680      -0.96511451688912098     
   6.0165471969323638        15.961050200610712       -5.0933940267276725     
   3.8694889547194040        9.6015126089796290       -3.2268293433067528     
   4.0245394362558962        14.430968137997233       -4.3776864258072061     
   4.7841989198461983        3.3881395439422595       -3.3130162585250735     
   5.2973406741612585        2.9005835417386217       -4.6863284500413567     
   6.1890715567261401        5.9578521340648294       -5.1367245436216216     
   4.1779980015640268      -0.30161767870606276       -2.7787851903211935     
   5.4674928910991465      -0.89328739011041591       -5.0598651093043596     
   5.0224055371701590       0.64255253459458528       -4.7218689583065956     
   3.5923796168703923        6.9026704225289329E-005   5.8598390857537278E-005
   4.3627099622888013        1.1497442320701865       -2.9491492313681742     
   3.5717607412068264       -7.2855030138536753E-002  -1.3231925696076365     
   3.6467666977727156        1.4288504710238408       -1.5827569864651811     
   3.2869929876601236        3.4115406714955565      -0.43295037923444446     
   3.1593913507885718        3.6375766939644221        1.9829705428838234     
   1.9489810622829036        4.5179582266017118      -0.50579508367079762     
   2.1204783871646899        2.6046238801773360        1.0417464634898130     
  0.52245380105228756        3.4940126927475141       0.62892060469556244     
   4.1779915852485274       0.30174931276726197        2.7789099569602951     
   3.1678256767674617        1.4097933255706181       -3.1752532178751423E-002
   3.5717579516013154        7.2989343924478728E-002   1.3233114972384066     
   3.3914866026219355        1.4238753596176064        1.3181605095288176     
   5.2728340377760041        1.3448760531812818        6.8432878258936416     
   4.4342051945451537        1.6786337417783543        3.3317062887458953     
   5.4674760009391301       0.89341578831706558        5.0599853258440453     
   5.6681089269584284        2.1548581462563869        5.7018563438312455     
   5.6913063932490289        6.8171426642010573       -4.0837898105232968     
   3.7156540058426599        3.5753238774873610       -1.8710317742158864     
   3.8143858589325692        6.0234516428201461       -2.3373661634839569     
   3.1593427234214086       -3.6374451687244713       -1.9828281589900569     
   4.3107082906683658       -3.2379408427406036       -5.0754855091137658     
   5.6681100168832952       -2.1547200155957960       -5.7017280856002905     
   2.5799739935094075       -6.7480449838903134       -1.9070761939006675     
   1.3279558785117880       -6.8101643719084066       -2.4055843794714762     
   1.5666963914502994       -3.8348403863742457       -2.9968870115867117     
   3.2942260176891200       -7.6786754551621579       0.96528278293263781     
   1.5533844338358338       -3.8689189060291866       -1.8136837043950993     
   1.3890009584198897       -6.9707522594913938       0.18956368413786642     
  0.52236732350977944       -3.4938481689005738      -0.62879173512571251     
   1.3581427887577120       -16.193671678428789      -0.19412434694819050     
   6.7764173187496238E-002  -17.110778443043557      -0.48698185840590313     
  0.51835658286229247       -14.438428471437211      -0.73010153162739844     
   5.5799162472586312       -25.218773956373614       -4.0538031027351025     
   2.7431965311747115       -22.977593956795751       -3.0748753365664392     
  0.66392379128160617       -19.498805002289036       -1.3051202051400890     
   7.1385376396505080       -24.439064255373864       -2.2297536760248731     
   1.6772848996723044       -19.988270242742214      -0.58367861177816216     
   4.9210428717089778       -23.228059619508560       -2.2991390360867379     
   2.5702436994614333       -19.847241971566174       0.14619977237297840     
   3.3409852732988843       -16.220481482240960        1.9402482628857911     
   6.6024007269473177       -17.920630386973563        3.0986691185561859     
   2.8525771221828262       -14.126406648140165        3.3214214662920214     
   4.5380885847739529       -17.768614564047599        3.8094829556828063     
   4.0243415931352242       -14.430705201884392        4.3778672305091133     
   11.058534166405202       -26.464508695262985       -1.5535251305018001     
   4.0955769030100466       -20.150280409553197       0.81002812493767240     
   6.9946147354421306       -22.776752337046172       -1.5084979445509370     
   5.0774400704857339       -19.444383069296897        1.5776187043454823     
   15.356432503008691       -28.983984304498307       0.73773278972244405     
   7.1398406078113670       -20.572131496540720        1.6774403065050243     
   10.206845306835744       -23.358507514667078       -1.1366848937064498     
   7.7550156219054971       -19.521586159386587        2.0331440696745151     
   1.0163591075580414       -14.004406676900427       0.68490753006512650     
   1.7325938662997900       -17.895967509978934        1.8899269457326240     
   1.6929600058618155       -14.166989201192584        2.1309268226387164     
   4.6980649858102215       -20.449458289725584       -4.7344838574261736     
   7.0383974530820943       -24.719338233562503       -4.8601128097446269     
   8.6548139464040208       -20.903675411377744       -6.6416750130055098     
   8.1380204677854309       -21.472136076557462       -7.4986878256855434     
   5.8271840108754382       -20.111636054500547       -4.2523964356389570     
   6.5749564258612327       -20.366769731635099       -3.6582823727912457     
 -0.26142032856141700       -16.965090139914455        4.9518425224881195     
  -7.0322799902854696       -15.264835824010671        10.237501811540387     
 -0.16445714565748984       -17.414429340507937        1.9817072411195884     
  -9.7539541369502523       -10.384494833716413        18.076122437293925     
  -12.168593280473191       -8.0604405915242818        19.959923336188972     
  -11.884279182399723       -11.515446071333569        17.633427067221895     
  -7.2991560149144317E-004  -14.372966581586159        8.8837902825594277     
  -13.480988902856877       -15.515042067199726        20.201928773048461     
  -9.8665816780672024       -9.8261117817818651        18.256017052005472     
  -3.0126369042909933       -15.534665608354089        9.2317251510828076     
   10.062106398937313       -24.891900331951181       -3.6262752616526592     
   7.4509492084467652       -19.830803711673447       -2.8975623314798691     
   9.1706989682107221       -20.938510512929813       -2.9721838720344245     
   9.7521207840925541       -20.810317105755441        1.2055549264648533     
   10.915021411421396       -22.027139548760616       -6.6690947968336651     
   9.8634459309868685       -20.720761981272609       0.62651756773400313     
   11.528535476793737       -21.696754463594452       -4.6501346669694206     
   10.275193280056989       -20.479280660403614       -2.6377090640721219     
   12.167291938776868       -21.456319151444674       -1.7159734463920904     
   8.7179298287092859       -20.881994631963511       -4.9294520273254570     
   4.6656594526697264       -18.129780595889429      -0.43231891426641494     
   9.0826892314075991       -21.814042596182418       -4.9224835913226288     
  -5.0227246511948440       -4.5106920837553037       -1.5369642180465755     
  -4.7845068901577639       -4.4783866792885965        1.5488346783305746     
  -3.6470649122591405       -2.0546141172750820       0.57016593414026973     
  -4.3630226886225278       -3.1519353418492786      -0.29054748854742618     
  -5.2977085108399349       -5.4887574327611386       0.49863829025553486     
  -6.1894288478280206       -7.2588272066859449        3.0317211205093830     
  -3.2872862587049636       -1.9129095288235218        2.8577780450568953     
  -3.3917670389812442       0.54225692095210176        1.8630261839334983     
  -3.1681204351626957      -0.65883468322062988        1.2467375559478104     
  -3.1596127770625131       0.14679550499496835        4.1404051832749245     
  -5.6683495227573992        4.1361532489333737        4.4772709674501057     
  -4.4344687287941928        2.2292638846881774        2.9913826917131257     
  -3.2946702789142051       -4.2972956952882377        6.4367494995494745     
  -2.1207269242137166      -0.23303371054414937        2.7955514716228715     
 -0.52272297695947212       -1.0000287074205787        3.4065122032092630     
  -1.9492666326367893       -2.4728540303057214        3.8148744673397856     
  -5.8802843937681457       -8.1264032354054603        7.3123132375280218     
  -7.2158103038850996       -9.7925000461644469        7.3287741028663271     
  -7.5188726706935620       -11.574130062005031        11.363735705253614     
  -6.6031543349559554       -10.785711597804751        14.643606640455852     
  -3.8698493661208344       -7.1801324974858831        7.1450403187031997     
  -4.0249039401720692       -10.369199168679295        10.950024211484592     
  -6.0169663646665743       -11.693652675016356        11.998495374190680     
  -7.6390045437426428       -11.566320674058527        14.368639146622940     
  -7.7558887044449456       -10.548633777377480        16.552216091698572     
  -3.7159592811084079       -3.2723873171534734        2.3611320742712110     
  -3.8147349593307283       -4.7843842057874646        4.3423552734819637     
  -5.6916409107405865       -6.7013313352218091        4.2711795198867080     
  -10.501345639082912        10.569623503976880       -15.214200858092088     
  -5.2036374935498326        11.849894739320613       -3.3138407272028223     
  -3.8406470847911640        13.124796281240304       -2.5564090072538646     
  -7.9933032212193806        12.956604243400438       -8.3921321782957961     
  -10.921327520042995        11.554301737687362       -13.180892658162517     
  -7.6770613981255957        10.156585123161747       -7.0680502247716683     
 -0.83623620045206526        14.905923248226168        4.1284145853322851     
   5.7850051507647402        19.831558365792233        8.1022554453324123     
   1.1392813937190152        14.540993890593398        3.1037081262924269     
  0.27888097036231485        23.020100002716273        6.9967326209536154     
   2.0635651325824118        22.688235414106956        5.2255053813349139     
   3.4419372790825520        20.732250044734510        6.7992678091946130     
  -2.8556845967628459        16.706659141365336        7.9635565722024868     
   2.7109330718217670        18.944249570101924        8.0391745276306654     
  0.45118644247418743        22.334230644837579        9.0948640013487871     
 -0.31240956122427926        15.737074300844531        7.6119359767809227     
  -4.0929041841265601        9.9398270587176345        2.1188598275842558     
  -5.1582430080755577        8.2183874103671073       -1.1568333670038493     
  -4.3946173839822888        7.3562532079503828        1.2245992820487961     
  -5.1925143635699982        10.506748018435859        6.4240609273026799     
  -2.8251210327381222        13.044722864197038        6.8680144711296576     
  -4.2698459301705833        14.650501967437073        8.4106200919387923     
  -3.9107315328963392        9.8722237659950860        4.9301156516794782     
  -4.8039333873397494        7.5817878655310693        3.7373011128605036     
  -6.1946954470476392        8.3570915057137167        5.5837342715504983     
  -1.5761392420243365        10.488926867643691       0.34804670701735690     
  -2.0072065562365640        11.142682212518094        3.2300160862213834     
  -3.5881644244839874        9.1207497256497607      -0.86321863624408579     
   7.1402329215751363        20.572650362686701       -1.6771188276790605     
   3.3412315799506924        16.220765373007133       -1.9400114603486629     
   2.8527464173959967        14.126611564458662       -3.3212136607553395     
   4.5383404487772756        17.768935841130375       -3.8092445579486651     
   5.0777684549799016        19.444761053566406       -1.5773379443135707     
   4.0959076202826745        20.150660306355448      -0.80973571135719602     
   2.5800634646563556        6.7481672186740713        1.9072472865086436     
   1.5534455159688649        3.8690569746924561        1.8138217552617590     
   1.3891110553239121        6.9708955326555122      -0.18940141251833414     
   4.1494902914455389        3.9400896777544756        6.8728920864617935     
   6.2391250198169601        2.2861789970627204        8.6015303475369578     
   4.3107370822290090        3.2380733770113985        5.0756255768276777     
   2.2730727856320190        7.3637659611320148        5.2322633377630146     
   1.5667676739533138        3.8349748035795637        2.9970457627722862     
   2.9638534515605430        4.3827761450845175        6.4081255294052530     
   1.3280593002887358        6.8102753217699812        2.4057547290693546     
   1.3583220584437965        16.193797271120882       0.19433837725834288     
   2.5705052181806534        19.847513474046547      -0.14596415788834524     
   1.6775073375851848        19.988493147109001       0.58388188256260465     
  0.28776422146850988        14.831461031089738        2.7843547628051808     
  0.51852586152381641        14.438461896612791       0.73034231923267701     
  0.56348382829482013        12.027811664243929        2.7706051166745866     
   6.7935702568204151E-002   17.110863063330868       0.48719610376829492     
  0.66410055115988653        19.498991939204867        1.3053075469644959     
  -7.5377250016381278E-002   19.309991632110034        2.0502028793858762     
   1.6931416884045423        14.167178757188788       -2.1307455901384378     
   1.0165341412166176        14.004479849979168      -0.68471083734395000     
   1.7328308033840878        17.896133796435414       -1.8897143850509805     
   4.4341842455016680       -1.6784977394180671       -3.3315817061431368     
   3.2869420814520085       -3.4114041859466426       0.43308637039733272     
   1.9488886881694230       -4.5178001057854509       0.50593287792538288     
   2.1204028576746712       -2.6044737275012735       -1.0416112238576716     
   3.3914537312463096       -1.4237436794891929       -1.3180243728150307     
   3.1678013698255305       -1.4096618562243650        3.1885380468900416E-002
   5.8797536065040505       -10.174165136900850        3.9985761129806834     
   6.0163311987349291       -15.960810861616190        5.0935665029848973     
   3.8693558818851068       -9.6013279790016739        3.2269910033124805     
   9.5813964589027201       -17.983981403392796        5.2985146746567677     
   10.737009999943012       -22.575181671789021        2.1754023834079401     
   7.6381847409132959       -18.023686047486969        3.9197835910237404     
   6.7324999829197312       -7.5421029182564459        6.3298548469987637     
   7.5182422592902300       -15.339643383045948        5.2705170930639973     
   9.3459657672449659       -15.644934245780329        6.3033853486642162     
   7.2152851346551596       -10.933988657349857        5.4813781604932217     
   4.7841460337883435       -3.3879835599172510        3.3131402037454269     
   3.6467394806394062       -1.4287100295523225        1.5828771775685144     
   4.3626750799840410       -1.1496039821516997        2.9492643194173320     
   5.3551402518202105       -1.8640766194906504        6.5016530122758658     
   6.1889867342275373       -5.9576650727839704        5.1368443540118918     
   5.5875532991344201       -4.2882193230631227        5.9826457275649503     
   5.2972806215744406       -2.9004171959493106        4.6864446890090381     
   5.0223649969421311      -0.64239622153188936        4.7219842661962650     
   5.3170993774613056       0.19042756877940417        6.8498590405254332     
   3.8143078120472262       -6.0233065149423082        2.3375207575364771     
   5.6912341329858291       -6.8169800216553806        4.0839382153157384     
   3.7156090573018825       -3.5751855768546896        1.8711684863065181     
   6.6743523907005562       -14.408443059611731        7.3416513788418696     
   11.882962151549126       -20.920618578546240        2.4147433706880768     
   11.871413884302916       -21.180840688782681       0.11234818612052920     
  0.26026272760575758       -12.015689699544497        12.960572987741088     
   3.0096034189308223       -15.203080555261209        9.7687475308372598     
   13.478707059838449       -25.005906149628814        4.8438472845644842     
  0.79404238276430983       -7.3775663608941846        13.985155832136963     
   7.0310158096024757       -15.982530289847977        9.0758609150900451     
  0.16352767676084640       -9.5601401707161369        14.690462107061045     
   4.6805579361538179       -11.332684060214115        12.080218380908605     
  -10.064082397843716       -7.8883270337233391        23.887999694628476     
  -11.531162864789124       -5.5433234053060820        21.488597910636990     
  -10.919180120619750       -3.8853978343350595        22.688776717141558     
  -11.060315358959928       -10.445368208239728        24.367331253220069     
  -10.207790042123472       -9.4292001481965251        21.401849867964106     
  -10.276722624241186       -6.7990208522736966        19.498494013213083     
  -7.1401551926669029       -8.9348186838819093        22.858075160464598     
  -9.1722246131486287       -6.7051712275068542        20.058771808960039     
  -6.9956599558285237       -8.8363977972780567        21.047917691051357     
  -7.4523055399838452       -6.2765758345769154        19.034421867135666     
  -7.0396776577908531       -6.7076899085251798        24.284598150174094     
  -4.4516230709869040       -4.1019337240891156        23.035022355903990     
  -8.6559057234668959       -3.4076713666206149        21.668023331380407     
  -8.1390462770440326       -2.8953511558969494        22.559619411348358     
  -6.9440545220224381       -2.1177123240570661        20.363898728654874     
  -5.5806980459871713       -7.6521977064221627        24.370001009137592     
  -6.5761421014745975       -5.8359172907524499        19.853767463491373     
  -4.9219783632992629       -8.3313233464521961        21.804834694675723     
  -5.8281459158365445       -5.1905087334287447        19.890951397546964     
  -2.9406463775172216       -7.1475760160778794        25.807672837833490     
  -4.6988837010201694       -4.9104242782217238        20.408610929696444     
  -2.7439179730586618       -7.5254774707511940        21.927648446159562     
  -3.4181328392791994       -4.5171657633483742        20.279085571597307     
  -4.6691553441950067       -7.7203544317232033        16.412358271510847     
  -9.0844035752344805       -5.3523485652388185        21.714212727299632     
  -8.7194361650142742       -4.9293393424584009        20.883375079219558     
  -7.1408027305996384       -10.700221711313224        17.651120438619106     
  -3.3416363367948891       -8.9892885384530494        13.641144487543327     
  -2.8530899065200459       -9.2882493913202264        11.150354761112775     
  -4.5387852857524313       -11.353515774252161        14.189926657071313     
  -5.0782816077049997       -10.106579433069312        16.686966748102986     
  -4.0964952666585619       -9.7357086800724684        17.661695809271933     
  -2.5803442994174621       -1.3120018997166354        6.8888558505679383     
  -1.5536730241506198      -0.10800752026589280        4.2718320681605437     
  -1.3894016193968335       -3.2869285002214257        6.1504812949101426     
  -4.1496711085518223        4.3850680036626288        6.5977789442304662     
  -6.2393177049634811        6.6709067364903243        5.8914841716232411     
  -4.3108937852027243        3.0915495121270320        5.1660899824287441     
  -2.2733089064544054        1.3865573126780915        8.9264601354609727     
  -1.5669022442961171       0.96546232447515157        4.7704181072575089     
  -2.9639962938507045        3.7713468175953913        6.7859008304378863     
  -1.3282450591827912      -0.89400131673061678        7.1673344399485801     
  -1.3586885403103588       -7.0683512918921370        14.571561993710800     
  -2.5710546801741252       -9.0064806048860557        17.687292511676560     
  -1.6780515758576517       -8.4167703970347976        18.139785590893382     
 -0.28802732561170885       -4.1426993272123083        14.511358799767978     
 -0.51869844005871690       -5.8041436683341576        13.241262250937144     
 -0.56360193772994915       -2.9013064853377415        11.997660241732103     
  -6.8204842351002271E-002  -7.2166778902174018        15.522857654323003     
 -0.66459419235763717       -7.5526677612494941        18.024608458147519     
   7.4970824155438862E-002  -6.8019260688743426        18.188638087999863     
  -1.6934199998197599       -8.2416177089882687        11.718989784524068     
  -1.0167864925519332       -6.8756092656007501        12.220213020393800     
  -1.7332185161791691       -9.6936143942247845        15.162123466738805     
  -6.3827835836625253        9.8275369905725825        7.1555058357373715     
  -4.4027856220631909        11.086700827407370        8.7163416135563416     
  -4.5035090495333634        16.124073440195144        8.7077033546625486     
  -5.4777472351946441        13.237195613828300        8.3011016996071714     
  -5.6011791985413639        9.6901097608164726        8.4428831426373332     
  -4.3865549639096519        7.8442559261976346        8.7325033312003573     
  -2.3687290105827552        16.293619370488258        8.1125783217306857     
  -1.2801648318518122        20.936326282638110        6.3054132834266605     
  -2.0805138700872199        19.160960519430400        7.6905622699458132     
 -0.74726512896684716        15.747766606438187        5.4378473034529620     
 -0.14607391435740977        20.569659930642366        3.0116963894893529     
 -0.67314436329872662        19.909865037567592        4.3550535225856715     
  -9.9700456389993910E-005   6.0668716938329545        9.8168830853725240     
  -2.5725027236607945        17.927453142673905        5.7460192984063969     
  -1.4353962488412473        12.651753629263922        6.2948186214646729     
  -2.2861989189527541        13.475342741107657        6.8476676167605426     
  -1.2495581343019464        4.2649852444893472        9.9372449544788726     
  -1.7984353469681242        2.7650619935929970        9.4239215796486810     
   3.2336918138497699E-002  -1.7852649112370744        12.748929503984881     
  0.74703086300832733       -2.1790904966022686        16.517570966548277     
 -0.66131059406596659        5.3320448233626525        9.4422431518583032     
   1.4352837737850686       -2.8261647081631053E-002   14.131690468807943     
  0.71697059388324691      -0.83687701663223801        13.372453665139039     
   1.1941484961712836       -4.6449210355391681        16.058471756892004     
  0.14574022073567700       -6.5052576987040567        19.745302942604447     
  -4.3814801036826818        16.572249489421235        8.8733670198922532     
  -2.9619630822330545        12.452117795078431        7.9826887275837652     
  -3.6559939838110824        10.316617506836119        8.4184951548679123     
  -1.1944166880456573        16.439951529828509        3.0269972299964718     
   1.2493126034041353        6.9805833636398607        8.2588766673732916     
   1.7982859198893637        7.1920573722701269        6.6877973853318000     
  -3.2468844995821561E-002   12.200697077238011        4.1048312570221608     
 -0.71712723523122079        12.334388881599722        5.2319615968212858     
  0.66119454806097622        6.0603853359194648        8.9922076839887186     
   4.4025778254880361        2.8378755263965836        13.814659856513970     
   5.6009686588059875        3.2178764317753803        12.443162207568474     
   4.3864904233371540        4.3023514189468175        10.921865284312334     
   5.1922086781787371        1.0471646915130066        12.270712420078338     
   6.1944601629913745        1.2569165210771041        9.9721526722882334     
   6.3825828607623034        2.0050377341919363        11.990313165283878     
   2.8553425371025329      -0.34859352514200381        18.504648211643101     
   5.4774887399153052        1.5048074282606976        15.552422753675424     
   4.2695013302381328       0.97081360758003221        16.865541993946653     
   4.5031860811239000       0.57740402648490918        18.316330219142301     
   2.3684799570128869       -3.0830244806631966E-002   18.202042484997698     
   2.2861308247963859        9.7916211086480853E-002   15.115721590017253     
   2.5722933900296678       -2.8782529793993197        18.604973769727458     
 -0.27922212405053737       -4.0368229534496782        23.719317657026330     
   2.0801942310307755       -1.6904345324076364        20.577680958019037     
 -0.45162495318960333       -1.8533802030567241        24.043837865335391     
   1.2798489702848601       -3.7232792045011260        21.546179375569377     
  0.67281205195602345       -5.0086657477568162        19.755883260943396     
  -2.0639808537693836       -5.4725603191388732        22.630306438346793     
   3.6559005360810501        2.9157104738471613        12.992826733454155     
   4.3812459832014241       0.52497480927779561        18.791459289951693     
   2.9619209186405779        1.5707677183141042        14.708251346746072     
   4.8036133484659338       -4.7826813642383600E-002   8.4528733252593486     
   4.0925180009142075       -2.5499387156908928        9.8381205863147319     
   5.1576801554015512       -4.7098384075769388        6.8334000953985674     
   4.3941781966779887       -2.1943302196526786        7.1273392957619928     
   3.9103754983208261       -5.2558374881637145E-003   11.035031510056855     
   2.8247576919778852       0.30926578776222913        14.739237056446834     
   5.2031325719018504       -8.2631403502630487        9.1170258917674794     
   10.920648619492693       -16.956084276321786        4.4401128807492096     
   7.6764525848343554       -10.863644103881446        5.9235885376996755     
   10.500589390239028       -18.334332854341366        2.6500822804098609     
   7.9927228233929171       -13.300205299025297        7.8358576465701884     
   3.8400189686010751       -8.1557269199083997        10.596157513905522     
  0.83577662648882067       -2.9733409664631290        15.178838178958204     
  0.31202408266626985      -0.22937177155989671        17.480050784211599     
  -2.7113076584357318       -1.2814944619830750        20.539754903163551     
  -1.1398714363835627       -3.7265879787927414        14.394294981169935     
  -5.7854634929754614       -1.6217916095844851        21.361636717236390     
  -3.4423648258020640       -3.1900897275431244        21.584575607671120     
   3.5876951127327468       -4.8508414371786257        7.7718707808352692     
   1.5756645380146317       -4.3792546385418323        9.5374757898664555     
   2.0067907400265770       -2.0939840235641398        11.410980728979638     
           0
